<?xml version="1.0" encoding="UTF-8"?>
<coverage generated="1722096413884" clover="3.2.0">
  <project timestamp="1722096413884" name="All files">
    <metrics statements="543" coveredstatements="529" conditionals="149" coveredconditionals="143" methods="133" coveredmethods="131" elements="825" coveredelements="803" complexity="0" loc="543" ncloc="543" packages="22" files="58" classes="58"/>
    <package name="Applications.security">
      <metrics statements="8" coveredstatements="8" conditionals="0" coveredconditionals="0" methods="6" coveredmethods="6"/>
      <file name="AuthenticationTokenManager.js" path="C:\Users\ACER\OneDrive\Documents\Project2an\PROJECT_PRIBADI\MANAJEMEN ORGANISASI\orgcontrol-dev\src\Applications\security\AuthenticationTokenManager.js">
        <metrics statements="5" coveredstatements="5" conditionals="0" coveredconditionals="0" methods="4" coveredmethods="4"/>
        <line num="3" count="1" type="stmt"/>
        <line num="7" count="1" type="stmt"/>
        <line num="11" count="1" type="stmt"/>
        <line num="15" count="1" type="stmt"/>
        <line num="19" count="2" type="stmt"/>
      </file>
      <file name="PasswordHash.js" path="C:\Users\ACER\OneDrive\Documents\Project2an\PROJECT_PRIBADI\MANAJEMEN ORGANISASI\orgcontrol-dev\src\Applications\security\PasswordHash.js">
        <metrics statements="3" coveredstatements="3" conditionals="0" coveredconditionals="0" methods="2" coveredmethods="2"/>
        <line num="3" count="1" type="stmt"/>
        <line num="7" count="1" type="stmt"/>
        <line num="11" count="8" type="stmt"/>
      </file>
    </package>
    <package name="Applications.usecase">
      <metrics statements="68" coveredstatements="66" conditionals="4" coveredconditionals="2" methods="17" coveredmethods="17"/>
      <file name="AddCategoryUseCase.js" path="C:\Users\ACER\OneDrive\Documents\Project2an\PROJECT_PRIBADI\MANAJEMEN ORGANISASI\orgcontrol-dev\src\Applications\usecase\AddCategoryUseCase.js">
        <metrics statements="6" coveredstatements="6" conditionals="0" coveredconditionals="0" methods="2" coveredmethods="2"/>
        <line num="1" count="5" type="stmt"/>
        <line num="5" count="11" type="stmt"/>
        <line num="9" count="11" type="stmt"/>
        <line num="10" count="11" type="stmt"/>
        <line num="11" count="10" type="stmt"/>
        <line num="14" count="5" type="stmt"/>
      </file>
      <file name="AddRoleUseCase.js" path="C:\Users\ACER\OneDrive\Documents\Project2an\PROJECT_PRIBADI\MANAJEMEN ORGANISASI\orgcontrol-dev\src\Applications\usecase\AddRoleUseCase.js">
        <metrics statements="8" coveredstatements="8" conditionals="0" coveredconditionals="0" methods="2" coveredmethods="2"/>
        <line num="1" count="5" type="stmt"/>
        <line num="7" count="11" type="stmt"/>
        <line num="10" count="11" type="stmt"/>
        <line num="11" count="11" type="stmt"/>
        <line num="12" count="11" type="stmt"/>
        <line num="13" count="10" type="stmt"/>
        <line num="14" count="10" type="stmt"/>
        <line num="17" count="5" type="stmt"/>
      </file>
      <file name="AddUserUseCase.js" path="C:\Users\ACER\OneDrive\Documents\Project2an\PROJECT_PRIBADI\MANAJEMEN ORGANISASI\orgcontrol-dev\src\Applications\usecase\AddUserUseCase.js">
        <metrics statements="15" coveredstatements="15" conditionals="0" coveredconditionals="0" methods="2" coveredmethods="2"/>
        <line num="1" count="5" type="stmt"/>
        <line num="2" count="5" type="stmt"/>
        <line num="8" count="11" type="stmt"/>
        <line num="9" count="11" type="stmt"/>
        <line num="10" count="11" type="stmt"/>
        <line num="11" count="11" type="stmt"/>
        <line num="12" count="11" type="stmt"/>
        <line num="17" count="11" type="stmt"/>
        <line num="18" count="8" type="stmt"/>
        <line num="20" count="7" type="stmt"/>
        <line num="21" count="6" type="stmt"/>
        <line num="23" count="5" type="stmt"/>
        <line num="24" count="5" type="stmt"/>
        <line num="25" count="5" type="stmt"/>
        <line num="35" count="5" type="stmt"/>
      </file>
      <file name="GetCategoryUseCase.js" path="C:\Users\ACER\OneDrive\Documents\Project2an\PROJECT_PRIBADI\MANAJEMEN ORGANISASI\orgcontrol-dev\src\Applications\usecase\GetCategoryUseCase.js">
        <metrics statements="5" coveredstatements="5" conditionals="0" coveredconditionals="0" methods="3" coveredmethods="3"/>
        <line num="1" count="5" type="stmt"/>
        <line num="5" count="2" type="stmt"/>
        <line num="8" count="2" type="stmt"/>
        <line num="9" count="3" type="stmt"/>
        <line num="12" count="5" type="stmt"/>
      </file>
      <file name="GetRoleUseCase.js" path="C:\Users\ACER\OneDrive\Documents\Project2an\PROJECT_PRIBADI\MANAJEMEN ORGANISASI\orgcontrol-dev\src\Applications\usecase\GetRoleUseCase.js">
        <metrics statements="6" coveredstatements="6" conditionals="0" coveredconditionals="0" methods="3" coveredmethods="3"/>
        <line num="1" count="5" type="stmt"/>
        <line num="5" count="2" type="stmt"/>
        <line num="8" count="2" type="stmt"/>
        <line num="9" count="2" type="stmt"/>
        <line num="10" count="10" type="stmt"/>
        <line num="13" count="5" type="stmt"/>
      </file>
      <file name="LoginUserUseCase.js" path="C:\Users\ACER\OneDrive\Documents\Project2an\PROJECT_PRIBADI\MANAJEMEN ORGANISASI\orgcontrol-dev\src\Applications\usecase\LoginUserUseCase.js">
        <metrics statements="17" coveredstatements="17" conditionals="0" coveredconditionals="0" methods="2" coveredmethods="2"/>
        <line num="2" count="5" type="stmt"/>
        <line num="3" count="5" type="stmt"/>
        <line num="12" count="4" type="stmt"/>
        <line num="13" count="4" type="stmt"/>
        <line num="14" count="4" type="stmt"/>
        <line num="15" count="4" type="stmt"/>
        <line num="19" count="4" type="stmt"/>
        <line num="20" count="4" type="stmt"/>
        <line num="21" count="4" type="stmt"/>
        <line num="23" count="3" type="stmt"/>
        <line num="25" count="2" type="stmt"/>
        <line num="27" count="2" type="stmt"/>
        <line num="29" count="2" type="stmt"/>
        <line num="32" count="2" type="stmt"/>
        <line num="37" count="2" type="stmt"/>
        <line num="39" count="2" type="stmt"/>
        <line num="42" count="5" type="stmt"/>
      </file>
      <file name="LogoutUserUseCase.js" path="C:\Users\ACER\OneDrive\Documents\Project2an\PROJECT_PRIBADI\MANAJEMEN ORGANISASI\orgcontrol-dev\src\Applications\usecase\LogoutUserUseCase.js">
        <metrics statements="11" coveredstatements="9" conditionals="4" coveredconditionals="2" methods="3" coveredmethods="3"/>
        <line num="5" count="1" type="stmt"/>
        <line num="9" count="1" type="stmt"/>
        <line num="10" count="1" type="stmt"/>
        <line num="11" count="1" type="stmt"/>
        <line num="12" count="1" type="stmt"/>
        <line num="16" count="1" type="stmt"/>
        <line num="17" count="1" type="cond" truecount="1" falsecount="1"/>
        <line num="18" count="0" type="stmt"/>
        <line num="21" count="1" type="cond" truecount="1" falsecount="1"/>
        <line num="22" count="0" type="stmt"/>
        <line num="27" count="1" type="stmt"/>
      </file>
    </package>
    <package name="Commons">
      <metrics statements="27" coveredstatements="27" conditionals="5" coveredconditionals="5" methods="6" coveredmethods="6"/>
      <file name="AuthenticationError.js" path="C:\Users\ACER\OneDrive\Documents\Project2an\PROJECT_PRIBADI\MANAJEMEN ORGANISASI\orgcontrol-dev\src\Commons\AuthenticationError.js">
        <metrics statements="4" coveredstatements="4" conditionals="0" coveredconditionals="0" methods="1" coveredmethods="1"/>
        <line num="1" count="6" type="stmt"/>
        <line num="5" count="3" type="stmt"/>
        <line num="6" count="3" type="stmt"/>
        <line num="10" count="6" type="stmt"/>
      </file>
      <file name="AuthorizationError.js" path="C:\Users\ACER\OneDrive\Documents\Project2an\PROJECT_PRIBADI\MANAJEMEN ORGANISASI\orgcontrol-dev\src\Commons\AuthorizationError.js">
        <metrics statements="4" coveredstatements="4" conditionals="0" coveredconditionals="0" methods="1" coveredmethods="1"/>
        <line num="1" count="1" type="stmt"/>
        <line num="5" count="1" type="stmt"/>
        <line num="6" count="1" type="stmt"/>
        <line num="10" count="1" type="stmt"/>
      </file>
      <file name="ClientError.js" path="C:\Users\ACER\OneDrive\Documents\Project2an\PROJECT_PRIBADI\MANAJEMEN ORGANISASI\orgcontrol-dev\src\Commons\ClientError.js">
        <metrics statements="6" coveredstatements="6" conditionals="3" coveredconditionals="3" methods="1" coveredmethods="1"/>
        <line num="3" count="67" type="stmt"/>
        <line num="5" count="67" type="cond" truecount="2" falsecount="0"/>
        <line num="6" count="1" type="stmt"/>
        <line num="9" count="66" type="stmt"/>
        <line num="10" count="66" type="stmt"/>
        <line num="14" count="17" type="stmt"/>
      </file>
      <file name="DomainErrorTranslator.js" path="C:\Users\ACER\OneDrive\Documents\Project2an\PROJECT_PRIBADI\MANAJEMEN ORGANISASI\orgcontrol-dev\src\Commons\DomainErrorTranslator.js">
        <metrics statements="5" coveredstatements="5" conditionals="2" coveredconditionals="2" methods="1" coveredmethods="1"/>
        <line num="1" count="5" type="stmt"/>
        <line num="2" count="5" type="stmt"/>
        <line num="4" count="11" type="cond" truecount="2" falsecount="0"/>
        <line num="7" count="5" type="stmt"/>
        <line num="18" count="5" type="stmt"/>
      </file>
      <file name="InvariantError.js" path="C:\Users\ACER\OneDrive\Documents\Project2an\PROJECT_PRIBADI\MANAJEMEN ORGANISASI\orgcontrol-dev\src\Commons\InvariantError.js">
        <metrics statements="4" coveredstatements="4" conditionals="0" coveredconditionals="0" methods="1" coveredmethods="1"/>
        <line num="1" count="12" type="stmt"/>
        <line num="5" count="61" type="stmt"/>
        <line num="6" count="61" type="stmt"/>
        <line num="10" count="12" type="stmt"/>
      </file>
      <file name="NotFoundError.js" path="C:\Users\ACER\OneDrive\Documents\Project2an\PROJECT_PRIBADI\MANAJEMEN ORGANISASI\orgcontrol-dev\src\Commons\NotFoundError.js">
        <metrics statements="4" coveredstatements="4" conditionals="0" coveredconditionals="0" methods="1" coveredmethods="1"/>
        <line num="1" count="1" type="stmt"/>
        <line num="5" count="1" type="stmt"/>
        <line num="6" count="1" type="stmt"/>
        <line num="10" count="1" type="stmt"/>
      </file>
    </package>
    <package name="Domains.authentication">
      <metrics statements="4" coveredstatements="4" conditionals="0" coveredconditionals="0" methods="3" coveredmethods="3"/>
      <file name="AuthenticationRepository.js" path="C:\Users\ACER\OneDrive\Documents\Project2an\PROJECT_PRIBADI\MANAJEMEN ORGANISASI\orgcontrol-dev\src\Domains\authentication\AuthenticationRepository.js">
        <metrics statements="4" coveredstatements="4" conditionals="0" coveredconditionals="0" methods="3" coveredmethods="3"/>
        <line num="3" count="1" type="stmt"/>
        <line num="7" count="1" type="stmt"/>
        <line num="11" count="1" type="stmt"/>
        <line num="15" count="8" type="stmt"/>
      </file>
    </package>
    <package name="Domains.authentication.entities">
      <metrics statements="9" coveredstatements="9" conditionals="8" coveredconditionals="8" methods="2" coveredmethods="2"/>
      <file name="NewAuthentication.js" path="C:\Users\ACER\OneDrive\Documents\Project2an\PROJECT_PRIBADI\MANAJEMEN ORGANISASI\orgcontrol-dev\src\Domains\authentication\entities\NewAuthentication.js">
        <metrics statements="9" coveredstatements="9" conditionals="8" coveredconditionals="8" methods="2" coveredmethods="2"/>
        <line num="3" count="7" type="stmt"/>
        <line num="5" count="5" type="stmt"/>
        <line num="6" count="5" type="stmt"/>
        <line num="10" count="7" type="stmt"/>
        <line num="12" count="7" type="cond" truecount="4" falsecount="0"/>
        <line num="13" count="1" type="stmt"/>
        <line num="16" count="6" type="cond" truecount="4" falsecount="0"/>
        <line num="17" count="1" type="stmt"/>
        <line num="22" count="6" type="stmt"/>
      </file>
    </package>
    <package name="Domains.category">
      <metrics statements="5" coveredstatements="5" conditionals="0" coveredconditionals="0" methods="4" coveredmethods="4"/>
      <file name="CategoryRepository.js" path="C:\Users\ACER\OneDrive\Documents\Project2an\PROJECT_PRIBADI\MANAJEMEN ORGANISASI\orgcontrol-dev\src\Domains\category\CategoryRepository.js">
        <metrics statements="5" coveredstatements="5" conditionals="0" coveredconditionals="0" methods="4" coveredmethods="4"/>
        <line num="3" count="1" type="stmt"/>
        <line num="7" count="1" type="stmt"/>
        <line num="11" count="1" type="stmt"/>
        <line num="15" count="1" type="stmt"/>
        <line num="19" count="9" type="stmt"/>
      </file>
    </package>
    <package name="Domains.category.entities">
      <metrics statements="26" coveredstatements="26" conditionals="20" coveredconditionals="20" methods="6" coveredmethods="6"/>
      <file name="AddedCategory.js" path="C:\Users\ACER\OneDrive\Documents\Project2an\PROJECT_PRIBADI\MANAJEMEN ORGANISASI\orgcontrol-dev\src\Domains\category\entities\AddedCategory.js">
        <metrics statements="9" coveredstatements="9" conditionals="8" coveredconditionals="8" methods="2" coveredmethods="2"/>
        <line num="3" count="15" type="stmt"/>
        <line num="4" count="13" type="stmt"/>
        <line num="5" count="13" type="stmt"/>
        <line num="6" count="13" type="stmt"/>
        <line num="9" count="15" type="cond" truecount="4" falsecount="0"/>
        <line num="10" count="1" type="stmt"/>
        <line num="12" count="14" type="cond" truecount="4" falsecount="0"/>
        <line num="13" count="1" type="stmt"/>
        <line num="17" count="7" type="stmt"/>
      </file>
      <file name="GetCategory.js" path="C:\Users\ACER\OneDrive\Documents\Project2an\PROJECT_PRIBADI\MANAJEMEN ORGANISASI\orgcontrol-dev\src\Domains\category\entities\GetCategory.js">
        <metrics statements="9" coveredstatements="9" conditionals="8" coveredconditionals="8" methods="2" coveredmethods="2"/>
        <line num="3" count="11" type="stmt"/>
        <line num="4" count="9" type="stmt"/>
        <line num="5" count="9" type="stmt"/>
        <line num="6" count="9" type="stmt"/>
        <line num="9" count="11" type="cond" truecount="4" falsecount="0"/>
        <line num="10" count="1" type="stmt"/>
        <line num="12" count="10" type="cond" truecount="4" falsecount="0"/>
        <line num="13" count="1" type="stmt"/>
        <line num="17" count="7" type="stmt"/>
      </file>
      <file name="NewCategory.js" path="C:\Users\ACER\OneDrive\Documents\Project2an\PROJECT_PRIBADI\MANAJEMEN ORGANISASI\orgcontrol-dev\src\Domains\category\entities\NewCategory.js">
        <metrics statements="8" coveredstatements="8" conditionals="4" coveredconditionals="4" methods="2" coveredmethods="2"/>
        <line num="3" count="15" type="stmt"/>
        <line num="4" count="13" type="stmt"/>
        <line num="5" count="13" type="stmt"/>
        <line num="8" count="15" type="cond" truecount="2" falsecount="0"/>
        <line num="9" count="1" type="stmt"/>
        <line num="11" count="14" type="cond" truecount="2" falsecount="0"/>
        <line num="12" count="1" type="stmt"/>
        <line num="16" count="6" type="stmt"/>
      </file>
    </package>
    <package name="Domains.organization">
      <metrics statements="2" coveredstatements="2" conditionals="0" coveredconditionals="0" methods="1" coveredmethods="1"/>
      <file name="OrganizationRepository.js" path="C:\Users\ACER\OneDrive\Documents\Project2an\PROJECT_PRIBADI\MANAJEMEN ORGANISASI\orgcontrol-dev\src\Domains\organization\OrganizationRepository.js">
        <metrics statements="2" coveredstatements="2" conditionals="0" coveredconditionals="0" methods="1" coveredmethods="1"/>
        <line num="3" count="1" type="stmt"/>
        <line num="6" count="7" type="stmt"/>
      </file>
    </package>
    <package name="Domains.organization.entities">
      <metrics statements="19" coveredstatements="19" conditionals="18" coveredconditionals="18" methods="4" coveredmethods="4"/>
      <file name="AddOrganization.js" path="C:\Users\ACER\OneDrive\Documents\Project2an\PROJECT_PRIBADI\MANAJEMEN ORGANISASI\orgcontrol-dev\src\Domains\organization\entities\AddOrganization.js">
        <metrics statements="10" coveredstatements="10" conditionals="10" coveredconditionals="10" methods="2" coveredmethods="2"/>
        <line num="3" count="9" type="stmt"/>
        <line num="5" count="7" type="stmt"/>
        <line num="7" count="7" type="stmt"/>
        <line num="8" count="7" type="stmt"/>
        <line num="9" count="7" type="stmt"/>
        <line num="14" count="9" type="cond" truecount="5" falsecount="0"/>
        <line num="15" count="1" type="stmt"/>
        <line num="18" count="8" type="cond" truecount="5" falsecount="0"/>
        <line num="19" count="1" type="stmt"/>
        <line num="26" count="6" type="stmt"/>
      </file>
      <file name="AddedOrganization.js" path="C:\Users\ACER\OneDrive\Documents\Project2an\PROJECT_PRIBADI\MANAJEMEN ORGANISASI\orgcontrol-dev\src\Domains\organization\entities\AddedOrganization.js">
        <metrics statements="9" coveredstatements="9" conditionals="8" coveredconditionals="8" methods="2" coveredmethods="2"/>
        <line num="3" count="12" type="stmt"/>
        <line num="5" count="10" type="stmt"/>
        <line num="7" count="10" type="stmt"/>
        <line num="8" count="10" type="stmt"/>
        <line num="13" count="12" type="cond" truecount="4" falsecount="0"/>
        <line num="14" count="1" type="stmt"/>
        <line num="17" count="11" type="cond" truecount="4" falsecount="0"/>
        <line num="18" count="1" type="stmt"/>
        <line num="25" count="7" type="stmt"/>
      </file>
    </package>
    <package name="Domains.role">
      <metrics statements="5" coveredstatements="5" conditionals="0" coveredconditionals="0" methods="4" coveredmethods="4"/>
      <file name="RoleRepository.js" path="C:\Users\ACER\OneDrive\Documents\Project2an\PROJECT_PRIBADI\MANAJEMEN ORGANISASI\orgcontrol-dev\src\Domains\role\RoleRepository.js">
        <metrics statements="5" coveredstatements="5" conditionals="0" coveredconditionals="0" methods="4" coveredmethods="4"/>
        <line num="3" count="1" type="stmt"/>
        <line num="6" count="1" type="stmt"/>
        <line num="9" count="1" type="stmt"/>
        <line num="12" count="1" type="stmt"/>
        <line num="15" count="9" type="stmt"/>
      </file>
    </package>
    <package name="Domains.role.entities">
      <metrics statements="28" coveredstatements="28" conditionals="24" coveredconditionals="24" methods="6" coveredmethods="6"/>
      <file name="AddRole.js" path="C:\Users\ACER\OneDrive\Documents\Project2an\PROJECT_PRIBADI\MANAJEMEN ORGANISASI\orgcontrol-dev\src\Domains\role\entities\AddRole.js">
        <metrics statements="8" coveredstatements="8" conditionals="4" coveredconditionals="4" methods="2" coveredmethods="2"/>
        <line num="3" count="15" type="stmt"/>
        <line num="4" count="13" type="stmt"/>
        <line num="6" count="13" type="stmt"/>
        <line num="10" count="15" type="cond" truecount="2" falsecount="0"/>
        <line num="11" count="1" type="stmt"/>
        <line num="14" count="14" type="cond" truecount="2" falsecount="0"/>
        <line num="15" count="1" type="stmt"/>
        <line num="19" count="6" type="stmt"/>
      </file>
      <file name="AddedRole.js" path="C:\Users\ACER\OneDrive\Documents\Project2an\PROJECT_PRIBADI\MANAJEMEN ORGANISASI\orgcontrol-dev\src\Domains\role\entities\AddedRole.js">
        <metrics statements="9" coveredstatements="9" conditionals="8" coveredconditionals="8" methods="2" coveredmethods="2"/>
        <line num="3" count="15" type="stmt"/>
        <line num="4" count="13" type="stmt"/>
        <line num="5" count="13" type="stmt"/>
        <line num="6" count="13" type="stmt"/>
        <line num="9" count="15" type="cond" truecount="4" falsecount="0"/>
        <line num="10" count="1" type="stmt"/>
        <line num="12" count="14" type="cond" truecount="4" falsecount="0"/>
        <line num="13" count="1" type="stmt"/>
        <line num="17" count="7" type="stmt"/>
      </file>
      <file name="GetRole.js" path="C:\Users\ACER\OneDrive\Documents\Project2an\PROJECT_PRIBADI\MANAJEMEN ORGANISASI\orgcontrol-dev\src\Domains\role\entities\GetRole.js">
        <metrics statements="11" coveredstatements="11" conditionals="12" coveredconditionals="12" methods="2" coveredmethods="2"/>
        <line num="3" count="27" type="stmt"/>
        <line num="4" count="25" type="stmt"/>
        <line num="5" count="25" type="stmt"/>
        <line num="6" count="25" type="stmt"/>
        <line num="7" count="25" type="stmt"/>
        <line num="8" count="25" type="stmt"/>
        <line num="11" count="27" type="cond" truecount="6" falsecount="0"/>
        <line num="12" count="1" type="stmt"/>
        <line num="14" count="26" type="cond" truecount="6" falsecount="0"/>
        <line num="15" count="1" type="stmt"/>
        <line num="19" count="7" type="stmt"/>
      </file>
    </package>
    <package name="Domains.users">
      <metrics statements="5" coveredstatements="5" conditionals="0" coveredconditionals="0" methods="4" coveredmethods="4"/>
      <file name="UserRepository.js" path="C:\Users\ACER\OneDrive\Documents\Project2an\PROJECT_PRIBADI\MANAJEMEN ORGANISASI\orgcontrol-dev\src\Domains\users\UserRepository.js">
        <metrics statements="5" coveredstatements="5" conditionals="0" coveredconditionals="0" methods="4" coveredmethods="4"/>
        <line num="3" count="1" type="stmt"/>
        <line num="7" count="1" type="stmt"/>
        <line num="11" count="1" type="stmt"/>
        <line num="15" count="1" type="stmt"/>
        <line num="19" count="8" type="stmt"/>
      </file>
    </package>
    <package name="Domains.users.entities">
      <metrics statements="43" coveredstatements="43" conditionals="40" coveredconditionals="40" methods="8" coveredmethods="8"/>
      <file name="RegisterUser.js" path="C:\Users\ACER\OneDrive\Documents\Project2an\PROJECT_PRIBADI\MANAJEMEN ORGANISASI\orgcontrol-dev\src\Domains\users\entities\RegisterUser.js">
        <metrics statements="18" coveredstatements="18" conditionals="18" coveredconditionals="18" methods="3" coveredmethods="3"/>
        <line num="3" count="17" type="stmt"/>
        <line num="5" count="10" type="stmt"/>
        <line num="7" count="10" type="stmt"/>
        <line num="8" count="10" type="stmt"/>
        <line num="9" count="10" type="stmt"/>
        <line num="10" count="10" type="stmt"/>
        <line num="11" count="10" type="stmt"/>
        <line num="16" count="17" type="cond" truecount="7" falsecount="0"/>
        <line num="17" count="2" type="stmt"/>
        <line num="20" count="15" type="cond" truecount="7" falsecount="0"/>
        <line num="21" count="2" type="stmt"/>
        <line num="24" count="13" type="cond" truecount="2" falsecount="0"/>
        <line num="25" count="1" type="stmt"/>
        <line num="28" count="12" type="cond" truecount="2" falsecount="0"/>
        <line num="29" count="2" type="stmt"/>
        <line num="34" count="12" type="stmt"/>
        <line num="35" count="12" type="stmt"/>
        <line num="39" count="6" type="stmt"/>
      </file>
      <file name="RegisteredUser.js" path="C:\Users\ACER\OneDrive\Documents\Project2an\PROJECT_PRIBADI\MANAJEMEN ORGANISASI\orgcontrol-dev\src\Domains\users\entities\RegisteredUser.js">
        <metrics statements="10" coveredstatements="10" conditionals="10" coveredconditionals="10" methods="2" coveredmethods="2"/>
        <line num="3" count="11" type="stmt"/>
        <line num="5" count="9" type="stmt"/>
        <line num="7" count="9" type="stmt"/>
        <line num="8" count="9" type="stmt"/>
        <line num="9" count="9" type="stmt"/>
        <line num="13" count="11" type="cond" truecount="5" falsecount="0"/>
        <line num="14" count="1" type="stmt"/>
        <line num="17" count="10" type="cond" truecount="5" falsecount="0"/>
        <line num="18" count="1" type="stmt"/>
        <line num="23" count="7" type="stmt"/>
      </file>
      <file name="UserLogin.js" path="C:\Users\ACER\OneDrive\Documents\Project2an\PROJECT_PRIBADI\MANAJEMEN ORGANISASI\orgcontrol-dev\src\Domains\users\entities\UserLogin.js">
        <metrics statements="15" coveredstatements="15" conditionals="12" coveredconditionals="12" methods="3" coveredmethods="3"/>
        <line num="3" count="9" type="stmt"/>
        <line num="4" count="5" type="stmt"/>
        <line num="5" count="5" type="stmt"/>
        <line num="6" count="5" type="stmt"/>
        <line num="10" count="9" type="cond" truecount="4" falsecount="0"/>
        <line num="11" count="1" type="stmt"/>
        <line num="14" count="8" type="cond" truecount="4" falsecount="0"/>
        <line num="15" count="1" type="stmt"/>
        <line num="18" count="7" type="cond" truecount="2" falsecount="0"/>
        <line num="19" count="1" type="stmt"/>
        <line num="22" count="6" type="cond" truecount="2" falsecount="0"/>
        <line num="23" count="1" type="stmt"/>
        <line num="28" count="6" type="stmt"/>
        <line num="29" count="6" type="stmt"/>
        <line num="32" count="6" type="stmt"/>
      </file>
    </package>
    <package name="Infrastructures.database.mysql">
      <metrics statements="3" coveredstatements="3" conditionals="0" coveredconditionals="0" methods="0" coveredmethods="0"/>
      <file name="mysql.js" path="C:\Users\ACER\OneDrive\Documents\Project2an\PROJECT_PRIBADI\MANAJEMEN ORGANISASI\orgcontrol-dev\src\Infrastructures\database\mysql\mysql.js">
        <metrics statements="3" coveredstatements="3" conditionals="0" coveredconditionals="0" methods="0" coveredmethods="0"/>
        <line num="2" count="9" type="stmt"/>
        <line num="4" count="9" type="stmt"/>
        <line num="6" count="9" type="stmt"/>
      </file>
    </package>
    <package name="Infrastructures.http">
      <metrics statements="36" coveredstatements="27" conditionals="6" coveredconditionals="2" methods="3" coveredmethods="2"/>
      <file name="CreateServer.js" path="C:\Users\ACER\OneDrive\Documents\Project2an\PROJECT_PRIBADI\MANAJEMEN ORGANISASI\orgcontrol-dev\src\Infrastructures\http\CreateServer.js">
        <metrics statements="36" coveredstatements="27" conditionals="6" coveredconditionals="2" methods="3" coveredmethods="2"/>
        <line num="1" count="4" type="stmt"/>
        <line num="2" count="4" type="stmt"/>
        <line num="3" count="4" type="stmt"/>
        <line num="5" count="4" type="stmt"/>
        <line num="6" count="4" type="stmt"/>
        <line num="7" count="4" type="stmt"/>
        <line num="8" count="4" type="stmt"/>
        <line num="10" count="4" type="stmt"/>
        <line num="11" count="4" type="stmt"/>
        <line num="13" count="4" type="stmt"/>
        <line num="14" count="16" type="stmt"/>
        <line num="17" count="16" type="stmt"/>
        <line num="18" count="16" type="stmt"/>
        <line num="19" count="16" type="stmt"/>
        <line num="20" count="10" type="cond" truecount="1" falsecount="1"/>
        <line num="21" count="10" type="stmt"/>
        <line num="22" count="10" type="cond" truecount="1" falsecount="1"/>
        <line num="23" count="10" type="stmt"/>
        <line num="28" count="0" type="stmt"/>
        <line num="35" count="16" type="stmt"/>
        <line num="36" count="0" type="stmt"/>
        <line num="38" count="0" type="cond" truecount="0" falsecount="2"/>
        <line num="39" count="0" type="stmt"/>
        <line num="45" count="0" type="stmt"/>
        <line num="46" count="0" type="stmt"/>
        <line num="47" count="0" type="stmt"/>
        <line num="48" count="0" type="stmt"/>
        <line num="50" count="0" type="stmt"/>
        <line num="54" count="16" type="stmt"/>
        <line num="55" count="16" type="stmt"/>
        <line num="56" count="16" type="stmt"/>
        <line num="57" count="16" type="stmt"/>
        <line num="58" count="16" type="stmt"/>
        <line num="61" count="16" type="stmt"/>
        <line num="62" count="16" type="stmt"/>
        <line num="64" count="4" type="stmt"/>
      </file>
    </package>
    <package name="Infrastructures.repository">
      <metrics statements="79" coveredstatements="79" conditionals="16" coveredconditionals="16" methods="23" coveredmethods="23"/>
      <file name="AuthenticationRepositoryMysql.js" path="C:\Users\ACER\OneDrive\Documents\Project2an\PROJECT_PRIBADI\MANAJEMEN ORGANISASI\orgcontrol-dev\src\Infrastructures\repository\AuthenticationRepositoryMysql.js">
        <metrics statements="10" coveredstatements="10" conditionals="2" coveredconditionals="2" methods="4" coveredmethods="4"/>
        <line num="1" count="5" type="stmt"/>
        <line num="2" count="5" type="stmt"/>
        <line num="6" count="7" type="stmt"/>
        <line num="7" count="7" type="stmt"/>
        <line num="11" count="2" type="stmt"/>
        <line num="17" count="2" type="stmt"/>
        <line num="22" count="2" type="cond" truecount="2" falsecount="0"/>
        <line num="23" count="1" type="stmt"/>
        <line num="28" count="1" type="stmt"/>
        <line num="35" count="5" type="stmt"/>
      </file>
      <file name="CategoryRepositoryMysql.js" path="C:\Users\ACER\OneDrive\Documents\Project2an\PROJECT_PRIBADI\MANAJEMEN ORGANISASI\orgcontrol-dev\src\Infrastructures\repository\CategoryRepositoryMysql.js">
        <metrics statements="19" coveredstatements="19" conditionals="4" coveredconditionals="4" methods="6" coveredmethods="6"/>
        <line num="1" count="5" type="stmt"/>
        <line num="2" count="5" type="stmt"/>
        <line num="3" count="5" type="stmt"/>
        <line num="4" count="5" type="stmt"/>
        <line num="8" count="27" type="stmt"/>
        <line num="9" count="27" type="stmt"/>
        <line num="13" count="10" type="stmt"/>
        <line num="14" count="10" type="stmt"/>
        <line num="17" count="10" type="stmt"/>
        <line num="21" count="12" type="stmt"/>
        <line num="24" count="12" type="cond" truecount="2" falsecount="0"/>
        <line num="25" count="2" type="stmt"/>
        <line num="30" count="2" type="stmt"/>
        <line num="31" count="2" type="stmt"/>
        <line num="32" count="4" type="stmt"/>
        <line num="36" count="8" type="stmt"/>
        <line num="40" count="8" type="cond" truecount="2" falsecount="0"/>
        <line num="41" count="2" type="stmt"/>
        <line num="46" count="5" type="stmt"/>
      </file>
      <file name="OrganizationRepositoryMysql.js" path="C:\Users\ACER\OneDrive\Documents\Project2an\PROJECT_PRIBADI\MANAJEMEN ORGANISASI\orgcontrol-dev\src\Infrastructures\repository\OrganizationRepositoryMysql.js">
        <metrics statements="9" coveredstatements="9" conditionals="0" coveredconditionals="0" methods="2" coveredmethods="2"/>
        <line num="1" count="5" type="stmt"/>
        <line num="2" count="5" type="stmt"/>
        <line num="3" count="5" type="stmt"/>
        <line num="8" count="11" type="stmt"/>
        <line num="9" count="11" type="stmt"/>
        <line num="13" count="5" type="stmt"/>
        <line num="14" count="5" type="stmt"/>
        <line num="17" count="5" type="stmt"/>
        <line num="20" count="5" type="stmt"/>
      </file>
      <file name="RoleRepositoryMysql.js" path="C:\Users\ACER\OneDrive\Documents\Project2an\PROJECT_PRIBADI\MANAJEMEN ORGANISASI\orgcontrol-dev\src\Infrastructures\repository\RoleRepositoryMysql.js">
        <metrics statements="20" coveredstatements="20" conditionals="4" coveredconditionals="4" methods="6" coveredmethods="6"/>
        <line num="1" count="5" type="stmt"/>
        <line num="2" count="5" type="stmt"/>
        <line num="3" count="5" type="stmt"/>
        <line num="4" count="5" type="stmt"/>
        <line num="8" count="27" type="stmt"/>
        <line num="9" count="27" type="stmt"/>
        <line num="12" count="10" type="stmt"/>
        <line num="13" count="10" type="stmt"/>
        <line num="16" count="10" type="stmt"/>
        <line num="19" count="12" type="stmt"/>
        <line num="20" count="12" type="stmt"/>
        <line num="23" count="12" type="stmt"/>
        <line num="24" count="12" type="cond" truecount="2" falsecount="0"/>
        <line num="25" count="2" type="stmt"/>
        <line num="29" count="7" type="stmt"/>
        <line num="32" count="7" type="cond" truecount="2" falsecount="0"/>
        <line num="33" count="2" type="stmt"/>
        <line num="37" count="2" type="stmt"/>
        <line num="38" count="11" type="stmt"/>
        <line num="48" count="5" type="stmt"/>
      </file>
      <file name="UserRepositoryMysql.js" path="C:\Users\ACER\OneDrive\Documents\Project2an\PROJECT_PRIBADI\MANAJEMEN ORGANISASI\orgcontrol-dev\src\Infrastructures\repository\UserRepositoryMysql.js">
        <metrics statements="21" coveredstatements="21" conditionals="6" coveredconditionals="6" methods="5" coveredmethods="5"/>
        <line num="1" count="5" type="stmt"/>
        <line num="2" count="5" type="stmt"/>
        <line num="3" count="5" type="stmt"/>
        <line num="4" count="5" type="stmt"/>
        <line num="8" count="21" type="stmt"/>
        <line num="9" count="21" type="stmt"/>
        <line num="13" count="6" type="stmt"/>
        <line num="14" count="6" type="stmt"/>
        <line num="22" count="6" type="stmt"/>
        <line num="26" count="9" type="stmt"/>
        <line num="31" count="9" type="cond" truecount="2" falsecount="0"/>
        <line num="32" count="2" type="stmt"/>
        <line num="37" count="5" type="stmt"/>
        <line num="42" count="5" type="cond" truecount="2" falsecount="0"/>
        <line num="43" count="2" type="stmt"/>
        <line num="45" count="3" type="stmt"/>
        <line num="49" count="3" type="stmt"/>
        <line num="54" count="3" type="cond" truecount="2" falsecount="0"/>
        <line num="55" count="1" type="stmt"/>
        <line num="57" count="2" type="stmt"/>
        <line num="61" count="5" type="stmt"/>
      </file>
    </package>
    <package name="Infrastructures.security">
      <metrics statements="22" coveredstatements="22" conditionals="3" coveredconditionals="3" methods="8" coveredmethods="8"/>
      <file name="BcryptPasswordHash.js" path="C:\Users\ACER\OneDrive\Documents\Project2an\PROJECT_PRIBADI\MANAJEMEN ORGANISASI\orgcontrol-dev\src\Infrastructures\security\BcryptPasswordHash.js">
        <metrics statements="10" coveredstatements="10" conditionals="3" coveredconditionals="3" methods="3" coveredmethods="3"/>
        <line num="1" count="5" type="stmt"/>
        <line num="2" count="5" type="stmt"/>
        <line num="6" count="16" type="stmt"/>
        <line num="7" count="16" type="stmt"/>
        <line num="8" count="16" type="stmt"/>
        <line num="12" count="6" type="stmt"/>
        <line num="16" count="4" type="stmt"/>
        <line num="18" count="4" type="cond" truecount="2" falsecount="0"/>
        <line num="19" count="2" type="stmt"/>
        <line num="23" count="5" type="stmt"/>
      </file>
      <file name="JwtTokenManager.js" path="C:\Users\ACER\OneDrive\Documents\Project2an\PROJECT_PRIBADI\MANAJEMEN ORGANISASI\orgcontrol-dev\src\Infrastructures\security\JwtTokenManager.js">
        <metrics statements="12" coveredstatements="12" conditionals="0" coveredconditionals="0" methods="5" coveredmethods="5"/>
        <line num="1" count="5" type="stmt"/>
        <line num="2" count="5" type="stmt"/>
        <line num="6" count="8" type="stmt"/>
        <line num="10" count="2" type="stmt"/>
        <line num="14" count="2" type="stmt"/>
        <line num="18" count="2" type="stmt"/>
        <line num="19" count="2" type="stmt"/>
        <line num="20" count="1" type="stmt"/>
        <line num="22" count="1" type="stmt"/>
        <line num="27" count="1" type="stmt"/>
        <line num="28" count="1" type="stmt"/>
        <line num="32" count="5" type="stmt"/>
      </file>
    </package>
    <package name="Interfaces.http.api.category">
      <metrics statements="30" coveredstatements="29" conditionals="0" coveredconditionals="0" methods="4" coveredmethods="4"/>
      <file name="handler.js" path="C:\Users\ACER\OneDrive\Documents\Project2an\PROJECT_PRIBADI\MANAJEMEN ORGANISASI\orgcontrol-dev\src\Interfaces\http\api\category\handler.js">
        <metrics statements="19" coveredstatements="18" conditionals="0" coveredconditionals="0" methods="3" coveredmethods="3"/>
        <line num="1" count="4" type="stmt"/>
        <line num="2" count="4" type="stmt"/>
        <line num="3" count="4" type="stmt"/>
        <line num="4" count="4" type="stmt"/>
        <line num="8" count="4" type="stmt"/>
        <line num="9" count="4" type="stmt"/>
        <line num="12" count="1" type="stmt"/>
        <line num="13" count="1" type="stmt"/>
        <line num="14" count="1" type="stmt"/>
        <line num="17" count="1" type="stmt"/>
        <line num="18" count="1" type="stmt"/>
        <line num="23" count="0" type="stmt"/>
        <line num="28" count="10" type="stmt"/>
        <line num="29" count="10" type="stmt"/>
        <line num="30" count="10" type="stmt"/>
        <line num="33" count="10" type="stmt"/>
        <line num="34" count="9" type="stmt"/>
        <line num="39" count="1" type="stmt"/>
        <line num="44" count="4" type="stmt"/>
      </file>
      <file name="index.js" path="C:\Users\ACER\OneDrive\Documents\Project2an\PROJECT_PRIBADI\MANAJEMEN ORGANISASI\orgcontrol-dev\src\Interfaces\http\api\category\index.js">
        <metrics statements="7" coveredstatements="7" conditionals="0" coveredconditionals="0" methods="0" coveredmethods="0"/>
        <line num="1" count="4" type="stmt"/>
        <line num="2" count="4" type="stmt"/>
        <line num="3" count="4" type="stmt"/>
        <line num="6" count="4" type="stmt"/>
        <line num="8" count="4" type="stmt"/>
        <line num="10" count="4" type="stmt"/>
        <line num="12" count="4" type="stmt"/>
      </file>
      <file name="routes.js" path="C:\Users\ACER\OneDrive\Documents\Project2an\PROJECT_PRIBADI\MANAJEMEN ORGANISASI\orgcontrol-dev\src\Interfaces\http\api\category\routes.js">
        <metrics statements="4" coveredstatements="4" conditionals="0" coveredconditionals="0" methods="1" coveredmethods="1"/>
        <line num="1" count="4" type="stmt"/>
        <line num="2" count="4" type="stmt"/>
        <line num="3" count="4" type="stmt"/>
        <line num="6" count="4" type="stmt"/>
      </file>
    </package>
    <package name="Interfaces.http.api.login">
      <metrics statements="30" coveredstatements="30" conditionals="0" coveredconditionals="0" methods="3" coveredmethods="3"/>
      <file name="handler.js" path="C:\Users\ACER\OneDrive\Documents\Project2an\PROJECT_PRIBADI\MANAJEMEN ORGANISASI\orgcontrol-dev\src\Interfaces\http\api\login\handler.js">
        <metrics statements="20" coveredstatements="20" conditionals="0" coveredconditionals="0" methods="2" coveredmethods="2"/>
        <line num="1" count="4" type="stmt"/>
        <line num="2" count="4" type="stmt"/>
        <line num="3" count="4" type="stmt"/>
        <line num="4" count="4" type="stmt"/>
        <line num="5" count="4" type="stmt"/>
        <line num="6" count="4" type="stmt"/>
        <line num="7" count="4" type="stmt"/>
        <line num="8" count="4" type="stmt"/>
        <line num="12" count="4" type="stmt"/>
        <line num="15" count="3" type="stmt"/>
        <line num="16" count="3" type="stmt"/>
        <line num="17" count="3" type="stmt"/>
        <line num="18" count="3" type="stmt"/>
        <line num="19" count="3" type="stmt"/>
        <line num="20" count="3" type="stmt"/>
        <line num="21" count="3" type="stmt"/>
        <line num="27" count="3" type="stmt"/>
        <line num="28" count="1" type="stmt"/>
        <line num="33" count="2" type="stmt"/>
        <line num="37" count="4" type="stmt"/>
      </file>
      <file name="index.js" path="C:\Users\ACER\OneDrive\Documents\Project2an\PROJECT_PRIBADI\MANAJEMEN ORGANISASI\orgcontrol-dev\src\Interfaces\http\api\login\index.js">
        <metrics statements="7" coveredstatements="7" conditionals="0" coveredconditionals="0" methods="0" coveredmethods="0"/>
        <line num="1" count="4" type="stmt"/>
        <line num="2" count="4" type="stmt"/>
        <line num="3" count="4" type="stmt"/>
        <line num="6" count="4" type="stmt"/>
        <line num="8" count="4" type="stmt"/>
        <line num="10" count="4" type="stmt"/>
        <line num="12" count="4" type="stmt"/>
      </file>
      <file name="routes.js" path="C:\Users\ACER\OneDrive\Documents\Project2an\PROJECT_PRIBADI\MANAJEMEN ORGANISASI\orgcontrol-dev\src\Interfaces\http\api\login\routes.js">
        <metrics statements="3" coveredstatements="3" conditionals="0" coveredconditionals="0" methods="1" coveredmethods="1"/>
        <line num="1" count="4" type="stmt"/>
        <line num="2" count="4" type="stmt"/>
        <line num="5" count="4" type="stmt"/>
      </file>
    </package>
    <package name="Interfaces.http.api.role">
      <metrics statements="32" coveredstatements="31" conditionals="0" coveredconditionals="0" methods="4" coveredmethods="4"/>
      <file name="handler.js" path="C:\Users\ACER\OneDrive\Documents\Project2an\PROJECT_PRIBADI\MANAJEMEN ORGANISASI\orgcontrol-dev\src\Interfaces\http\api\role\handler.js">
        <metrics statements="21" coveredstatements="20" conditionals="0" coveredconditionals="0" methods="3" coveredmethods="3"/>
        <line num="1" count="4" type="stmt"/>
        <line num="2" count="4" type="stmt"/>
        <line num="3" count="4" type="stmt"/>
        <line num="4" count="4" type="stmt"/>
        <line num="8" count="4" type="stmt"/>
        <line num="9" count="4" type="stmt"/>
        <line num="13" count="1" type="stmt"/>
        <line num="15" count="1" type="stmt"/>
        <line num="16" count="1" type="stmt"/>
        <line num="19" count="1" type="stmt"/>
        <line num="20" count="1" type="stmt"/>
        <line num="21" count="1" type="stmt"/>
        <line num="26" count="0" type="stmt"/>
        <line num="31" count="10" type="stmt"/>
        <line num="33" count="10" type="stmt"/>
        <line num="34" count="10" type="stmt"/>
        <line num="37" count="10" type="stmt"/>
        <line num="38" count="10" type="stmt"/>
        <line num="39" count="9" type="stmt"/>
        <line num="44" count="1" type="stmt"/>
        <line num="48" count="4" type="stmt"/>
      </file>
      <file name="index.js" path="C:\Users\ACER\OneDrive\Documents\Project2an\PROJECT_PRIBADI\MANAJEMEN ORGANISASI\orgcontrol-dev\src\Interfaces\http\api\role\index.js">
        <metrics statements="7" coveredstatements="7" conditionals="0" coveredconditionals="0" methods="0" coveredmethods="0"/>
        <line num="1" count="4" type="stmt"/>
        <line num="2" count="4" type="stmt"/>
        <line num="3" count="4" type="stmt"/>
        <line num="6" count="4" type="stmt"/>
        <line num="8" count="4" type="stmt"/>
        <line num="10" count="4" type="stmt"/>
        <line num="12" count="4" type="stmt"/>
      </file>
      <file name="routes.js" path="C:\Users\ACER\OneDrive\Documents\Project2an\PROJECT_PRIBADI\MANAJEMEN ORGANISASI\orgcontrol-dev\src\Interfaces\http\api\role\routes.js">
        <metrics statements="4" coveredstatements="4" conditionals="0" coveredconditionals="0" methods="1" coveredmethods="1"/>
        <line num="1" count="4" type="stmt"/>
        <line num="2" count="4" type="stmt"/>
        <line num="3" count="4" type="stmt"/>
        <line num="6" count="4" type="stmt"/>
      </file>
    </package>
    <package name="Interfaces.http.api.users">
      <metrics statements="30" coveredstatements="30" conditionals="0" coveredconditionals="0" methods="3" coveredmethods="3"/>
      <file name="handler.js" path="C:\Users\ACER\OneDrive\Documents\Project2an\PROJECT_PRIBADI\MANAJEMEN ORGANISASI\orgcontrol-dev\src\Interfaces\http\api\users\handler.js">
        <metrics statements="20" coveredstatements="20" conditionals="0" coveredconditionals="0" methods="2" coveredmethods="2"/>
        <line num="1" count="4" type="stmt"/>
        <line num="2" count="4" type="stmt"/>
        <line num="3" count="4" type="stmt"/>
        <line num="4" count="4" type="stmt"/>
        <line num="5" count="4" type="stmt"/>
        <line num="6" count="4" type="stmt"/>
        <line num="7" count="4" type="stmt"/>
        <line num="8" count="4" type="stmt"/>
        <line num="13" count="4" type="stmt"/>
        <line num="18" count="10" type="stmt"/>
        <line num="19" count="10" type="stmt"/>
        <line num="20" count="10" type="stmt"/>
        <line num="21" count="10" type="stmt"/>
        <line num="22" count="10" type="stmt"/>
        <line num="23" count="10" type="stmt"/>
        <line num="24" count="10" type="stmt"/>
        <line num="31" count="10" type="stmt"/>
        <line num="32" count="4" type="stmt"/>
        <line num="39" count="6" type="stmt"/>
        <line num="44" count="4" type="stmt"/>
      </file>
      <file name="index.js" path="C:\Users\ACER\OneDrive\Documents\Project2an\PROJECT_PRIBADI\MANAJEMEN ORGANISASI\orgcontrol-dev\src\Interfaces\http\api\users\index.js">
        <metrics statements="7" coveredstatements="7" conditionals="0" coveredconditionals="0" methods="0" coveredmethods="0"/>
        <line num="1" count="4" type="stmt"/>
        <line num="2" count="4" type="stmt"/>
        <line num="3" count="4" type="stmt"/>
        <line num="7" count="4" type="stmt"/>
        <line num="9" count="4" type="stmt"/>
        <line num="11" count="4" type="stmt"/>
        <line num="13" count="4" type="stmt"/>
      </file>
      <file name="routes.js" path="C:\Users\ACER\OneDrive\Documents\Project2an\PROJECT_PRIBADI\MANAJEMEN ORGANISASI\orgcontrol-dev\src\Interfaces\http\api\users\routes.js">
        <metrics statements="3" coveredstatements="3" conditionals="0" coveredconditionals="0" methods="1" coveredmethods="1"/>
        <line num="1" count="4" type="stmt"/>
        <line num="2" count="4" type="stmt"/>
        <line num="5" count="4" type="stmt"/>
      </file>
    </package>
    <package name="lib">
      <metrics statements="32" coveredstatements="31" conditionals="5" coveredconditionals="5" methods="14" coveredmethods="13"/>
      <file name="AuthenticationTableHelper.js" path="C:\Users\ACER\OneDrive\Documents\Project2an\PROJECT_PRIBADI\MANAJEMEN ORGANISASI\orgcontrol-dev\src\lib\AuthenticationTableHelper.js">
        <metrics statements="8" coveredstatements="7" conditionals="0" coveredconditionals="0" methods="4" coveredmethods="3"/>
        <line num="3" count="2" type="stmt"/>
        <line num="5" count="2" type="stmt"/>
        <line num="7" count="11" type="stmt"/>
        <line num="10" count="2" type="stmt"/>
        <line num="15" count="2" type="stmt"/>
        <line num="20" count="2" type="stmt"/>
        <line num="23" count="0" type="stmt"/>
        <line num="30" count="2" type="stmt"/>
      </file>
      <file name="CategoryTableHelper.js" path="C:\Users\ACER\OneDrive\Documents\Project2an\PROJECT_PRIBADI\MANAJEMEN ORGANISASI\orgcontrol-dev\src\lib\CategoryTableHelper.js">
        <metrics statements="5" coveredstatements="5" conditionals="0" coveredconditionals="0" methods="2" coveredmethods="2"/>
        <line num="2" count="5" type="stmt"/>
        <line num="4" count="5" type="stmt"/>
        <line num="6" count="30" type="stmt"/>
        <line num="9" count="8" type="stmt"/>
        <line num="17" count="5" type="stmt"/>
      </file>
      <file name="OrganizationTableHelper.js" path="C:\Users\ACER\OneDrive\Documents\Project2an\PROJECT_PRIBADI\MANAJEMEN ORGANISASI\orgcontrol-dev\src\lib\OrganizationTableHelper.js">
        <metrics statements="4" coveredstatements="4" conditionals="0" coveredconditionals="0" methods="1" coveredmethods="1"/>
        <line num="2" count="3" type="stmt"/>
        <line num="4" count="3" type="stmt"/>
        <line num="6" count="12" type="stmt"/>
        <line num="17" count="3" type="stmt"/>
      </file>
      <file name="RoleTableHelper.js" path="C:\Users\ACER\OneDrive\Documents\Project2an\PROJECT_PRIBADI\MANAJEMEN ORGANISASI\orgcontrol-dev\src\lib\RoleTableHelper.js">
        <metrics statements="6" coveredstatements="6" conditionals="0" coveredconditionals="0" methods="3" coveredmethods="3"/>
        <line num="2" count="5" type="stmt"/>
        <line num="4" count="5" type="stmt"/>
        <line num="6" count="30" type="stmt"/>
        <line num="9" count="3" type="stmt"/>
        <line num="23" count="11" type="stmt"/>
        <line num="31" count="5" type="stmt"/>
      </file>
      <file name="UserTableHelper.js" path="C:\Users\ACER\OneDrive\Documents\Project2an\PROJECT_PRIBADI\MANAJEMEN ORGANISASI\orgcontrol-dev\src\lib\UserTableHelper.js">
        <metrics statements="9" coveredstatements="9" conditionals="5" coveredconditionals="5" methods="4" coveredmethods="4"/>
        <line num="1" count="4" type="stmt"/>
        <line num="2" count="4" type="stmt"/>
        <line num="4" count="4" type="stmt"/>
        <line num="6" count="20" type="stmt"/>
        <line num="7" count="20" type="stmt"/>
        <line num="10" count="1" type="stmt"/>
        <line num="17" count="8" type="stmt"/>
        <line num="25" count="4" type="stmt"/>
        <line num="36" count="4" type="stmt"/>
      </file>
    </package>
  </project>
</coverage>
