{"C:\\Users\\ACER\\OneDrive\\Documents\\Project2an\\PROJECT_PRIBADI\\MANAJEMEN ORGANISASI\\orgcontrol-dev\\src\\Applications\\security\\AuthenticationTokenManager.js": {"path":"C:\\Users\\ACER\\OneDrive\\Documents\\Project2an\\PROJECT_PRIBADI\\MANAJEMEN ORGANISASI\\orgcontrol-dev\\src\\Applications\\security\\AuthenticationTokenManager.js","statementMap":{"0":{"start":{"line":3,"column":6},"end":{"line":3,"column":76}},"1":{"start":{"line":7,"column":6},"end":{"line":7,"column":76}},"2":{"start":{"line":11,"column":6},"end":{"line":11,"column":76}},"3":{"start":{"line":15,"column":6},"end":{"line":15,"column":76}},"4":{"start":{"line":19,"column":2},"end":{"line":19,"column":45}}},"fnMap":{"0":{"name":"(anonymous_0)","decl":{"start":{"line":2,"column":4},"end":{"line":2,"column":5}},"loc":{"start":{"line":2,"column":39},"end":{"line":4,"column":5}},"line":2},"1":{"name":"(anonymous_1)","decl":{"start":{"line":6,"column":4},"end":{"line":6,"column":5}},"loc":{"start":{"line":6,"column":38},"end":{"line":8,"column":5}},"line":6},"2":{"name":"(anonymous_2)","decl":{"start":{"line":10,"column":4},"end":{"line":10,"column":5}},"loc":{"start":{"line":10,"column":37},"end":{"line":12,"column":5}},"line":10},"3":{"name":"(anonymous_3)","decl":{"start":{"line":14,"column":4},"end":{"line":14,"column":5}},"loc":{"start":{"line":14,"column":27},"end":{"line":16,"column":5}},"line":14}},"branchMap":{},"s":{"0":1,"1":1,"2":1,"3":1,"4":2},"f":{"0":1,"1":1,"2":1,"3":1},"b":{},"_coverageSchema":"1a1c01bbd47fc00a2c39e90264f33305004495a9","hash":"dea5e6b4a050344220dedf9ccd64c2d2447afb42"}
,"C:\\Users\\ACER\\OneDrive\\Documents\\Project2an\\PROJECT_PRIBADI\\MANAJEMEN ORGANISASI\\orgcontrol-dev\\src\\Applications\\security\\PasswordHash.js": {"path":"C:\\Users\\ACER\\OneDrive\\Documents\\Project2an\\PROJECT_PRIBADI\\MANAJEMEN ORGANISASI\\orgcontrol-dev\\src\\Applications\\security\\PasswordHash.js","statementMap":{"0":{"start":{"line":3,"column":6},"end":{"line":3,"column":61}},"1":{"start":{"line":7,"column":6},"end":{"line":7,"column":61}},"2":{"start":{"line":11,"column":2},"end":{"line":11,"column":31}}},"fnMap":{"0":{"name":"(anonymous_0)","decl":{"start":{"line":2,"column":4},"end":{"line":2,"column":5}},"loc":{"start":{"line":2,"column":26},"end":{"line":4,"column":5}},"line":2},"1":{"name":"(anonymous_1)","decl":{"start":{"line":6,"column":4},"end":{"line":6,"column":5}},"loc":{"start":{"line":6,"column":45},"end":{"line":8,"column":5}},"line":6}},"branchMap":{},"s":{"0":1,"1":1,"2":6},"f":{"0":1,"1":1},"b":{},"_coverageSchema":"1a1c01bbd47fc00a2c39e90264f33305004495a9","hash":"3151d63c93bb4f862e9fd3fce802db055572f359"}
,"C:\\Users\\ACER\\OneDrive\\Documents\\Project2an\\PROJECT_PRIBADI\\MANAJEMEN ORGANISASI\\orgcontrol-dev\\src\\Applications\\usecase\\AddCategoryUseCase.js": {"path":"C:\\Users\\ACER\\OneDrive\\Documents\\Project2an\\PROJECT_PRIBADI\\MANAJEMEN ORGANISASI\\orgcontrol-dev\\src\\Applications\\usecase\\AddCategoryUseCase.js","statementMap":{"0":{"start":{"line":1,"column":20},"end":{"line":1,"column":74}},"1":{"start":{"line":5,"column":8},"end":{"line":5,"column":54}},"2":{"start":{"line":9,"column":30},"end":{"line":9,"column":61}},"3":{"start":{"line":10,"column":8},"end":{"line":10,"column":78}},"4":{"start":{"line":11,"column":8},"end":{"line":11,"column":67}},"5":{"start":{"line":14,"column":0},"end":{"line":14,"column":36}}},"fnMap":{"0":{"name":"(anonymous_0)","decl":{"start":{"line":4,"column":4},"end":{"line":4,"column":5}},"loc":{"start":{"line":4,"column":40},"end":{"line":6,"column":5}},"line":4},"1":{"name":"(anonymous_1)","decl":{"start":{"line":8,"column":4},"end":{"line":8,"column":5}},"loc":{"start":{"line":8,"column":34},"end":{"line":12,"column":5}},"line":8}},"branchMap":{},"s":{"0":3,"1":9,"2":9,"3":9,"4":9,"5":3},"f":{"0":9,"1":9},"b":{},"_coverageSchema":"1a1c01bbd47fc00a2c39e90264f33305004495a9","hash":"00ad9e0eb8ffcc710ba0ea7c9dfa6254c4d0398f"}
,"C:\\Users\\ACER\\OneDrive\\Documents\\Project2an\\PROJECT_PRIBADI\\MANAJEMEN ORGANISASI\\orgcontrol-dev\\src\\Applications\\usecase\\AddRoleUseCase.js": {"path":"C:\\Users\\ACER\\OneDrive\\Documents\\Project2an\\PROJECT_PRIBADI\\MANAJEMEN ORGANISASI\\orgcontrol-dev\\src\\Applications\\usecase\\AddRoleUseCase.js","statementMap":{"0":{"start":{"line":1,"column":16},"end":{"line":1,"column":62}},"1":{"start":{"line":7,"column":8},"end":{"line":7,"column":46}},"2":{"start":{"line":10,"column":24},"end":{"line":10,"column":51}},"3":{"start":{"line":11,"column":8},"end":{"line":11,"column":42}},"4":{"start":{"line":12,"column":8},"end":{"line":12,"column":69}},"5":{"start":{"line":13,"column":8},"end":{"line":13,"column":42}},"6":{"start":{"line":14,"column":8},"end":{"line":14,"column":53}},"7":{"start":{"line":17,"column":0},"end":{"line":17,"column":32}}},"fnMap":{"0":{"name":"(anonymous_0)","decl":{"start":{"line":6,"column":4},"end":{"line":6,"column":5}},"loc":{"start":{"line":6,"column":34},"end":{"line":8,"column":5}},"line":6},"1":{"name":"(anonymous_1)","decl":{"start":{"line":9,"column":4},"end":{"line":9,"column":5}},"loc":{"start":{"line":9,"column":34},"end":{"line":15,"column":5}},"line":9}},"branchMap":{},"s":{"0":3,"1":9,"2":9,"3":9,"4":9,"5":9,"6":9,"7":3},"f":{"0":9,"1":9},"b":{},"_coverageSchema":"1a1c01bbd47fc00a2c39e90264f33305004495a9","hash":"84c6b37c4e74664fdcba0c27a7df02f10feafe4b"}
,"C:\\Users\\ACER\\OneDrive\\Documents\\Project2an\\PROJECT_PRIBADI\\MANAJEMEN ORGANISASI\\orgcontrol-dev\\src\\Applications\\usecase\\AddUserUseCase.js": {"path":"C:\\Users\\ACER\\OneDrive\\Documents\\Project2an\\PROJECT_PRIBADI\\MANAJEMEN ORGANISASI\\orgcontrol-dev\\src\\Applications\\usecase\\AddUserUseCase.js","statementMap":{"0":{"start":{"line":1,"column":21},"end":{"line":1,"column":73}},"1":{"start":{"line":2,"column":24},"end":{"line":2,"column":86}},"2":{"start":{"line":8,"column":4},"end":{"line":8,"column":41}},"3":{"start":{"line":9,"column":4},"end":{"line":9,"column":37}},"4":{"start":{"line":10,"column":4},"end":{"line":10,"column":49}},"5":{"start":{"line":11,"column":4},"end":{"line":11,"column":57}},"6":{"start":{"line":12,"column":4},"end":{"line":12,"column":41}},"7":{"start":{"line":17,"column":25},"end":{"line":17,"column":57}},"8":{"start":{"line":18,"column":4},"end":{"line":18,"column":71}},"9":{"start":{"line":20,"column":4},"end":{"line":20,"column":74}},"10":{"start":{"line":21,"column":4},"end":{"line":21,"column":65}},"11":{"start":{"line":23,"column":4},"end":{"line":23,"column":80}},"12":{"start":{"line":24,"column":23},"end":{"line":24,"column":71}},"13":{"start":{"line":25,"column":4},"end":{"line":31,"column":5}},"14":{"start":{"line":35,"column":0},"end":{"line":35,"column":31}}},"fnMap":{"0":{"name":"(anonymous_0)","decl":{"start":{"line":6,"column":2},"end":{"line":6,"column":3}},"loc":{"start":{"line":6,"column":108},"end":{"line":13,"column":3}},"line":6},"1":{"name":"(anonymous_1)","decl":{"start":{"line":15,"column":2},"end":{"line":15,"column":3}},"loc":{"start":{"line":15,"column":33},"end":{"line":32,"column":3}},"line":15}},"branchMap":{},"s":{"0":3,"1":3,"2":11,"3":11,"4":11,"5":11,"6":11,"7":11,"8":8,"9":7,"10":6,"11":5,"12":5,"13":5,"14":3},"f":{"0":11,"1":11},"b":{},"_coverageSchema":"1a1c01bbd47fc00a2c39e90264f33305004495a9","hash":"7beb7f2be2b7f1483746990b4da44fb2013f36f6"}
,"C:\\Users\\ACER\\OneDrive\\Documents\\Project2an\\PROJECT_PRIBADI\\MANAJEMEN ORGANISASI\\orgcontrol-dev\\src\\Applications\\usecase\\LoginUserUseCase.js": {"path":"C:\\Users\\ACER\\OneDrive\\Documents\\Project2an\\PROJECT_PRIBADI\\MANAJEMEN ORGANISASI\\orgcontrol-dev\\src\\Applications\\usecase\\LoginUserUseCase.js","statementMap":{"0":{"start":{"line":2,"column":26},"end":{"line":2,"column":92}},"1":{"start":{"line":3,"column":18},"end":{"line":3,"column":67}},"2":{"start":{"line":12,"column":4},"end":{"line":12,"column":41}},"3":{"start":{"line":13,"column":4},"end":{"line":13,"column":61}},"4":{"start":{"line":14,"column":4},"end":{"line":14,"column":65}},"5":{"start":{"line":15,"column":4},"end":{"line":15,"column":37}},"6":{"start":{"line":19,"column":32},"end":{"line":19,"column":61}},"7":{"start":{"line":20,"column":4},"end":{"line":20,"column":32}},"8":{"start":{"line":21,"column":30},"end":{"line":21,"column":82}},"9":{"start":{"line":23,"column":4},"end":{"line":23,"column":73}},"10":{"start":{"line":25,"column":15},"end":{"line":25,"column":61}},"11":{"start":{"line":27,"column":24},"end":{"line":28,"column":39}},"12":{"start":{"line":29,"column":25},"end":{"line":30,"column":40}},"13":{"start":{"line":32,"column":30},"end":{"line":35,"column":6}},"14":{"start":{"line":37,"column":4},"end":{"line":37,"column":81}},"15":{"start":{"line":39,"column":4},"end":{"line":39,"column":28}},"16":{"start":{"line":42,"column":0},"end":{"line":42,"column":33}}},"fnMap":{"0":{"name":"(anonymous_0)","decl":{"start":{"line":6,"column":2},"end":{"line":6,"column":3}},"loc":{"start":{"line":11,"column":5},"end":{"line":16,"column":3}},"line":11},"1":{"name":"(anonymous_1)","decl":{"start":{"line":18,"column":2},"end":{"line":18,"column":3}},"loc":{"start":{"line":18,"column":33},"end":{"line":40,"column":3}},"line":18}},"branchMap":{},"s":{"0":3,"1":3,"2":4,"3":4,"4":4,"5":4,"6":4,"7":4,"8":4,"9":3,"10":2,"11":2,"12":2,"13":2,"14":2,"15":2,"16":3},"f":{"0":4,"1":4},"b":{},"_coverageSchema":"1a1c01bbd47fc00a2c39e90264f33305004495a9","hash":"2a80b149d354de4f79031bef956069980da0b49d"}
,"C:\\Users\\ACER\\OneDrive\\Documents\\Project2an\\PROJECT_PRIBADI\\MANAJEMEN ORGANISASI\\orgcontrol-dev\\src\\Applications\\usecase\\LogoutUserUseCase.js": {"path":"C:\\Users\\ACER\\OneDrive\\Documents\\Project2an\\PROJECT_PRIBADI\\MANAJEMEN ORGANISASI\\orgcontrol-dev\\src\\Applications\\usecase\\LogoutUserUseCase.js","statementMap":{"0":{"start":{"line":5,"column":6},"end":{"line":5,"column":63}},"1":{"start":{"line":9,"column":6},"end":{"line":9,"column":43}},"2":{"start":{"line":10,"column":31},"end":{"line":10,"column":45}},"3":{"start":{"line":11,"column":6},"end":{"line":11,"column":79}},"4":{"start":{"line":12,"column":6},"end":{"line":12,"column":68}},"5":{"start":{"line":16,"column":31},"end":{"line":16,"column":38}},"6":{"start":{"line":17,"column":6},"end":{"line":19,"column":7}},"7":{"start":{"line":18,"column":8},"end":{"line":18,"column":83}},"8":{"start":{"line":21,"column":6},"end":{"line":23,"column":7}},"9":{"start":{"line":22,"column":8},"end":{"line":22,"column":98}},"10":{"start":{"line":27,"column":4},"end":{"line":27,"column":38}}},"fnMap":{"0":{"name":"(anonymous_0)","decl":{"start":{"line":2,"column":4},"end":{"line":2,"column":5}},"loc":{"start":{"line":4,"column":7},"end":{"line":6,"column":5}},"line":4},"1":{"name":"(anonymous_1)","decl":{"start":{"line":8,"column":4},"end":{"line":8,"column":5}},"loc":{"start":{"line":8,"column":35},"end":{"line":13,"column":5}},"line":8},"2":{"name":"(anonymous_2)","decl":{"start":{"line":15,"column":4},"end":{"line":15,"column":5}},"loc":{"start":{"line":15,"column":31},"end":{"line":24,"column":5}},"line":15}},"branchMap":{"0":{"loc":{"start":{"line":17,"column":6},"end":{"line":19,"column":7}},"type":"if","locations":[{"start":{"line":17,"column":6},"end":{"line":19,"column":7}},{"start":{},"end":{}}],"line":17},"1":{"loc":{"start":{"line":21,"column":6},"end":{"line":23,"column":7}},"type":"if","locations":[{"start":{"line":21,"column":6},"end":{"line":23,"column":7}},{"start":{},"end":{}}],"line":21}},"s":{"0":1,"1":1,"2":1,"3":1,"4":1,"5":1,"6":1,"7":0,"8":1,"9":0,"10":1},"f":{"0":1,"1":1,"2":1},"b":{"0":[0,1],"1":[0,1]},"_coverageSchema":"1a1c01bbd47fc00a2c39e90264f33305004495a9","hash":"f97a3925c21612f55a24f5851316afe3798aec06"}
,"C:\\Users\\ACER\\OneDrive\\Documents\\Project2an\\PROJECT_PRIBADI\\MANAJEMEN ORGANISASI\\orgcontrol-dev\\src\\Commons\\AuthenticationError.js": {"path":"C:\\Users\\ACER\\OneDrive\\Documents\\Project2an\\PROJECT_PRIBADI\\MANAJEMEN ORGANISASI\\orgcontrol-dev\\src\\Commons\\AuthenticationError.js","statementMap":{"0":{"start":{"line":1,"column":20},"end":{"line":1,"column":44}},"1":{"start":{"line":5,"column":4},"end":{"line":5,"column":23}},"2":{"start":{"line":6,"column":4},"end":{"line":6,"column":37}},"3":{"start":{"line":10,"column":0},"end":{"line":10,"column":36}}},"fnMap":{"0":{"name":"(anonymous_0)","decl":{"start":{"line":4,"column":2},"end":{"line":4,"column":3}},"loc":{"start":{"line":4,"column":24},"end":{"line":7,"column":3}},"line":4}},"branchMap":{},"s":{"0":4,"1":3,"2":3,"3":4},"f":{"0":3},"b":{},"_coverageSchema":"1a1c01bbd47fc00a2c39e90264f33305004495a9","hash":"58f80fff3694c7f964205fde437491014e1d1c72"}
,"C:\\Users\\ACER\\OneDrive\\Documents\\Project2an\\PROJECT_PRIBADI\\MANAJEMEN ORGANISASI\\orgcontrol-dev\\src\\Commons\\AuthorizationError.js": {"path":"C:\\Users\\ACER\\OneDrive\\Documents\\Project2an\\PROJECT_PRIBADI\\MANAJEMEN ORGANISASI\\orgcontrol-dev\\src\\Commons\\AuthorizationError.js","statementMap":{"0":{"start":{"line":1,"column":20},"end":{"line":1,"column":44}},"1":{"start":{"line":5,"column":4},"end":{"line":5,"column":23}},"2":{"start":{"line":6,"column":4},"end":{"line":6,"column":36}},"3":{"start":{"line":10,"column":0},"end":{"line":10,"column":35}}},"fnMap":{"0":{"name":"(anonymous_0)","decl":{"start":{"line":4,"column":2},"end":{"line":4,"column":3}},"loc":{"start":{"line":4,"column":24},"end":{"line":7,"column":3}},"line":4}},"branchMap":{},"s":{"0":1,"1":1,"2":1,"3":1},"f":{"0":1},"b":{},"_coverageSchema":"1a1c01bbd47fc00a2c39e90264f33305004495a9","hash":"116f7d4d8894119ab3d1d61c7da0acac5369baed"}
,"C:\\Users\\ACER\\OneDrive\\Documents\\Project2an\\PROJECT_PRIBADI\\MANAJEMEN ORGANISASI\\orgcontrol-dev\\src\\Commons\\ClientError.js": {"path":"C:\\Users\\ACER\\OneDrive\\Documents\\Project2an\\PROJECT_PRIBADI\\MANAJEMEN ORGANISASI\\orgcontrol-dev\\src\\Commons\\ClientError.js","statementMap":{"0":{"start":{"line":3,"column":6},"end":{"line":3,"column":20}},"1":{"start":{"line":5,"column":6},"end":{"line":7,"column":7}},"2":{"start":{"line":6,"column":8},"end":{"line":6,"column":60}},"3":{"start":{"line":9,"column":6},"end":{"line":9,"column":34}},"4":{"start":{"line":10,"column":6},"end":{"line":10,"column":31}},"5":{"start":{"line":14,"column":2},"end":{"line":14,"column":30}}},"fnMap":{"0":{"name":"(anonymous_0)","decl":{"start":{"line":2,"column":4},"end":{"line":2,"column":5}},"loc":{"start":{"line":2,"column":44},"end":{"line":11,"column":5}},"line":2}},"branchMap":{"0":{"loc":{"start":{"line":2,"column":26},"end":{"line":2,"column":42}},"type":"default-arg","locations":[{"start":{"line":2,"column":39},"end":{"line":2,"column":42}}],"line":2},"1":{"loc":{"start":{"line":5,"column":6},"end":{"line":7,"column":7}},"type":"if","locations":[{"start":{"line":5,"column":6},"end":{"line":7,"column":7}},{"start":{},"end":{}}],"line":5}},"s":{"0":41,"1":41,"2":1,"3":40,"4":40,"5":15},"f":{"0":41},"b":{"0":[36],"1":[1,40]},"_coverageSchema":"1a1c01bbd47fc00a2c39e90264f33305004495a9","hash":"bb397734d58e452e161f3e75a7399e7dfa351f3f"}
,"C:\\Users\\ACER\\OneDrive\\Documents\\Project2an\\PROJECT_PRIBADI\\MANAJEMEN ORGANISASI\\orgcontrol-dev\\src\\Commons\\DomainErrorTranslator.js": {"path":"C:\\Users\\ACER\\OneDrive\\Documents\\Project2an\\PROJECT_PRIBADI\\MANAJEMEN ORGANISASI\\orgcontrol-dev\\src\\Commons\\DomainErrorTranslator.js","statementMap":{"0":{"start":{"line":1,"column":23},"end":{"line":1,"column":59}},"1":{"start":{"line":2,"column":30},"end":{"line":6,"column":1}},"2":{"start":{"line":4,"column":6},"end":{"line":4,"column":71}},"3":{"start":{"line":7,"column":0},"end":{"line":15,"column":1}},"4":{"start":{"line":16,"column":0},"end":{"line":16,"column":38}}},"fnMap":{"0":{"name":"(anonymous_0)","decl":{"start":{"line":3,"column":4},"end":{"line":3,"column":5}},"loc":{"start":{"line":3,"column":22},"end":{"line":5,"column":5}},"line":3}},"branchMap":{"0":{"loc":{"start":{"line":4,"column":13},"end":{"line":4,"column":71}},"type":"binary-expr","locations":[{"start":{"line":4,"column":13},"end":{"line":4,"column":62}},{"start":{"line":4,"column":66},"end":{"line":4,"column":71}}],"line":4}},"s":{"0":3,"1":3,"2":9,"3":3,"4":3},"f":{"0":9},"b":{"0":[9,2]},"_coverageSchema":"1a1c01bbd47fc00a2c39e90264f33305004495a9","hash":"28446340b656d3d9d3fbfd4fde0f252f0d51e178"}
,"C:\\Users\\ACER\\OneDrive\\Documents\\Project2an\\PROJECT_PRIBADI\\MANAJEMEN ORGANISASI\\orgcontrol-dev\\src\\Commons\\InvariantError.js": {"path":"C:\\Users\\ACER\\OneDrive\\Documents\\Project2an\\PROJECT_PRIBADI\\MANAJEMEN ORGANISASI\\orgcontrol-dev\\src\\Commons\\InvariantError.js","statementMap":{"0":{"start":{"line":1,"column":20},"end":{"line":1,"column":44}},"1":{"start":{"line":5,"column":4},"end":{"line":5,"column":18}},"2":{"start":{"line":6,"column":4},"end":{"line":6,"column":32}},"3":{"start":{"line":10,"column":0},"end":{"line":10,"column":31}}},"fnMap":{"0":{"name":"(anonymous_0)","decl":{"start":{"line":4,"column":2},"end":{"line":4,"column":3}},"loc":{"start":{"line":4,"column":24},"end":{"line":7,"column":3}},"line":4}},"branchMap":{},"s":{"0":10,"1":35,"2":35,"3":10},"f":{"0":35},"b":{},"_coverageSchema":"1a1c01bbd47fc00a2c39e90264f33305004495a9","hash":"4628ec7b90e9728f56ae467c98d07bcbb95f1b9c"}
,"C:\\Users\\ACER\\OneDrive\\Documents\\Project2an\\PROJECT_PRIBADI\\MANAJEMEN ORGANISASI\\orgcontrol-dev\\src\\Commons\\NotFoundError.js": {"path":"C:\\Users\\ACER\\OneDrive\\Documents\\Project2an\\PROJECT_PRIBADI\\MANAJEMEN ORGANISASI\\orgcontrol-dev\\src\\Commons\\NotFoundError.js","statementMap":{"0":{"start":{"line":1,"column":20},"end":{"line":1,"column":44}},"1":{"start":{"line":5,"column":4},"end":{"line":5,"column":23}},"2":{"start":{"line":6,"column":4},"end":{"line":6,"column":31}},"3":{"start":{"line":10,"column":0},"end":{"line":10,"column":30}}},"fnMap":{"0":{"name":"(anonymous_0)","decl":{"start":{"line":4,"column":2},"end":{"line":4,"column":3}},"loc":{"start":{"line":4,"column":24},"end":{"line":7,"column":3}},"line":4}},"branchMap":{},"s":{"0":1,"1":1,"2":1,"3":1},"f":{"0":1},"b":{},"_coverageSchema":"1a1c01bbd47fc00a2c39e90264f33305004495a9","hash":"51177b0c74ef5726221c494d26f960aae57bb469"}
,"C:\\Users\\ACER\\OneDrive\\Documents\\Project2an\\PROJECT_PRIBADI\\MANAJEMEN ORGANISASI\\orgcontrol-dev\\src\\Domains\\authentication\\AuthenticationRepository.js": {"path":"C:\\Users\\ACER\\OneDrive\\Documents\\Project2an\\PROJECT_PRIBADI\\MANAJEMEN ORGANISASI\\orgcontrol-dev\\src\\Domains\\authentication\\AuthenticationRepository.js","statementMap":{"0":{"start":{"line":3,"column":6},"end":{"line":3,"column":73}},"1":{"start":{"line":7,"column":6},"end":{"line":7,"column":73}},"2":{"start":{"line":11,"column":6},"end":{"line":11,"column":73}},"3":{"start":{"line":15,"column":0},"end":{"line":15,"column":41}}},"fnMap":{"0":{"name":"(anonymous_0)","decl":{"start":{"line":2,"column":4},"end":{"line":2,"column":5}},"loc":{"start":{"line":2,"column":27},"end":{"line":4,"column":5}},"line":2},"1":{"name":"(anonymous_1)","decl":{"start":{"line":6,"column":4},"end":{"line":6,"column":5}},"loc":{"start":{"line":6,"column":41},"end":{"line":8,"column":5}},"line":6},"2":{"name":"(anonymous_2)","decl":{"start":{"line":10,"column":4},"end":{"line":10,"column":5}},"loc":{"start":{"line":10,"column":30},"end":{"line":12,"column":5}},"line":10}},"branchMap":{},"s":{"0":1,"1":1,"2":1,"3":6},"f":{"0":1,"1":1,"2":1},"b":{},"_coverageSchema":"1a1c01bbd47fc00a2c39e90264f33305004495a9","hash":"986c351a6d2d616a3b9341b9c7bd40e1b4eb4e0a"}
,"C:\\Users\\ACER\\OneDrive\\Documents\\Project2an\\PROJECT_PRIBADI\\MANAJEMEN ORGANISASI\\orgcontrol-dev\\src\\Domains\\authentication\\entities\\NewAuthentication.js": {"path":"C:\\Users\\ACER\\OneDrive\\Documents\\Project2an\\PROJECT_PRIBADI\\MANAJEMEN ORGANISASI\\orgcontrol-dev\\src\\Domains\\authentication\\entities\\NewAuthentication.js","statementMap":{"0":{"start":{"line":3,"column":6},"end":{"line":3,"column":34}},"1":{"start":{"line":5,"column":6},"end":{"line":5,"column":44}},"2":{"start":{"line":6,"column":6},"end":{"line":6,"column":46}},"3":{"start":{"line":10,"column":44},"end":{"line":10,"column":51}},"4":{"start":{"line":12,"column":6},"end":{"line":14,"column":7}},"5":{"start":{"line":13,"column":8},"end":{"line":13,"column":63}},"6":{"start":{"line":16,"column":6},"end":{"line":18,"column":7}},"7":{"start":{"line":17,"column":8},"end":{"line":17,"column":68}},"8":{"start":{"line":22,"column":0},"end":{"line":22,"column":34}}},"fnMap":{"0":{"name":"(anonymous_0)","decl":{"start":{"line":2,"column":4},"end":{"line":2,"column":5}},"loc":{"start":{"line":2,"column":26},"end":{"line":7,"column":5}},"line":2},"1":{"name":"(anonymous_1)","decl":{"start":{"line":9,"column":4},"end":{"line":9,"column":5}},"loc":{"start":{"line":9,"column":29},"end":{"line":19,"column":5}},"line":9}},"branchMap":{"0":{"loc":{"start":{"line":12,"column":6},"end":{"line":14,"column":7}},"type":"if","locations":[{"start":{"line":12,"column":6},"end":{"line":14,"column":7}},{"start":{},"end":{}}],"line":12},"1":{"loc":{"start":{"line":12,"column":10},"end":{"line":12,"column":39}},"type":"binary-expr","locations":[{"start":{"line":12,"column":10},"end":{"line":12,"column":22}},{"start":{"line":12,"column":26},"end":{"line":12,"column":39}}],"line":12},"2":{"loc":{"start":{"line":16,"column":6},"end":{"line":18,"column":7}},"type":"if","locations":[{"start":{"line":16,"column":6},"end":{"line":18,"column":7}},{"start":{},"end":{}}],"line":16},"3":{"loc":{"start":{"line":16,"column":10},"end":{"line":16,"column":77}},"type":"binary-expr","locations":[{"start":{"line":16,"column":10},"end":{"line":16,"column":41}},{"start":{"line":16,"column":45},"end":{"line":16,"column":77}}],"line":16}},"s":{"0":7,"1":5,"2":5,"3":7,"4":7,"5":1,"6":6,"7":1,"8":4},"f":{"0":7,"1":7},"b":{"0":[1,6],"1":[7,7],"2":[1,5],"3":[6,6]},"_coverageSchema":"1a1c01bbd47fc00a2c39e90264f33305004495a9","hash":"1d3b07dda43c2a3a80cf459f2f1f64a0ea05ee19"}
,"C:\\Users\\ACER\\OneDrive\\Documents\\Project2an\\PROJECT_PRIBADI\\MANAJEMEN ORGANISASI\\orgcontrol-dev\\src\\Domains\\category\\CategoryRepository.js": {"path":"C:\\Users\\ACER\\OneDrive\\Documents\\Project2an\\PROJECT_PRIBADI\\MANAJEMEN ORGANISASI\\orgcontrol-dev\\src\\Domains\\category\\CategoryRepository.js","statementMap":{"0":{"start":{"line":3,"column":6},"end":{"line":3,"column":68}},"1":{"start":{"line":7,"column":6},"end":{"line":7,"column":68}},"2":{"start":{"line":11,"column":6},"end":{"line":11,"column":68}},"3":{"start":{"line":15,"column":0},"end":{"line":15,"column":36}}},"fnMap":{"0":{"name":"(anonymous_0)","decl":{"start":{"line":2,"column":4},"end":{"line":2,"column":5}},"loc":{"start":{"line":2,"column":35},"end":{"line":4,"column":5}},"line":2},"1":{"name":"(anonymous_1)","decl":{"start":{"line":6,"column":4},"end":{"line":6,"column":5}},"loc":{"start":{"line":6,"column":35},"end":{"line":8,"column":5}},"line":6},"2":{"name":"(anonymous_2)","decl":{"start":{"line":10,"column":4},"end":{"line":10,"column":5}},"loc":{"start":{"line":10,"column":31},"end":{"line":12,"column":5}},"line":10}},"branchMap":{},"s":{"0":1,"1":1,"2":1,"3":6},"f":{"0":1,"1":1,"2":1},"b":{},"_coverageSchema":"1a1c01bbd47fc00a2c39e90264f33305004495a9","hash":"68130c8ff44a9dbb7f39f91432949c67b9d965db"}
,"C:\\Users\\ACER\\OneDrive\\Documents\\Project2an\\PROJECT_PRIBADI\\MANAJEMEN ORGANISASI\\orgcontrol-dev\\src\\Domains\\category\\entities\\AddedCategory.js": {"path":"C:\\Users\\ACER\\OneDrive\\Documents\\Project2an\\PROJECT_PRIBADI\\MANAJEMEN ORGANISASI\\orgcontrol-dev\\src\\Domains\\category\\entities\\AddedCategory.js","statementMap":{"0":{"start":{"line":3,"column":4},"end":{"line":3,"column":33}},"1":{"start":{"line":4,"column":25},"end":{"line":4,"column":32}},"2":{"start":{"line":5,"column":4},"end":{"line":5,"column":17}},"3":{"start":{"line":6,"column":4},"end":{"line":6,"column":21}},"4":{"start":{"line":9,"column":4},"end":{"line":11,"column":5}},"5":{"start":{"line":10,"column":6},"end":{"line":10,"column":68}},"6":{"start":{"line":12,"column":4},"end":{"line":14,"column":5}},"7":{"start":{"line":13,"column":6},"end":{"line":13,"column":73}},"8":{"start":{"line":17,"column":0},"end":{"line":17,"column":31}}},"fnMap":{"0":{"name":"(anonymous_0)","decl":{"start":{"line":2,"column":2},"end":{"line":2,"column":3}},"loc":{"start":{"line":2,"column":23},"end":{"line":7,"column":3}},"line":2},"1":{"name":"(anonymous_1)","decl":{"start":{"line":8,"column":2},"end":{"line":8,"column":3}},"loc":{"start":{"line":8,"column":31},"end":{"line":15,"column":3}},"line":8}},"branchMap":{"0":{"loc":{"start":{"line":9,"column":4},"end":{"line":11,"column":5}},"type":"if","locations":[{"start":{"line":9,"column":4},"end":{"line":11,"column":5}},{"start":{},"end":{}}],"line":9},"1":{"loc":{"start":{"line":9,"column":8},"end":{"line":9,"column":20}},"type":"binary-expr","locations":[{"start":{"line":9,"column":8},"end":{"line":9,"column":11}},{"start":{"line":9,"column":15},"end":{"line":9,"column":20}}],"line":9},"2":{"loc":{"start":{"line":12,"column":4},"end":{"line":14,"column":5}},"type":"if","locations":[{"start":{"line":12,"column":4},"end":{"line":14,"column":5}},{"start":{},"end":{}}],"line":12},"3":{"loc":{"start":{"line":12,"column":8},"end":{"line":12,"column":58}},"type":"binary-expr","locations":[{"start":{"line":12,"column":8},"end":{"line":12,"column":30}},{"start":{"line":12,"column":34},"end":{"line":12,"column":58}}],"line":12}},"s":{"0":14,"1":12,"2":12,"3":12,"4":14,"5":1,"6":13,"7":1,"8":5},"f":{"0":14,"1":14},"b":{"0":[1,13],"1":[14,14],"2":[1,12],"3":[13,12]},"_coverageSchema":"1a1c01bbd47fc00a2c39e90264f33305004495a9","hash":"51adb1e3c3ad8e410f1f0a6f14a4d47dc935ccbc"}
,"C:\\Users\\ACER\\OneDrive\\Documents\\Project2an\\PROJECT_PRIBADI\\MANAJEMEN ORGANISASI\\orgcontrol-dev\\src\\Domains\\category\\entities\\NewCategory.js": {"path":"C:\\Users\\ACER\\OneDrive\\Documents\\Project2an\\PROJECT_PRIBADI\\MANAJEMEN ORGANISASI\\orgcontrol-dev\\src\\Domains\\category\\entities\\NewCategory.js","statementMap":{"0":{"start":{"line":3,"column":4},"end":{"line":3,"column":33}},"1":{"start":{"line":4,"column":21},"end":{"line":4,"column":28}},"2":{"start":{"line":5,"column":4},"end":{"line":5,"column":21}},"3":{"start":{"line":8,"column":8},"end":{"line":10,"column":9}},"4":{"start":{"line":9,"column":8},"end":{"line":9,"column":68}},"5":{"start":{"line":11,"column":8},"end":{"line":13,"column":9}},"6":{"start":{"line":12,"column":8},"end":{"line":12,"column":73}},"7":{"start":{"line":16,"column":0},"end":{"line":16,"column":29}}},"fnMap":{"0":{"name":"(anonymous_0)","decl":{"start":{"line":2,"column":2},"end":{"line":2,"column":3}},"loc":{"start":{"line":2,"column":23},"end":{"line":6,"column":3}},"line":2},"1":{"name":"(anonymous_1)","decl":{"start":{"line":7,"column":4},"end":{"line":7,"column":5}},"loc":{"start":{"line":7,"column":29},"end":{"line":14,"column":5}},"line":7}},"branchMap":{"0":{"loc":{"start":{"line":8,"column":8},"end":{"line":10,"column":9}},"type":"if","locations":[{"start":{"line":8,"column":8},"end":{"line":10,"column":9}},{"start":{},"end":{}}],"line":8},"1":{"loc":{"start":{"line":11,"column":8},"end":{"line":13,"column":9}},"type":"if","locations":[{"start":{"line":11,"column":8},"end":{"line":13,"column":9}},{"start":{},"end":{}}],"line":11}},"s":{"0":13,"1":11,"2":11,"3":13,"4":1,"5":12,"6":1,"7":4},"f":{"0":13,"1":13},"b":{"0":[1,12],"1":[1,11]},"_coverageSchema":"1a1c01bbd47fc00a2c39e90264f33305004495a9","hash":"3c62f391156fb79e825bd7873c7d33b7b3b5901b"}
,"C:\\Users\\ACER\\OneDrive\\Documents\\Project2an\\PROJECT_PRIBADI\\MANAJEMEN ORGANISASI\\orgcontrol-dev\\src\\Domains\\organization\\OrganizationRepository.js": {"path":"C:\\Users\\ACER\\OneDrive\\Documents\\Project2an\\PROJECT_PRIBADI\\MANAJEMEN ORGANISASI\\orgcontrol-dev\\src\\Domains\\organization\\OrganizationRepository.js","statementMap":{"0":{"start":{"line":3,"column":4},"end":{"line":3,"column":70}},"1":{"start":{"line":6,"column":0},"end":{"line":6,"column":40}}},"fnMap":{"0":{"name":"(anonymous_0)","decl":{"start":{"line":2,"column":2},"end":{"line":2,"column":3}},"loc":{"start":{"line":2,"column":41},"end":{"line":4,"column":3}},"line":2}},"branchMap":{},"s":{"0":1,"1":5},"f":{"0":1},"b":{},"_coverageSchema":"1a1c01bbd47fc00a2c39e90264f33305004495a9","hash":"be9439158612ccf8c046b59f7782cec9c6eb2f26"}
,"C:\\Users\\ACER\\OneDrive\\Documents\\Project2an\\PROJECT_PRIBADI\\MANAJEMEN ORGANISASI\\orgcontrol-dev\\src\\Domains\\organization\\entities\\AddOrganization.js": {"path":"C:\\Users\\ACER\\OneDrive\\Documents\\Project2an\\PROJECT_PRIBADI\\MANAJEMEN ORGANISASI\\orgcontrol-dev\\src\\Domains\\organization\\entities\\AddOrganization.js","statementMap":{"0":{"start":{"line":3,"column":6},"end":{"line":3,"column":34}},"1":{"start":{"line":5,"column":46},"end":{"line":5,"column":53}},"2":{"start":{"line":7,"column":6},"end":{"line":7,"column":22}},"3":{"start":{"line":8,"column":6},"end":{"line":8,"column":28}},"4":{"start":{"line":9,"column":6},"end":{"line":9,"column":36}},"5":{"start":{"line":14,"column":6},"end":{"line":16,"column":7}},"6":{"start":{"line":15,"column":8},"end":{"line":15,"column":71}},"7":{"start":{"line":18,"column":6},"end":{"line":20,"column":7}},"8":{"start":{"line":19,"column":8},"end":{"line":19,"column":76}},"9":{"start":{"line":26,"column":0},"end":{"line":26,"column":32}}},"fnMap":{"0":{"name":"(anonymous_0)","decl":{"start":{"line":2,"column":4},"end":{"line":2,"column":5}},"loc":{"start":{"line":2,"column":26},"end":{"line":11,"column":5}},"line":2},"1":{"name":"(anonymous_1)","decl":{"start":{"line":13,"column":4},"end":{"line":13,"column":5}},"loc":{"start":{"line":13,"column":54},"end":{"line":22,"column":5}},"line":13}},"branchMap":{"0":{"loc":{"start":{"line":14,"column":6},"end":{"line":16,"column":7}},"type":"if","locations":[{"start":{"line":14,"column":6},"end":{"line":16,"column":7}},{"start":{},"end":{}}],"line":14},"1":{"loc":{"start":{"line":14,"column":10},"end":{"line":14,"column":44}},"type":"binary-expr","locations":[{"start":{"line":14,"column":10},"end":{"line":14,"column":15}},{"start":{"line":14,"column":19},"end":{"line":14,"column":27}},{"start":{"line":14,"column":32},"end":{"line":14,"column":44}}],"line":14},"2":{"loc":{"start":{"line":18,"column":6},"end":{"line":20,"column":7}},"type":"if","locations":[{"start":{"line":18,"column":6},"end":{"line":20,"column":7}},{"start":{},"end":{}}],"line":18},"3":{"loc":{"start":{"line":18,"column":10},"end":{"line":18,"column":102}},"type":"binary-expr","locations":[{"start":{"line":18,"column":10},"end":{"line":18,"column":34}},{"start":{"line":18,"column":38},"end":{"line":18,"column":65}},{"start":{"line":18,"column":71},"end":{"line":18,"column":102}}],"line":18}},"s":{"0":9,"1":7,"2":7,"3":7,"4":7,"5":9,"6":1,"7":8,"8":1,"9":4},"f":{"0":9,"1":9},"b":{"0":[1,8],"1":[9,9,9],"2":[1,7],"3":[8,7,7]},"_coverageSchema":"1a1c01bbd47fc00a2c39e90264f33305004495a9","hash":"9da37056f183b1a3a9969b51bf2a6e2df13d21d6"}
,"C:\\Users\\ACER\\OneDrive\\Documents\\Project2an\\PROJECT_PRIBADI\\MANAJEMEN ORGANISASI\\orgcontrol-dev\\src\\Domains\\organization\\entities\\AddedOrganization.js": {"path":"C:\\Users\\ACER\\OneDrive\\Documents\\Project2an\\PROJECT_PRIBADI\\MANAJEMEN ORGANISASI\\orgcontrol-dev\\src\\Domains\\organization\\entities\\AddedOrganization.js","statementMap":{"0":{"start":{"line":3,"column":6},"end":{"line":3,"column":34}},"1":{"start":{"line":5,"column":29},"end":{"line":5,"column":36}},"2":{"start":{"line":7,"column":6},"end":{"line":7,"column":18}},"3":{"start":{"line":8,"column":6},"end":{"line":8,"column":22}},"4":{"start":{"line":13,"column":6},"end":{"line":15,"column":7}},"5":{"start":{"line":14,"column":8},"end":{"line":14,"column":73}},"6":{"start":{"line":17,"column":6},"end":{"line":19,"column":7}},"7":{"start":{"line":18,"column":8},"end":{"line":18,"column":78}},"8":{"start":{"line":25,"column":0},"end":{"line":25,"column":34}}},"fnMap":{"0":{"name":"(anonymous_0)","decl":{"start":{"line":2,"column":4},"end":{"line":2,"column":5}},"loc":{"start":{"line":2,"column":26},"end":{"line":10,"column":5}},"line":2},"1":{"name":"(anonymous_1)","decl":{"start":{"line":12,"column":4},"end":{"line":12,"column":5}},"loc":{"start":{"line":12,"column":35},"end":{"line":21,"column":5}},"line":12}},"branchMap":{"0":{"loc":{"start":{"line":13,"column":6},"end":{"line":15,"column":7}},"type":"if","locations":[{"start":{"line":13,"column":6},"end":{"line":15,"column":7}},{"start":{},"end":{}}],"line":13},"1":{"loc":{"start":{"line":13,"column":10},"end":{"line":13,"column":22}},"type":"binary-expr","locations":[{"start":{"line":13,"column":10},"end":{"line":13,"column":15}},{"start":{"line":13,"column":19},"end":{"line":13,"column":22}}],"line":13},"2":{"loc":{"start":{"line":17,"column":6},"end":{"line":19,"column":7}},"type":"if","locations":[{"start":{"line":17,"column":6},"end":{"line":19,"column":7}},{"start":{},"end":{}}],"line":17},"3":{"loc":{"start":{"line":17,"column":10},"end":{"line":17,"column":60}},"type":"binary-expr","locations":[{"start":{"line":17,"column":10},"end":{"line":17,"column":34}},{"start":{"line":17,"column":38},"end":{"line":17,"column":60}}],"line":17}},"s":{"0":12,"1":10,"2":10,"3":10,"4":12,"5":1,"6":11,"7":1,"8":5},"f":{"0":12,"1":12},"b":{"0":[1,11],"1":[12,12],"2":[1,10],"3":[11,10]},"_coverageSchema":"1a1c01bbd47fc00a2c39e90264f33305004495a9","hash":"99f4cf2b52f3e092aad4015218dc22408a670d4f"}
,"C:\\Users\\ACER\\OneDrive\\Documents\\Project2an\\PROJECT_PRIBADI\\MANAJEMEN ORGANISASI\\orgcontrol-dev\\src\\Domains\\role\\RoleRepository.js": {"path":"C:\\Users\\ACER\\OneDrive\\Documents\\Project2an\\PROJECT_PRIBADI\\MANAJEMEN ORGANISASI\\orgcontrol-dev\\src\\Domains\\role\\RoleRepository.js","statementMap":{"0":{"start":{"line":3,"column":4},"end":{"line":3,"column":62}},"1":{"start":{"line":6,"column":4},"end":{"line":6,"column":62}},"2":{"start":{"line":9,"column":4},"end":{"line":9,"column":62}},"3":{"start":{"line":12,"column":4},"end":{"line":12,"column":62}},"4":{"start":{"line":15,"column":0},"end":{"line":15,"column":32}}},"fnMap":{"0":{"name":"(anonymous_0)","decl":{"start":{"line":2,"column":2},"end":{"line":2,"column":3}},"loc":{"start":{"line":2,"column":22},"end":{"line":4,"column":3}},"line":2},"1":{"name":"(anonymous_1)","decl":{"start":{"line":5,"column":2},"end":{"line":5,"column":3}},"loc":{"start":{"line":5,"column":34},"end":{"line":7,"column":3}},"line":5},"2":{"name":"(anonymous_2)","decl":{"start":{"line":8,"column":2},"end":{"line":8,"column":3}},"loc":{"start":{"line":8,"column":29},"end":{"line":10,"column":3}},"line":8},"3":{"name":"(anonymous_3)","decl":{"start":{"line":11,"column":2},"end":{"line":11,"column":3}},"loc":{"start":{"line":11,"column":21},"end":{"line":13,"column":3}},"line":11}},"branchMap":{},"s":{"0":1,"1":1,"2":1,"3":1,"4":6},"f":{"0":1,"1":1,"2":1,"3":1},"b":{},"_coverageSchema":"1a1c01bbd47fc00a2c39e90264f33305004495a9","hash":"16c664d676289e2cbc37c1976620e9631116f313"}
,"C:\\Users\\ACER\\OneDrive\\Documents\\Project2an\\PROJECT_PRIBADI\\MANAJEMEN ORGANISASI\\orgcontrol-dev\\src\\Domains\\role\\entities\\AddRole.js": {"path":"C:\\Users\\ACER\\OneDrive\\Documents\\Project2an\\PROJECT_PRIBADI\\MANAJEMEN ORGANISASI\\orgcontrol-dev\\src\\Domains\\role\\entities\\AddRole.js","statementMap":{"0":{"start":{"line":3,"column":8},"end":{"line":3,"column":37}},"1":{"start":{"line":4,"column":25},"end":{"line":4,"column":32}},"2":{"start":{"line":6,"column":8},"end":{"line":6,"column":25}},"3":{"start":{"line":10,"column":8},"end":{"line":12,"column":9}},"4":{"start":{"line":11,"column":12},"end":{"line":11,"column":68}},"5":{"start":{"line":14,"column":8},"end":{"line":16,"column":9}},"6":{"start":{"line":15,"column":12},"end":{"line":15,"column":73}},"7":{"start":{"line":19,"column":0},"end":{"line":19,"column":25}}},"fnMap":{"0":{"name":"(anonymous_0)","decl":{"start":{"line":2,"column":4},"end":{"line":2,"column":5}},"loc":{"start":{"line":2,"column":25},"end":{"line":7,"column":5}},"line":2},"1":{"name":"(anonymous_1)","decl":{"start":{"line":9,"column":4},"end":{"line":9,"column":5}},"loc":{"start":{"line":9,"column":29},"end":{"line":17,"column":5}},"line":9}},"branchMap":{"0":{"loc":{"start":{"line":10,"column":8},"end":{"line":12,"column":9}},"type":"if","locations":[{"start":{"line":10,"column":8},"end":{"line":12,"column":9}},{"start":{},"end":{}}],"line":10},"1":{"loc":{"start":{"line":14,"column":8},"end":{"line":16,"column":9}},"type":"if","locations":[{"start":{"line":14,"column":8},"end":{"line":16,"column":9}},{"start":{},"end":{}}],"line":14}},"s":{"0":13,"1":11,"2":11,"3":13,"4":1,"5":12,"6":1,"7":4},"f":{"0":13,"1":13},"b":{"0":[1,12],"1":[1,11]},"_coverageSchema":"1a1c01bbd47fc00a2c39e90264f33305004495a9","hash":"29ac9d9a0e1f4b7a41c7342032bb140ff2e6256c"}
,"C:\\Users\\ACER\\OneDrive\\Documents\\Project2an\\PROJECT_PRIBADI\\MANAJEMEN ORGANISASI\\orgcontrol-dev\\src\\Domains\\role\\entities\\AddedRole.js": {"path":"C:\\Users\\ACER\\OneDrive\\Documents\\Project2an\\PROJECT_PRIBADI\\MANAJEMEN ORGANISASI\\orgcontrol-dev\\src\\Domains\\role\\entities\\AddedRole.js","statementMap":{"0":{"start":{"line":3,"column":4},"end":{"line":3,"column":33}},"1":{"start":{"line":4,"column":25},"end":{"line":4,"column":32}},"2":{"start":{"line":5,"column":4},"end":{"line":5,"column":17}},"3":{"start":{"line":6,"column":4},"end":{"line":6,"column":21}},"4":{"start":{"line":9,"column":8},"end":{"line":11,"column":9}},"5":{"start":{"line":10,"column":8},"end":{"line":10,"column":66}},"6":{"start":{"line":12,"column":8},"end":{"line":14,"column":9}},"7":{"start":{"line":13,"column":8},"end":{"line":13,"column":71}},"8":{"start":{"line":17,"column":0},"end":{"line":17,"column":27}}},"fnMap":{"0":{"name":"(anonymous_0)","decl":{"start":{"line":2,"column":2},"end":{"line":2,"column":3}},"loc":{"start":{"line":2,"column":23},"end":{"line":7,"column":3}},"line":2},"1":{"name":"(anonymous_1)","decl":{"start":{"line":8,"column":4},"end":{"line":8,"column":5}},"loc":{"start":{"line":8,"column":33},"end":{"line":15,"column":5}},"line":8}},"branchMap":{"0":{"loc":{"start":{"line":9,"column":8},"end":{"line":11,"column":9}},"type":"if","locations":[{"start":{"line":9,"column":8},"end":{"line":11,"column":9}},{"start":{},"end":{}}],"line":9},"1":{"loc":{"start":{"line":9,"column":12},"end":{"line":9,"column":24}},"type":"binary-expr","locations":[{"start":{"line":9,"column":12},"end":{"line":9,"column":15}},{"start":{"line":9,"column":19},"end":{"line":9,"column":24}}],"line":9},"2":{"loc":{"start":{"line":12,"column":8},"end":{"line":14,"column":9}},"type":"if","locations":[{"start":{"line":12,"column":8},"end":{"line":14,"column":9}},{"start":{},"end":{}}],"line":12},"3":{"loc":{"start":{"line":12,"column":12},"end":{"line":12,"column":62}},"type":"binary-expr","locations":[{"start":{"line":12,"column":12},"end":{"line":12,"column":34}},{"start":{"line":12,"column":38},"end":{"line":12,"column":62}}],"line":12}},"s":{"0":14,"1":12,"2":12,"3":12,"4":14,"5":1,"6":13,"7":1,"8":5},"f":{"0":14,"1":14},"b":{"0":[1,13],"1":[14,14],"2":[1,12],"3":[13,12]},"_coverageSchema":"1a1c01bbd47fc00a2c39e90264f33305004495a9","hash":"34b529fc0796659bf275941b10858fae1e46e120"}
,"C:\\Users\\ACER\\OneDrive\\Documents\\Project2an\\PROJECT_PRIBADI\\MANAJEMEN ORGANISASI\\orgcontrol-dev\\src\\Domains\\role\\entities\\GetRole.js": {"path":"C:\\Users\\ACER\\OneDrive\\Documents\\Project2an\\PROJECT_PRIBADI\\MANAJEMEN ORGANISASI\\orgcontrol-dev\\src\\Domains\\role\\entities\\GetRole.js","statementMap":{"0":{"start":{"line":3,"column":8},"end":{"line":3,"column":37}},"1":{"start":{"line":4,"column":51},"end":{"line":4,"column":58}},"2":{"start":{"line":5,"column":8},"end":{"line":5,"column":21}},"3":{"start":{"line":6,"column":8},"end":{"line":6,"column":25}},"4":{"start":{"line":7,"column":8},"end":{"line":7,"column":35}},"5":{"start":{"line":8,"column":8},"end":{"line":8,"column":35}},"6":{"start":{"line":11,"column":8},"end":{"line":13,"column":9}},"7":{"start":{"line":12,"column":12},"end":{"line":12,"column":68}},"8":{"start":{"line":14,"column":8},"end":{"line":16,"column":9}},"9":{"start":{"line":15,"column":12},"end":{"line":15,"column":73}},"10":{"start":{"line":19,"column":0},"end":{"line":19,"column":25}}},"fnMap":{"0":{"name":"(anonymous_0)","decl":{"start":{"line":2,"column":4},"end":{"line":2,"column":5}},"loc":{"start":{"line":2,"column":25},"end":{"line":9,"column":5}},"line":2},"1":{"name":"(anonymous_1)","decl":{"start":{"line":10,"column":4},"end":{"line":10,"column":5}},"loc":{"start":{"line":10,"column":55},"end":{"line":17,"column":5}},"line":10}},"branchMap":{"0":{"loc":{"start":{"line":11,"column":8},"end":{"line":13,"column":9}},"type":"if","locations":[{"start":{"line":11,"column":8},"end":{"line":13,"column":9}},{"start":{},"end":{}}],"line":11},"1":{"loc":{"start":{"line":11,"column":12},"end":{"line":11,"column":52}},"type":"binary-expr","locations":[{"start":{"line":11,"column":12},"end":{"line":11,"column":15}},{"start":{"line":11,"column":19},"end":{"line":11,"column":24}},{"start":{"line":11,"column":28},"end":{"line":11,"column":38}},{"start":{"line":11,"column":42},"end":{"line":11,"column":52}}],"line":11},"2":{"loc":{"start":{"line":14,"column":8},"end":{"line":16,"column":9}},"type":"if","locations":[{"start":{"line":14,"column":8},"end":{"line":16,"column":9}},{"start":{},"end":{}}],"line":14},"3":{"loc":{"start":{"line":14,"column":12},"end":{"line":14,"column":128}},"type":"binary-expr","locations":[{"start":{"line":14,"column":12},"end":{"line":14,"column":34}},{"start":{"line":14,"column":38},"end":{"line":14,"column":62}},{"start":{"line":14,"column":66},"end":{"line":14,"column":95}},{"start":{"line":14,"column":99},"end":{"line":14,"column":128}}],"line":14}},"s":{"0":7,"1":5,"2":5,"3":5,"4":5,"5":5,"6":7,"7":1,"8":6,"9":1,"10":4},"f":{"0":7,"1":7},"b":{"0":[1,6],"1":[7,6,6,6],"2":[1,5],"3":[6,5,5,5]},"_coverageSchema":"1a1c01bbd47fc00a2c39e90264f33305004495a9","hash":"4aee78b8f2f938c487e362ecc3183cc4f8ed11c8"}
,"C:\\Users\\ACER\\OneDrive\\Documents\\Project2an\\PROJECT_PRIBADI\\MANAJEMEN ORGANISASI\\orgcontrol-dev\\src\\Domains\\users\\UserRepository.js": {"path":"C:\\Users\\ACER\\OneDrive\\Documents\\Project2an\\PROJECT_PRIBADI\\MANAJEMEN ORGANISASI\\orgcontrol-dev\\src\\Domains\\users\\UserRepository.js","statementMap":{"0":{"start":{"line":3,"column":6},"end":{"line":3,"column":63}},"1":{"start":{"line":7,"column":6},"end":{"line":7,"column":63}},"2":{"start":{"line":11,"column":6},"end":{"line":11,"column":63}},"3":{"start":{"line":15,"column":6},"end":{"line":15,"column":63}},"4":{"start":{"line":19,"column":2},"end":{"line":19,"column":33}}},"fnMap":{"0":{"name":"(anonymous_0)","decl":{"start":{"line":2,"column":4},"end":{"line":2,"column":5}},"loc":{"start":{"line":2,"column":33},"end":{"line":4,"column":5}},"line":2},"1":{"name":"(anonymous_1)","decl":{"start":{"line":6,"column":4},"end":{"line":6,"column":5}},"loc":{"start":{"line":6,"column":39},"end":{"line":8,"column":5}},"line":6},"2":{"name":"(anonymous_2)","decl":{"start":{"line":10,"column":4},"end":{"line":10,"column":5}},"loc":{"start":{"line":10,"column":37},"end":{"line":12,"column":5}},"line":10},"3":{"name":"(anonymous_3)","decl":{"start":{"line":14,"column":4},"end":{"line":14,"column":5}},"loc":{"start":{"line":14,"column":31},"end":{"line":16,"column":5}},"line":14}},"branchMap":{},"s":{"0":1,"1":1,"2":1,"3":1,"4":6},"f":{"0":1,"1":1,"2":1,"3":1},"b":{},"_coverageSchema":"1a1c01bbd47fc00a2c39e90264f33305004495a9","hash":"b42b7765c082a09a8524e21917b80bd465051015"}
,"C:\\Users\\ACER\\OneDrive\\Documents\\Project2an\\PROJECT_PRIBADI\\MANAJEMEN ORGANISASI\\orgcontrol-dev\\src\\Domains\\users\\entities\\RegisterUser.js": {"path":"C:\\Users\\ACER\\OneDrive\\Documents\\Project2an\\PROJECT_PRIBADI\\MANAJEMEN ORGANISASI\\orgcontrol-dev\\src\\Domains\\users\\entities\\RegisterUser.js","statementMap":{"0":{"start":{"line":3,"column":6},"end":{"line":3,"column":34}},"1":{"start":{"line":5,"column":60},"end":{"line":5,"column":67}},"2":{"start":{"line":7,"column":6},"end":{"line":7,"column":22}},"3":{"start":{"line":8,"column":6},"end":{"line":8,"column":24}},"4":{"start":{"line":9,"column":6},"end":{"line":9,"column":30}},"5":{"start":{"line":10,"column":6},"end":{"line":10,"column":28}},"6":{"start":{"line":11,"column":6},"end":{"line":11,"column":30}},"7":{"start":{"line":16,"column":6},"end":{"line":18,"column":7}},"8":{"start":{"line":17,"column":8},"end":{"line":17,"column":68}},"9":{"start":{"line":20,"column":6},"end":{"line":22,"column":7}},"10":{"start":{"line":21,"column":8},"end":{"line":21,"column":73}},"11":{"start":{"line":24,"column":6},"end":{"line":26,"column":7}},"12":{"start":{"line":25,"column":8},"end":{"line":25,"column":60}},"13":{"start":{"line":28,"column":6},"end":{"line":30,"column":7}},"14":{"start":{"line":29,"column":8},"end":{"line":29,"column":78}},"15":{"start":{"line":34,"column":27},"end":{"line":34,"column":55}},"16":{"start":{"line":35,"column":8},"end":{"line":35,"column":38}},"17":{"start":{"line":39,"column":0},"end":{"line":39,"column":30}}},"fnMap":{"0":{"name":"(anonymous_0)","decl":{"start":{"line":2,"column":4},"end":{"line":2,"column":5}},"loc":{"start":{"line":2,"column":26},"end":{"line":13,"column":5}},"line":2},"1":{"name":"(anonymous_1)","decl":{"start":{"line":15,"column":4},"end":{"line":15,"column":5}},"loc":{"start":{"line":15,"column":67},"end":{"line":31,"column":5}},"line":15},"2":{"name":"(anonymous_2)","decl":{"start":{"line":32,"column":4},"end":{"line":32,"column":5}},"loc":{"start":{"line":32,"column":25},"end":{"line":36,"column":7}},"line":32}},"branchMap":{"0":{"loc":{"start":{"line":16,"column":6},"end":{"line":18,"column":7}},"type":"if","locations":[{"start":{"line":16,"column":6},"end":{"line":18,"column":7}},{"start":{},"end":{}}],"line":16},"1":{"loc":{"start":{"line":16,"column":10},"end":{"line":16,"column":63}},"type":"binary-expr","locations":[{"start":{"line":16,"column":10},"end":{"line":16,"column":15}},{"start":{"line":16,"column":19},"end":{"line":16,"column":28}},{"start":{"line":16,"column":33},"end":{"line":16,"column":39}},{"start":{"line":16,"column":42},"end":{"line":16,"column":50}},{"start":{"line":16,"column":54},"end":{"line":16,"column":63}}],"line":16},"2":{"loc":{"start":{"line":20,"column":6},"end":{"line":22,"column":7}},"type":"if","locations":[{"start":{"line":20,"column":6},"end":{"line":22,"column":7}},{"start":{},"end":{}}],"line":20},"3":{"loc":{"start":{"line":20,"column":10},"end":{"line":20,"column":159}},"type":"binary-expr","locations":[{"start":{"line":20,"column":10},"end":{"line":20,"column":34}},{"start":{"line":20,"column":38},"end":{"line":20,"column":66}},{"start":{"line":20,"column":71},"end":{"line":20,"column":96}},{"start":{"line":20,"column":100},"end":{"line":20,"column":127}},{"start":{"line":20,"column":131},"end":{"line":20,"column":159}}],"line":20},"4":{"loc":{"start":{"line":24,"column":6},"end":{"line":26,"column":7}},"type":"if","locations":[{"start":{"line":24,"column":6},"end":{"line":26,"column":7}},{"start":{},"end":{}}],"line":24},"5":{"loc":{"start":{"line":28,"column":6},"end":{"line":30,"column":7}},"type":"if","locations":[{"start":{"line":28,"column":6},"end":{"line":30,"column":7}},{"start":{},"end":{}}],"line":28}},"s":{"0":17,"1":10,"2":10,"3":10,"4":10,"5":10,"6":10,"7":17,"8":2,"9":15,"10":2,"11":13,"12":1,"13":12,"14":2,"15":12,"16":12,"17":4},"f":{"0":17,"1":17,"2":12},"b":{"0":[2,15],"1":[17,17,17,15,15],"2":[2,13],"3":[15,14,14,13,13],"4":[1,12],"5":[2,10]},"_coverageSchema":"1a1c01bbd47fc00a2c39e90264f33305004495a9","hash":"c5b76d4dfcaa4402d5d202e168694cc7c80169d8"}
,"C:\\Users\\ACER\\OneDrive\\Documents\\Project2an\\PROJECT_PRIBADI\\MANAJEMEN ORGANISASI\\orgcontrol-dev\\src\\Domains\\users\\entities\\RegisteredUser.js": {"path":"C:\\Users\\ACER\\OneDrive\\Documents\\Project2an\\PROJECT_PRIBADI\\MANAJEMEN ORGANISASI\\orgcontrol-dev\\src\\Domains\\users\\entities\\RegisteredUser.js","statementMap":{"0":{"start":{"line":3,"column":6},"end":{"line":3,"column":34}},"1":{"start":{"line":5,"column":34},"end":{"line":5,"column":41}},"2":{"start":{"line":7,"column":6},"end":{"line":7,"column":18}},"3":{"start":{"line":8,"column":6},"end":{"line":8,"column":24}},"4":{"start":{"line":9,"column":6},"end":{"line":9,"column":22}},"5":{"start":{"line":13,"column":6},"end":{"line":15,"column":7}},"6":{"start":{"line":14,"column":8},"end":{"line":14,"column":70}},"7":{"start":{"line":17,"column":6},"end":{"line":19,"column":7}},"8":{"start":{"line":18,"column":8},"end":{"line":18,"column":75}},"9":{"start":{"line":23,"column":2},"end":{"line":23,"column":33}}},"fnMap":{"0":{"name":"(anonymous_0)","decl":{"start":{"line":2,"column":4},"end":{"line":2,"column":5}},"loc":{"start":{"line":2,"column":26},"end":{"line":10,"column":5}},"line":2},"1":{"name":"(anonymous_1)","decl":{"start":{"line":12,"column":4},"end":{"line":12,"column":5}},"loc":{"start":{"line":12,"column":41},"end":{"line":20,"column":5}},"line":12}},"branchMap":{"0":{"loc":{"start":{"line":13,"column":6},"end":{"line":15,"column":7}},"type":"if","locations":[{"start":{"line":13,"column":6},"end":{"line":15,"column":7}},{"start":{},"end":{}}],"line":13},"1":{"loc":{"start":{"line":13,"column":10},"end":{"line":13,"column":32}},"type":"binary-expr","locations":[{"start":{"line":13,"column":10},"end":{"line":13,"column":13}},{"start":{"line":13,"column":17},"end":{"line":13,"column":23}},{"start":{"line":13,"column":27},"end":{"line":13,"column":32}}],"line":13},"2":{"loc":{"start":{"line":17,"column":6},"end":{"line":19,"column":7}},"type":"if","locations":[{"start":{"line":17,"column":6},"end":{"line":19,"column":7}},{"start":{},"end":{}}],"line":17},"3":{"loc":{"start":{"line":17,"column":10},"end":{"line":17,"column":89}},"type":"binary-expr","locations":[{"start":{"line":17,"column":10},"end":{"line":17,"column":32}},{"start":{"line":17,"column":36},"end":{"line":17,"column":61}},{"start":{"line":17,"column":65},"end":{"line":17,"column":89}}],"line":17}},"s":{"0":11,"1":9,"2":9,"3":9,"4":9,"5":11,"6":1,"7":10,"8":1,"9":5},"f":{"0":11,"1":11},"b":{"0":[1,10],"1":[11,10,10],"2":[1,9],"3":[10,9,9]},"_coverageSchema":"1a1c01bbd47fc00a2c39e90264f33305004495a9","hash":"4f207883cc33ad5792cd14b2a0b8635268ed4a8e"}
,"C:\\Users\\ACER\\OneDrive\\Documents\\Project2an\\PROJECT_PRIBADI\\MANAJEMEN ORGANISASI\\orgcontrol-dev\\src\\Domains\\users\\entities\\UserLogin.js": {"path":"C:\\Users\\ACER\\OneDrive\\Documents\\Project2an\\PROJECT_PRIBADI\\MANAJEMEN ORGANISASI\\orgcontrol-dev\\src\\Domains\\users\\entities\\UserLogin.js","statementMap":{"0":{"start":{"line":3,"column":8},"end":{"line":3,"column":36}},"1":{"start":{"line":4,"column":36},"end":{"line":4,"column":43}},"2":{"start":{"line":5,"column":8},"end":{"line":5,"column":26}},"3":{"start":{"line":6,"column":8},"end":{"line":6,"column":32}},"4":{"start":{"line":10,"column":8},"end":{"line":12,"column":9}},"5":{"start":{"line":11,"column":8},"end":{"line":11,"column":65}},"6":{"start":{"line":14,"column":8},"end":{"line":16,"column":9}},"7":{"start":{"line":15,"column":8},"end":{"line":15,"column":70}},"8":{"start":{"line":18,"column":8},"end":{"line":20,"column":9}},"9":{"start":{"line":19,"column":8},"end":{"line":19,"column":54}},"10":{"start":{"line":22,"column":8},"end":{"line":24,"column":9}},"11":{"start":{"line":23,"column":8},"end":{"line":23,"column":72}},"12":{"start":{"line":28,"column":27},"end":{"line":28,"column":55}},"13":{"start":{"line":29,"column":8},"end":{"line":29,"column":38}},"14":{"start":{"line":32,"column":0},"end":{"line":32,"column":27}}},"fnMap":{"0":{"name":"(anonymous_0)","decl":{"start":{"line":2,"column":4},"end":{"line":2,"column":5}},"loc":{"start":{"line":2,"column":26},"end":{"line":7,"column":5}},"line":2},"1":{"name":"(anonymous_1)","decl":{"start":{"line":9,"column":4},"end":{"line":9,"column":5}},"loc":{"start":{"line":9,"column":41},"end":{"line":25,"column":5}},"line":9},"2":{"name":"(anonymous_2)","decl":{"start":{"line":26,"column":4},"end":{"line":26,"column":5}},"loc":{"start":{"line":26,"column":25},"end":{"line":30,"column":5}},"line":26}},"branchMap":{"0":{"loc":{"start":{"line":10,"column":8},"end":{"line":12,"column":9}},"type":"if","locations":[{"start":{"line":10,"column":8},"end":{"line":12,"column":9}},{"start":{},"end":{}}],"line":10},"1":{"loc":{"start":{"line":10,"column":12},"end":{"line":10,"column":31}},"type":"binary-expr","locations":[{"start":{"line":10,"column":12},"end":{"line":10,"column":18}},{"start":{"line":10,"column":22},"end":{"line":10,"column":31}}],"line":10},"2":{"loc":{"start":{"line":14,"column":8},"end":{"line":16,"column":9}},"type":"if","locations":[{"start":{"line":14,"column":8},"end":{"line":16,"column":9}},{"start":{},"end":{}}],"line":14},"3":{"loc":{"start":{"line":14,"column":12},"end":{"line":14,"column":69}},"type":"binary-expr","locations":[{"start":{"line":14,"column":12},"end":{"line":14,"column":37}},{"start":{"line":14,"column":41},"end":{"line":14,"column":69}}],"line":14},"4":{"loc":{"start":{"line":18,"column":8},"end":{"line":20,"column":9}},"type":"if","locations":[{"start":{"line":18,"column":8},"end":{"line":20,"column":9}},{"start":{},"end":{}}],"line":18},"5":{"loc":{"start":{"line":22,"column":8},"end":{"line":24,"column":9}},"type":"if","locations":[{"start":{"line":22,"column":8},"end":{"line":24,"column":9}},{"start":{},"end":{}}],"line":22}},"s":{"0":9,"1":5,"2":5,"3":5,"4":9,"5":1,"6":8,"7":1,"8":7,"9":1,"10":6,"11":1,"12":6,"13":6,"14":4},"f":{"0":9,"1":9,"2":6},"b":{"0":[1,8],"1":[9,9],"2":[1,7],"3":[8,7],"4":[1,6],"5":[1,5]},"_coverageSchema":"1a1c01bbd47fc00a2c39e90264f33305004495a9","hash":"f4d99f85ae6040b7b84c9952ecccf8533c41c3f0"}
,"C:\\Users\\ACER\\OneDrive\\Documents\\Project2an\\PROJECT_PRIBADI\\MANAJEMEN ORGANISASI\\orgcontrol-dev\\src\\Infrastructures\\database\\mysql\\mysql.js": {"path":"C:\\Users\\ACER\\OneDrive\\Documents\\Project2an\\PROJECT_PRIBADI\\MANAJEMEN ORGANISASI\\orgcontrol-dev\\src\\Infrastructures\\database\\mysql\\mysql.js","statementMap":{"0":{"start":{"line":2,"column":15},"end":{"line":2,"column":40}},"1":{"start":{"line":4,"column":14},"end":{"line":4,"column":39}},"2":{"start":{"line":6,"column":0},"end":{"line":6,"column":23}}},"fnMap":{},"branchMap":{},"s":{"0":7,"1":7,"2":7},"f":{},"b":{},"_coverageSchema":"1a1c01bbd47fc00a2c39e90264f33305004495a9","hash":"bc1697c371498ddda4788df6312134e731c532d3"}
,"C:\\Users\\ACER\\OneDrive\\Documents\\Project2an\\PROJECT_PRIBADI\\MANAJEMEN ORGANISASI\\orgcontrol-dev\\src\\Infrastructures\\http\\CreateServer.js": {"path":"C:\\Users\\ACER\\OneDrive\\Documents\\Project2an\\PROJECT_PRIBADI\\MANAJEMEN ORGANISASI\\orgcontrol-dev\\src\\Infrastructures\\http\\CreateServer.js","statementMap":{"0":{"start":{"line":1,"column":16},"end":{"line":1,"column":34}},"1":{"start":{"line":2,"column":29},"end":{"line":2,"column":47}},"2":{"start":{"line":3,"column":12},"end":{"line":3,"column":35}},"3":{"start":{"line":5,"column":14},"end":{"line":5,"column":56}},"4":{"start":{"line":6,"column":17},"end":{"line":6,"column":62}},"5":{"start":{"line":7,"column":14},"end":{"line":7,"column":55}},"6":{"start":{"line":8,"column":14},"end":{"line":8,"column":56}},"7":{"start":{"line":10,"column":20},"end":{"line":10,"column":56}},"8":{"start":{"line":11,"column":30},"end":{"line":11,"column":76}},"9":{"start":{"line":13,"column":21},"end":{"line":63,"column":1}},"10":{"start":{"line":14,"column":16},"end":{"line":14,"column":25}},"11":{"start":{"line":17,"column":4},"end":{"line":17,"column":20}},"12":{"start":{"line":18,"column":4},"end":{"line":18,"column":44}},"13":{"start":{"line":19,"column":25},"end":{"line":34,"column":5}},"14":{"start":{"line":20,"column":8},"end":{"line":33,"column":7}},"15":{"start":{"line":21,"column":35},"end":{"line":21,"column":71}},"16":{"start":{"line":22,"column":10},"end":{"line":32,"column":11}},"17":{"start":{"line":23,"column":12},"end":{"line":26,"column":15}},"18":{"start":{"line":28,"column":12},"end":{"line":31,"column":15}},"19":{"start":{"line":35,"column":28},"end":{"line":52,"column":7}},"20":{"start":{"line":36,"column":22},"end":{"line":36,"column":64}},"21":{"start":{"line":38,"column":8},"end":{"line":43,"column":9}},"22":{"start":{"line":39,"column":10},"end":{"line":42,"column":13}},"23":{"start":{"line":45,"column":8},"end":{"line":51,"column":11}},"24":{"start":{"line":46,"column":29},"end":{"line":46,"column":76}},"25":{"start":{"line":47,"column":12},"end":{"line":47,"column":32}},"26":{"start":{"line":48,"column":12},"end":{"line":48,"column":19}},"27":{"start":{"line":50,"column":12},"end":{"line":50,"column":63}},"28":{"start":{"line":54,"column":4},"end":{"line":54,"column":29}},"29":{"start":{"line":55,"column":4},"end":{"line":55,"column":35}},"30":{"start":{"line":56,"column":4},"end":{"line":56,"column":29}},"31":{"start":{"line":57,"column":4},"end":{"line":57,"column":31}},"32":{"start":{"line":58,"column":4},"end":{"line":58,"column":29}},"33":{"start":{"line":61,"column":4},"end":{"line":61,"column":26}},"34":{"start":{"line":62,"column":4},"end":{"line":62,"column":15}},"35":{"start":{"line":64,"column":0},"end":{"line":64,"column":30}}},"fnMap":{"0":{"name":"(anonymous_0)","decl":{"start":{"line":13,"column":21},"end":{"line":13,"column":22}},"loc":{"start":{"line":13,"column":27},"end":{"line":63,"column":1}},"line":13},"1":{"name":"(anonymous_1)","decl":{"start":{"line":19,"column":25},"end":{"line":19,"column":26}},"loc":{"start":{"line":19,"column":50},"end":{"line":34,"column":5}},"line":19},"2":{"name":"(anonymous_2)","decl":{"start":{"line":35,"column":28},"end":{"line":35,"column":29}},"loc":{"start":{"line":35,"column":48},"end":{"line":52,"column":7}},"line":35}},"branchMap":{"0":{"loc":{"start":{"line":20,"column":8},"end":{"line":33,"column":7}},"type":"if","locations":[{"start":{"line":20,"column":8},"end":{"line":33,"column":7}},{"start":{},"end":{}}],"line":20},"1":{"loc":{"start":{"line":22,"column":10},"end":{"line":32,"column":11}},"type":"if","locations":[{"start":{"line":22,"column":10},"end":{"line":32,"column":11}},{"start":{"line":27,"column":15},"end":{"line":32,"column":11}}],"line":22},"2":{"loc":{"start":{"line":38,"column":8},"end":{"line":43,"column":9}},"type":"if","locations":[{"start":{"line":38,"column":8},"end":{"line":43,"column":9}},{"start":{},"end":{}}],"line":38}},"s":{"0":2,"1":2,"2":2,"3":2,"4":2,"5":2,"6":2,"7":2,"8":2,"9":2,"10":10,"11":10,"12":10,"13":10,"14":8,"15":8,"16":8,"17":8,"18":0,"19":10,"20":0,"21":0,"22":0,"23":0,"24":0,"25":0,"26":0,"27":0,"28":10,"29":10,"30":10,"31":10,"32":10,"33":10,"34":10,"35":2},"f":{"0":10,"1":8,"2":0},"b":{"0":[8,0],"1":[8,0],"2":[0,0]},"_coverageSchema":"1a1c01bbd47fc00a2c39e90264f33305004495a9","hash":"744254843b1a47f2e5fdb35fd36f73fe7f01365b"}
,"C:\\Users\\ACER\\OneDrive\\Documents\\Project2an\\PROJECT_PRIBADI\\MANAJEMEN ORGANISASI\\orgcontrol-dev\\src\\Infrastructures\\repository\\AuthenticationRepositoryMysql.js": {"path":"C:\\Users\\ACER\\OneDrive\\Documents\\Project2an\\PROJECT_PRIBADI\\MANAJEMEN ORGANISASI\\orgcontrol-dev\\src\\Infrastructures\\repository\\AuthenticationRepositoryMysql.js","statementMap":{"0":{"start":{"line":1,"column":33},"end":{"line":1,"column":97}},"1":{"start":{"line":2,"column":23},"end":{"line":2,"column":62}},"2":{"start":{"line":6,"column":4},"end":{"line":6,"column":12}},"3":{"start":{"line":7,"column":4},"end":{"line":7,"column":26}},"4":{"start":{"line":11,"column":4},"end":{"line":13,"column":7}},"5":{"start":{"line":17,"column":26},"end":{"line":21,"column":6}},"6":{"start":{"line":22,"column":4},"end":{"line":24,"column":5}},"7":{"start":{"line":23,"column":6},"end":{"line":23,"column":50}},"8":{"start":{"line":28,"column":4},"end":{"line":32,"column":7}},"9":{"start":{"line":35,"column":0},"end":{"line":35,"column":47}}},"fnMap":{"0":{"name":"(anonymous_0)","decl":{"start":{"line":5,"column":2},"end":{"line":5,"column":3}},"loc":{"start":{"line":5,"column":22},"end":{"line":8,"column":3}},"line":5},"1":{"name":"(anonymous_1)","decl":{"start":{"line":10,"column":2},"end":{"line":10,"column":3}},"loc":{"start":{"line":10,"column":24},"end":{"line":14,"column":3}},"line":10},"2":{"name":"(anonymous_2)","decl":{"start":{"line":16,"column":2},"end":{"line":16,"column":3}},"loc":{"start":{"line":16,"column":38},"end":{"line":25,"column":3}},"line":16},"3":{"name":"(anonymous_3)","decl":{"start":{"line":27,"column":2},"end":{"line":27,"column":3}},"loc":{"start":{"line":27,"column":27},"end":{"line":33,"column":3}},"line":27}},"branchMap":{"0":{"loc":{"start":{"line":22,"column":4},"end":{"line":24,"column":5}},"type":"if","locations":[{"start":{"line":22,"column":4},"end":{"line":24,"column":5}},{"start":{},"end":{}}],"line":22}},"s":{"0":3,"1":3,"2":7,"3":7,"4":2,"5":2,"6":2,"7":1,"8":1,"9":3},"f":{"0":7,"1":2,"2":2,"3":1},"b":{"0":[1,1]},"_coverageSchema":"1a1c01bbd47fc00a2c39e90264f33305004495a9","hash":"df9c28ea292fd3802776ab80593494de2b2422c6"}
,"C:\\Users\\ACER\\OneDrive\\Documents\\Project2an\\PROJECT_PRIBADI\\MANAJEMEN ORGANISASI\\orgcontrol-dev\\src\\Infrastructures\\repository\\CategoryRepositoryMysql.js": {"path":"C:\\Users\\ACER\\OneDrive\\Documents\\Project2an\\PROJECT_PRIBADI\\MANAJEMEN ORGANISASI\\orgcontrol-dev\\src\\Infrastructures\\repository\\CategoryRepositoryMysql.js","statementMap":{"0":{"start":{"line":1,"column":23},"end":{"line":1,"column":62}},"1":{"start":{"line":2,"column":27},"end":{"line":2,"column":79}},"2":{"start":{"line":3,"column":22},"end":{"line":3,"column":78}},"3":{"start":{"line":7,"column":4},"end":{"line":7,"column":12}},"4":{"start":{"line":8,"column":4},"end":{"line":8,"column":26}},"5":{"start":{"line":12,"column":21},"end":{"line":12,"column":29}},"6":{"start":{"line":13,"column":24},"end":{"line":15,"column":6}},"7":{"start":{"line":16,"column":4},"end":{"line":16,"column":42}},"8":{"start":{"line":20,"column":21},"end":{"line":22,"column":6}},"9":{"start":{"line":23,"column":4},"end":{"line":25,"column":5}},"10":{"start":{"line":24,"column":6},"end":{"line":24,"column":63}},"11":{"start":{"line":29,"column":21},"end":{"line":31,"column":6}},"12":{"start":{"line":33,"column":4},"end":{"line":35,"column":5}},"13":{"start":{"line":34,"column":6},"end":{"line":34,"column":56}},"14":{"start":{"line":39,"column":0},"end":{"line":39,"column":41}}},"fnMap":{"0":{"name":"(anonymous_0)","decl":{"start":{"line":6,"column":2},"end":{"line":6,"column":3}},"loc":{"start":{"line":6,"column":22},"end":{"line":9,"column":3}},"line":6},"1":{"name":"(anonymous_1)","decl":{"start":{"line":11,"column":2},"end":{"line":11,"column":3}},"loc":{"start":{"line":11,"column":30},"end":{"line":17,"column":3}},"line":11},"2":{"name":"(anonymous_2)","decl":{"start":{"line":19,"column":2},"end":{"line":19,"column":3}},"loc":{"start":{"line":19,"column":33},"end":{"line":26,"column":3}},"line":19},"3":{"name":"(anonymous_3)","decl":{"start":{"line":28,"column":2},"end":{"line":28,"column":3}},"loc":{"start":{"line":28,"column":29},"end":{"line":36,"column":3}},"line":28}},"branchMap":{"0":{"loc":{"start":{"line":23,"column":4},"end":{"line":25,"column":5}},"type":"if","locations":[{"start":{"line":23,"column":4},"end":{"line":25,"column":5}},{"start":{},"end":{}}],"line":23},"1":{"loc":{"start":{"line":33,"column":4},"end":{"line":35,"column":5}},"type":"if","locations":[{"start":{"line":33,"column":4},"end":{"line":35,"column":5}},{"start":{},"end":{}}],"line":33}},"s":{"0":3,"1":3,"2":3,"3":23,"4":23,"5":9,"6":9,"7":9,"8":10,"9":10,"10":1,"11":8,"12":8,"13":2,"14":3},"f":{"0":23,"1":9,"2":10,"3":8},"b":{"0":[1,9],"1":[2,6]},"_coverageSchema":"1a1c01bbd47fc00a2c39e90264f33305004495a9","hash":"799ae89f0924d25febf659ec848f4252078f0ec4"}
,"C:\\Users\\ACER\\OneDrive\\Documents\\Project2an\\PROJECT_PRIBADI\\MANAJEMEN ORGANISASI\\orgcontrol-dev\\src\\Infrastructures\\repository\\OrganizationRepositoryMysql.js": {"path":"C:\\Users\\ACER\\OneDrive\\Documents\\Project2an\\PROJECT_PRIBADI\\MANAJEMEN ORGANISASI\\orgcontrol-dev\\src\\Infrastructures\\repository\\OrganizationRepositoryMysql.js","statementMap":{"0":{"start":{"line":1,"column":31},"end":{"line":1,"column":91}},"1":{"start":{"line":2,"column":26},"end":{"line":2,"column":90}},"2":{"start":{"line":3,"column":23},"end":{"line":3,"column":62}},"3":{"start":{"line":8,"column":4},"end":{"line":8,"column":12}},"4":{"start":{"line":9,"column":4},"end":{"line":9,"column":25}},"5":{"start":{"line":13,"column":43},"end":{"line":13,"column":55}},"6":{"start":{"line":14,"column":28},"end":{"line":16,"column":6}},"7":{"start":{"line":17,"column":4},"end":{"line":17,"column":49}},"8":{"start":{"line":20,"column":0},"end":{"line":20,"column":44}}},"fnMap":{"0":{"name":"(anonymous_0)","decl":{"start":{"line":7,"column":2},"end":{"line":7,"column":3}},"loc":{"start":{"line":7,"column":21},"end":{"line":10,"column":3}},"line":7},"1":{"name":"(anonymous_1)","decl":{"start":{"line":12,"column":2},"end":{"line":12,"column":3}},"loc":{"start":{"line":12,"column":41},"end":{"line":18,"column":3}},"line":12}},"branchMap":{},"s":{"0":3,"1":3,"2":3,"3":11,"4":11,"5":5,"6":5,"7":5,"8":3},"f":{"0":11,"1":5},"b":{},"_coverageSchema":"1a1c01bbd47fc00a2c39e90264f33305004495a9","hash":"a3a1059d94e6a2350d62e4108e0d269ef2214127"}
,"C:\\Users\\ACER\\OneDrive\\Documents\\Project2an\\PROJECT_PRIBADI\\MANAJEMEN ORGANISASI\\orgcontrol-dev\\src\\Infrastructures\\repository\\RoleRepositoryMysql.js": {"path":"C:\\Users\\ACER\\OneDrive\\Documents\\Project2an\\PROJECT_PRIBADI\\MANAJEMEN ORGANISASI\\orgcontrol-dev\\src\\Infrastructures\\repository\\RoleRepositoryMysql.js","statementMap":{"0":{"start":{"line":1,"column":23},"end":{"line":1,"column":62}},"1":{"start":{"line":2,"column":23},"end":{"line":2,"column":67}},"2":{"start":{"line":3,"column":18},"end":{"line":3,"column":66}},"3":{"start":{"line":4,"column":16},"end":{"line":4,"column":62}},"4":{"start":{"line":8,"column":8},"end":{"line":8,"column":16}},"5":{"start":{"line":9,"column":8},"end":{"line":9,"column":30}},"6":{"start":{"line":12,"column":25},"end":{"line":12,"column":29}},"7":{"start":{"line":13,"column":24},"end":{"line":15,"column":10}},"8":{"start":{"line":16,"column":8},"end":{"line":16,"column":38}},"9":{"start":{"line":19,"column":8},"end":{"line":19,"column":32}},"10":{"start":{"line":20,"column":21},"end":{"line":22,"column":10}},"11":{"start":{"line":23,"column":8},"end":{"line":23,"column":32}},"12":{"start":{"line":24,"column":8},"end":{"line":26,"column":9}},"13":{"start":{"line":25,"column":12},"end":{"line":25,"column":65}},"14":{"start":{"line":29,"column":21},"end":{"line":31,"column":10}},"15":{"start":{"line":32,"column":8},"end":{"line":34,"column":9}},"16":{"start":{"line":33,"column":12},"end":{"line":33,"column":55}},"17":{"start":{"line":37,"column":22},"end":{"line":37,"column":56}},"18":{"start":{"line":38,"column":8},"end":{"line":45,"column":11}},"19":{"start":{"line":38,"column":35},"end":{"line":45,"column":9}},"20":{"start":{"line":48,"column":0},"end":{"line":48,"column":37}}},"fnMap":{"0":{"name":"(anonymous_0)","decl":{"start":{"line":7,"column":4},"end":{"line":7,"column":5}},"loc":{"start":{"line":7,"column":23},"end":{"line":10,"column":5}},"line":7},"1":{"name":"(anonymous_1)","decl":{"start":{"line":11,"column":4},"end":{"line":11,"column":5}},"loc":{"start":{"line":11,"column":23},"end":{"line":17,"column":5}},"line":11},"2":{"name":"(anonymous_2)","decl":{"start":{"line":18,"column":4},"end":{"line":18,"column":5}},"loc":{"start":{"line":18,"column":35},"end":{"line":27,"column":5}},"line":18},"3":{"name":"(anonymous_3)","decl":{"start":{"line":28,"column":4},"end":{"line":28,"column":5}},"loc":{"start":{"line":28,"column":30},"end":{"line":35,"column":5}},"line":28},"4":{"name":"(anonymous_4)","decl":{"start":{"line":36,"column":4},"end":{"line":36,"column":5}},"loc":{"start":{"line":36,"column":22},"end":{"line":46,"column":5}},"line":36},"5":{"name":"(anonymous_5)","decl":{"start":{"line":38,"column":25},"end":{"line":38,"column":26}},"loc":{"start":{"line":38,"column":35},"end":{"line":45,"column":9}},"line":38}},"branchMap":{"0":{"loc":{"start":{"line":24,"column":8},"end":{"line":26,"column":9}},"type":"if","locations":[{"start":{"line":24,"column":8},"end":{"line":26,"column":9}},{"start":{},"end":{}}],"line":24},"1":{"loc":{"start":{"line":32,"column":8},"end":{"line":34,"column":9}},"type":"if","locations":[{"start":{"line":32,"column":8},"end":{"line":34,"column":9}},{"start":{},"end":{}}],"line":32}},"s":{"0":3,"1":3,"2":3,"3":3,"4":24,"5":24,"6":9,"7":9,"8":9,"9":10,"10":10,"11":10,"12":10,"13":1,"14":7,"15":7,"16":2,"17":1,"18":1,"19":2,"20":3},"f":{"0":24,"1":9,"2":10,"3":7,"4":1,"5":2},"b":{"0":[1,9],"1":[2,5]},"_coverageSchema":"1a1c01bbd47fc00a2c39e90264f33305004495a9","hash":"df6acd953d01e3b3d5a45fa8cf8ab4d8f3308f5e"}
,"C:\\Users\\ACER\\OneDrive\\Documents\\Project2an\\PROJECT_PRIBADI\\MANAJEMEN ORGANISASI\\orgcontrol-dev\\src\\Infrastructures\\repository\\UserRepositoryMysql.js": {"path":"C:\\Users\\ACER\\OneDrive\\Documents\\Project2an\\PROJECT_PRIBADI\\MANAJEMEN ORGANISASI\\orgcontrol-dev\\src\\Infrastructures\\repository\\UserRepositoryMysql.js","statementMap":{"0":{"start":{"line":1,"column":25},"end":{"line":1,"column":50}},"1":{"start":{"line":2,"column":23},"end":{"line":2,"column":77}},"2":{"start":{"line":3,"column":23},"end":{"line":3,"column":68}},"3":{"start":{"line":4,"column":23},"end":{"line":4,"column":62}},"4":{"start":{"line":8,"column":4},"end":{"line":8,"column":12}},"5":{"start":{"line":9,"column":4},"end":{"line":9,"column":26}},"6":{"start":{"line":13,"column":47},"end":{"line":13,"column":59}},"7":{"start":{"line":14,"column":20},"end":{"line":21,"column":6}},"8":{"start":{"line":22,"column":4},"end":{"line":22,"column":39}},"9":{"start":{"line":26,"column":17},"end":{"line":30,"column":6}},"10":{"start":{"line":31,"column":4},"end":{"line":33,"column":5}},"11":{"start":{"line":32,"column":6},"end":{"line":32,"column":59}},"12":{"start":{"line":37,"column":17},"end":{"line":41,"column":6}},"13":{"start":{"line":42,"column":4},"end":{"line":44,"column":5}},"14":{"start":{"line":43,"column":6},"end":{"line":43,"column":55}},"15":{"start":{"line":45,"column":4},"end":{"line":45,"column":25}},"16":{"start":{"line":49,"column":17},"end":{"line":53,"column":6}},"17":{"start":{"line":54,"column":4},"end":{"line":56,"column":5}},"18":{"start":{"line":55,"column":6},"end":{"line":55,"column":55}},"19":{"start":{"line":57,"column":4},"end":{"line":57,"column":19}},"20":{"start":{"line":61,"column":0},"end":{"line":61,"column":37}}},"fnMap":{"0":{"name":"(anonymous_0)","decl":{"start":{"line":7,"column":2},"end":{"line":7,"column":3}},"loc":{"start":{"line":7,"column":22},"end":{"line":10,"column":3}},"line":7},"1":{"name":"(anonymous_1)","decl":{"start":{"line":12,"column":2},"end":{"line":12,"column":3}},"loc":{"start":{"line":12,"column":30},"end":{"line":23,"column":3}},"line":12},"2":{"name":"(anonymous_2)","decl":{"start":{"line":25,"column":2},"end":{"line":25,"column":3}},"loc":{"start":{"line":25,"column":36},"end":{"line":34,"column":3}},"line":25},"3":{"name":"(anonymous_3)","decl":{"start":{"line":36,"column":2},"end":{"line":36,"column":3}},"loc":{"start":{"line":36,"column":34},"end":{"line":46,"column":3}},"line":36},"4":{"name":"(anonymous_4)","decl":{"start":{"line":48,"column":2},"end":{"line":48,"column":3}},"loc":{"start":{"line":48,"column":28},"end":{"line":58,"column":3}},"line":48}},"branchMap":{"0":{"loc":{"start":{"line":31,"column":4},"end":{"line":33,"column":5}},"type":"if","locations":[{"start":{"line":31,"column":4},"end":{"line":33,"column":5}},{"start":{},"end":{}}],"line":31},"1":{"loc":{"start":{"line":42,"column":4},"end":{"line":44,"column":5}},"type":"if","locations":[{"start":{"line":42,"column":4},"end":{"line":44,"column":5}},{"start":{},"end":{}}],"line":42},"2":{"loc":{"start":{"line":54,"column":4},"end":{"line":56,"column":5}},"type":"if","locations":[{"start":{"line":54,"column":4},"end":{"line":56,"column":5}},{"start":{},"end":{}}],"line":54}},"s":{"0":3,"1":3,"2":3,"3":3,"4":21,"5":21,"6":6,"7":6,"8":6,"9":9,"10":9,"11":2,"12":5,"13":5,"14":2,"15":3,"16":3,"17":3,"18":1,"19":2,"20":3},"f":{"0":21,"1":6,"2":9,"3":5,"4":3},"b":{"0":[2,7],"1":[2,3],"2":[1,2]},"_coverageSchema":"1a1c01bbd47fc00a2c39e90264f33305004495a9","hash":"5e68da44fba058c1b2e7c39bbdd8b408d8bd7c75"}
,"C:\\Users\\ACER\\OneDrive\\Documents\\Project2an\\PROJECT_PRIBADI\\MANAJEMEN ORGANISASI\\orgcontrol-dev\\src\\Infrastructures\\security\\BcryptPasswordHash.js": {"path":"C:\\Users\\ACER\\OneDrive\\Documents\\Project2an\\PROJECT_PRIBADI\\MANAJEMEN ORGANISASI\\orgcontrol-dev\\src\\Infrastructures\\security\\BcryptPasswordHash.js","statementMap":{"0":{"start":{"line":1,"column":21},"end":{"line":1,"column":72}},"1":{"start":{"line":2,"column":28},"end":{"line":2,"column":72}},"2":{"start":{"line":6,"column":4},"end":{"line":6,"column":12}},"3":{"start":{"line":7,"column":4},"end":{"line":7,"column":26}},"4":{"start":{"line":8,"column":4},"end":{"line":8,"column":32}},"5":{"start":{"line":12,"column":4},"end":{"line":12,"column":56}},"6":{"start":{"line":16,"column":19},"end":{"line":16,"column":71}},"7":{"start":{"line":18,"column":4},"end":{"line":20,"column":5}},"8":{"start":{"line":19,"column":6},"end":{"line":19,"column":75}},"9":{"start":{"line":23,"column":0},"end":{"line":23,"column":36}}},"fnMap":{"0":{"name":"(anonymous_0)","decl":{"start":{"line":5,"column":2},"end":{"line":5,"column":3}},"loc":{"start":{"line":5,"column":38},"end":{"line":9,"column":3}},"line":5},"1":{"name":"(anonymous_1)","decl":{"start":{"line":11,"column":2},"end":{"line":11,"column":3}},"loc":{"start":{"line":11,"column":23},"end":{"line":13,"column":3}},"line":11},"2":{"name":"(anonymous_2)","decl":{"start":{"line":15,"column":2},"end":{"line":15,"column":3}},"loc":{"start":{"line":15,"column":50},"end":{"line":21,"column":3}},"line":15}},"branchMap":{"0":{"loc":{"start":{"line":5,"column":22},"end":{"line":5,"column":36}},"type":"default-arg","locations":[{"start":{"line":5,"column":34},"end":{"line":5,"column":36}}],"line":5},"1":{"loc":{"start":{"line":18,"column":4},"end":{"line":20,"column":5}},"type":"if","locations":[{"start":{"line":18,"column":4},"end":{"line":20,"column":5}},{"start":{},"end":{}}],"line":18}},"s":{"0":3,"1":3,"2":16,"3":16,"4":16,"5":6,"6":4,"7":4,"8":2,"9":3},"f":{"0":16,"1":6,"2":4},"b":{"0":[3],"1":[2,2]},"_coverageSchema":"1a1c01bbd47fc00a2c39e90264f33305004495a9","hash":"59933f1b18ee19b0d2f205c6a9853da5f3c50d25"}
,"C:\\Users\\ACER\\OneDrive\\Documents\\Project2an\\PROJECT_PRIBADI\\MANAJEMEN ORGANISASI\\orgcontrol-dev\\src\\Infrastructures\\security\\JwtTokenManager.js": {"path":"C:\\Users\\ACER\\OneDrive\\Documents\\Project2an\\PROJECT_PRIBADI\\MANAJEMEN ORGANISASI\\orgcontrol-dev\\src\\Infrastructures\\security\\JwtTokenManager.js","statementMap":{"0":{"start":{"line":1,"column":12},"end":{"line":1,"column":35}},"1":{"start":{"line":2,"column":23},"end":{"line":2,"column":62}},"2":{"start":{"line":6,"column":4},"end":{"line":6,"column":23}},"3":{"start":{"line":10,"column":4},"end":{"line":10,"column":65}},"4":{"start":{"line":14,"column":4},"end":{"line":14,"column":66}},"5":{"start":{"line":18,"column":4},"end":{"line":23,"column":5}},"6":{"start":{"line":19,"column":22},"end":{"line":19,"column":76}},"7":{"start":{"line":20,"column":6},"end":{"line":20,"column":21}},"8":{"start":{"line":22,"column":6},"end":{"line":22,"column":56}},"9":{"start":{"line":27,"column":20},"end":{"line":27,"column":43}},"10":{"start":{"line":28,"column":4},"end":{"line":28,"column":19}},"11":{"start":{"line":32,"column":0},"end":{"line":32,"column":33}}},"fnMap":{"0":{"name":"(anonymous_0)","decl":{"start":{"line":5,"column":2},"end":{"line":5,"column":3}},"loc":{"start":{"line":5,"column":22},"end":{"line":7,"column":3}},"line":5},"1":{"name":"(anonymous_1)","decl":{"start":{"line":9,"column":2},"end":{"line":9,"column":3}},"loc":{"start":{"line":9,"column":35},"end":{"line":11,"column":3}},"line":9},"2":{"name":"(anonymous_2)","decl":{"start":{"line":13,"column":2},"end":{"line":13,"column":3}},"loc":{"start":{"line":13,"column":36},"end":{"line":15,"column":3}},"line":13},"3":{"name":"(anonymous_3)","decl":{"start":{"line":17,"column":2},"end":{"line":17,"column":3}},"loc":{"start":{"line":17,"column":34},"end":{"line":24,"column":3}},"line":17},"4":{"name":"(anonymous_4)","decl":{"start":{"line":26,"column":2},"end":{"line":26,"column":3}},"loc":{"start":{"line":26,"column":29},"end":{"line":29,"column":3}},"line":26}},"branchMap":{},"s":{"0":3,"1":3,"2":8,"3":2,"4":2,"5":2,"6":2,"7":1,"8":1,"9":1,"10":1,"11":3},"f":{"0":8,"1":2,"2":2,"3":2,"4":1},"b":{},"_coverageSchema":"1a1c01bbd47fc00a2c39e90264f33305004495a9","hash":"d27c944da497cc1ffdc587cf3b0ae541b508a5e8"}
,"C:\\Users\\ACER\\OneDrive\\Documents\\Project2an\\PROJECT_PRIBADI\\MANAJEMEN ORGANISASI\\orgcontrol-dev\\src\\Interfaces\\http\\api\\category\\handler.js": {"path":"C:\\Users\\ACER\\OneDrive\\Documents\\Project2an\\PROJECT_PRIBADI\\MANAJEMEN ORGANISASI\\orgcontrol-dev\\src\\Interfaces\\http\\api\\category\\handler.js","statementMap":{"0":{"start":{"line":1,"column":28},"end":{"line":1,"column":90}},"1":{"start":{"line":2,"column":32},"end":{"line":2,"column":105}},"2":{"start":{"line":3,"column":15},"end":{"line":3,"column":74}},"3":{"start":{"line":7,"column":8},"end":{"line":7,"column":70}},"4":{"start":{"line":10,"column":8},"end":{"line":22,"column":9}},"5":{"start":{"line":11,"column":39},"end":{"line":11,"column":74}},"6":{"start":{"line":12,"column":39},"end":{"line":14,"column":14}},"7":{"start":{"line":15,"column":32},"end":{"line":15,"column":74}},"8":{"start":{"line":16,"column":12},"end":{"line":19,"column":14}},"9":{"start":{"line":21,"column":12},"end":{"line":21,"column":24}},"10":{"start":{"line":26,"column":0},"end":{"line":26,"column":33}}},"fnMap":{"0":{"name":"(anonymous_0)","decl":{"start":{"line":6,"column":4},"end":{"line":6,"column":5}},"loc":{"start":{"line":6,"column":17},"end":{"line":8,"column":5}},"line":6},"1":{"name":"(anonymous_1)","decl":{"start":{"line":9,"column":4},"end":{"line":9,"column":5}},"loc":{"start":{"line":9,"column":46},"end":{"line":24,"column":5}},"line":9}},"branchMap":{},"s":{"0":2,"1":2,"2":2,"3":2,"4":8,"5":8,"6":8,"7":8,"8":8,"9":0,"10":2},"f":{"0":2,"1":8},"b":{},"_coverageSchema":"1a1c01bbd47fc00a2c39e90264f33305004495a9","hash":"8006b80fb81ad411e16c21f8ea7bb7b6db876ce5"}
,"C:\\Users\\ACER\\OneDrive\\Documents\\Project2an\\PROJECT_PRIBADI\\MANAJEMEN ORGANISASI\\orgcontrol-dev\\src\\Interfaces\\http\\api\\category\\index.js": {"path":"C:\\Users\\ACER\\OneDrive\\Documents\\Project2an\\PROJECT_PRIBADI\\MANAJEMEN ORGANISASI\\orgcontrol-dev\\src\\Interfaces\\http\\api\\category\\index.js","statementMap":{"0":{"start":{"line":1,"column":19},"end":{"line":1,"column":37}},"1":{"start":{"line":2,"column":24},"end":{"line":2,"column":44}},"2":{"start":{"line":3,"column":15},"end":{"line":3,"column":34}},"3":{"start":{"line":6,"column":15},"end":{"line":6,"column":23}},"4":{"start":{"line":8,"column":24},"end":{"line":8,"column":45}},"5":{"start":{"line":10,"column":0},"end":{"line":10,"column":32}},"6":{"start":{"line":12,"column":0},"end":{"line":12,"column":24}}},"fnMap":{},"branchMap":{},"s":{"0":2,"1":2,"2":2,"3":2,"4":2,"5":2,"6":2},"f":{},"b":{},"_coverageSchema":"1a1c01bbd47fc00a2c39e90264f33305004495a9","hash":"fda4806844bd3371dc2b5b76c2c7bead38b5647c"}
[...]
"path":"C:\\Users\\ACER\\OneDrive\\Documents\\Project2an\\PROJECT_PRIBADI\\MANAJEMEN ORGANISASI\\orgcontrol-dev\\src\\Interfaces\\http\\api\\login\\handler.js","statementMap":{"0":{"start":{"line":1,"column":28},"end":{"line":1,"column":97}},"1":{"start":{"line":2,"column":15},"end":{"line":2,"column":74}},"2":{"start":{"line":3,"column":38},"end":{"line":3,"column":117}},"3":{"start":{"line":4,"column":15},"end":{"line":4,"column":32}},"4":{"start":{"line":5,"column":24},"end":{"line":5,"column":87}},"5":{"start":{"line":6,"column":12},"end":{"line":6,"column":35}},"6":{"start":{"line":7,"column":27},"end":{"line":7,"column":93}},"7":{"start":{"line":8,"column":25},"end":{"line":8,"column":85}},"8":{"start":{"line":12,"column":8},"end":{"line":12,"column":65}},"9":{"start":{"line":15,"column":8},"end":{"line":15,"column":30}},"10":{"start":{"line":16,"column":8},"end":{"line":34,"column":9}},"11":{"start":{"line":17,"column":35},"end":{"line":17,"column":66}},"12":{"start":{"line":18,"column":45},"end":{"line":18,"column":86}},"13":{"start":{"line":19,"column":47},"end":{"line":19,"column":71}},"14":{"start":{"line":20,"column":33},"end":{"line":20,"column":67}},"15":{"start":{"line":21,"column":37},"end":{"line":26,"column":14}},"16":{"start":{"line":27,"column":26},"end":{"line":27,"column":66}},"17":{"start":{"line":28,"column":12},"end":{"line":31,"column":15}},"18":{"start":{"line":33,"column":12},"end":{"line":33,"column":24}},"19":{"start":{"line":37,"column":0},"end":{"line":37,"column":30}}},"fnMap":{"0":{"name":"(anonymous_0)","decl":{"start":{"line":11,"column":4},"end":{"line":11,"column":5}},"loc":{"start":{"line":11,"column":17},"end":{"line":13,"column":5}},"line":11},"1":{"name":"(anonymous_1)","decl":{"start":{"line":14,"column":4},"end":{"line":14,"column":5}},"loc":{"start":{"line":14,"column":43},"end":{"line":35,"column":5}},"line":14}},"branchMap":{},"s":{"0":2,"1":2,"2":2,"3":2,"4":2,"5":2,"6":2,"7":2,"8":2,"9":3,"10":3,"11":3,"12":3,"13":3,"14":3,"15":3,"16":3,"17":1,"18":2,"19":2},"f":{"0":2,"1":3},"b":{},"_coverageSchema":"1a1c01bbd47fc00a2c39e90264f33305004495a9","hash":"ddfaff04fa7090a55773428a76e133af1a28a094"}
,"C:\\Users\\ACER\\OneDrive\\Documents\\Project2an\\PROJECT_PRIBADI\\MANAJEMEN ORGANISASI\\orgcontrol-dev\\src\\Interfaces\\http\\api\\login\\index.js": {"path":"C:\\Users\\ACER\\OneDrive\\Documents\\Project2an\\PROJECT_PRIBADI\\MANAJEMEN ORGANISASI\\orgcontrol-dev\\src\\Interfaces\\http\\api\\login\\index.js","statementMap":{"0":{"start":{"line":1,"column":19},"end":{"line":1,"column":37}},"1":{"start":{"line":2,"column":21},"end":{"line":2,"column":41}},"2":{"start":{"line":3,"column":15},"end":{"line":3,"column":34}},"3":{"start":{"line":6,"column":15},"end":{"line":6,"column":23}},"4":{"start":{"line":8,"column":21},"end":{"line":8,"column":39}},"5":{"start":{"line":10,"column":0},"end":{"line":10,"column":29}},"6":{"start":{"line":12,"column":0},"end":{"line":12,"column":24}}},"fnMap":{},"branchMap":{},"s":{"0":2,"1":2,"2":2,"3":2,"4":2,"5":2,"6":2},"f":{},"b":{},"_coverageSchema":"1a1c01bbd47fc00a2c39e90264f33305004495a9","hash":"0449b33555e7695d97d595647968b5d2ae8077b0"}
,"C:\\Users\\ACER\\OneDrive\\Documents\\Project2an\\PROJECT_PRIBADI\\MANAJEMEN ORGANISASI\\orgcontrol-dev\\src\\Interfaces\\http\\api\\login\\routes.js": {"path":"C:\\Users\\ACER\\OneDrive\\Documents\\Project2an\\PROJECT_PRIBADI\\MANAJEMEN ORGANISASI\\orgcontrol-dev\\src\\Interfaces\\http\\api\\login\\routes.js","statementMap":{"0":{"start":{"line":1,"column":15},"end":{"line":3,"column":3}},"1":{"start":{"line":2,"column":4},"end":{"line":2,"column":47}},"2":{"start":{"line":5,"column":0},"end":{"line":5,"column":24}}},"fnMap":{"0":{"name":"(anonymous_0)","decl":{"start":{"line":1,"column":15},"end":{"line":1,"column":16}},"loc":{"start":{"line":1,"column":36},"end":{"line":3,"column":3}},"line":1}},"branchMap":{},"s":{"0":2,"1":2,"2":2},"f":{"0":2},"b":{},"_coverageSchema":"1a1c01bbd47fc00a2c39e90264f33305004495a9","hash":"3e851dd59e14d44267aebb3139f23b59c989a32d"}
,"C:\\Users\\ACER\\OneDrive\\Documents\\Project2an\\PROJECT_PRIBADI\\MANAJEMEN ORGANISASI\\orgcontrol-dev\\src\\Interfaces\\http\\api\\role\\handler.js": {"path":"C:\\Users\\ACER\\OneDrive\\Documents\\Project2an\\PROJECT_PRIBADI\\MANAJEMEN ORGANISASI\\orgcontrol-dev\\src\\Interfaces\\http\\api\\role\\handler.js","statementMap":{"0":{"start":{"line":1,"column":23},"end":{"line":1,"column":81}},"1":{"start":{"line":2,"column":28},"end":{"line":2,"column":97}},"2":{"start":{"line":3,"column":15},"end":{"line":3,"column":74}},"3":{"start":{"line":8,"column":8},"end":{"line":8,"column":63}},"4":{"start":{"line":11,"column":8},"end":{"line":25,"column":9}},"5":{"start":{"line":13,"column":35},"end":{"line":13,"column":66}},"6":{"start":{"line":14,"column":35},"end":{"line":16,"column":14}},"7":{"start":{"line":17,"column":12},"end":{"line":17,"column":39}},"8":{"start":{"line":18,"column":30},"end":{"line":18,"column":68}},"9":{"start":{"line":19,"column":12},"end":{"line":22,"column":17}},"10":{"start":{"line":24,"column":12},"end":{"line":24,"column":24}},"11":{"start":{"line":28,"column":0},"end":{"line":28,"column":29}}},"fnMap":{"0":{"name":"(anonymous_0)","decl":{"start":{"line":7,"column":4},"end":{"line":7,"column":5}},"loc":{"start":{"line":7,"column":17},"end":{"line":9,"column":5}},"line":7},"1":{"name":"(anonymous_1)","decl":{"start":{"line":10,"column":4},"end":{"line":10,"column":5}},"loc":{"start":{"line":10,"column":41},"end":{"line":26,"column":5}},"line":10}},"branchMap":{},"s":{"0":2,"1":2,"2":2,"3":2,"4":8,"5":8,"6":8,"7":8,"8":8,"9":8,"10":0,"11":2},"f":{"0":2,"1":8},"b":{},"_coverageSchema":"1a1c01bbd47fc00a2c39e90264f33305004495a9","hash":"53ba90612d9c8dfc5f3aedc4d3ac27710e769364"}
,"C:\\Users\\ACER\\OneDrive\\Documents\\Project2an\\PROJECT_PRIBADI\\MANAJEMEN ORGANISASI\\orgcontrol-dev\\src\\Interfaces\\http\\api\\role\\index.js": {"path":"C:\\Users\\ACER\\OneDrive\\Documents\\Project2an\\PROJECT_PRIBADI\\MANAJEMEN ORGANISASI\\orgcontrol-dev\\src\\Interfaces\\http\\api\\role\\index.js","statementMap":{"0":{"start":{"line":1,"column":19},"end":{"line":1,"column":37}},"1":{"start":{"line":2,"column":20},"end":{"line":2,"column":40}},"2":{"start":{"line":3,"column":15},"end":{"line":3,"column":34}},"3":{"start":{"line":6,"column":15},"end":{"line":6,"column":23}},"4":{"start":{"line":8,"column":20},"end":{"line":8,"column":37}},"5":{"start":{"line":10,"column":0},"end":{"line":10,"column":28}},"6":{"start":{"line":12,"column":0},"end":{"line":12,"column":24}}},"fnMap":{},"branchMap":{},"s":{"0":2,"1":2,"2":2,"3":2,"4":2,"5":2,"6":2},"f":{},"b":{},"_coverageSchema":"1a1c01bbd47fc00a2c39e90264f33305004495a9","hash":"eb7035ace783e09b92f3729e23f2495b523086fe"}
,"C:\\Users\\ACER\\OneDrive\\Documents\\Project2an\\PROJECT_PRIBADI\\MANAJEMEN ORGANISASI\\orgcontrol-dev\\src\\Interfaces\\http\\api\\role\\routes.js": {"path":"C:\\Users\\ACER\\OneDrive\\Documents\\Project2an\\PROJECT_PRIBADI\\MANAJEMEN ORGANISASI\\orgcontrol-dev\\src\\Interfaces\\http\\api\\role\\routes.js","statementMap":{"0":{"start":{"line":1,"column":15},"end":{"line":3,"column":3}},"1":{"start":{"line":2,"column":4},"end":{"line":2,"column":49}},"2":{"start":{"line":5,"column":0},"end":{"line":5,"column":24}}},"fnMap":{"0":{"name":"(anonymous_0)","decl":{"start":{"line":1,"column":15},"end":{"line":1,"column":16}},"loc":{"start":{"line":1,"column":36},"end":{"line":3,"column":3}},"line":1}},"branchMap":{},"s":{"0":2,"1":2,"2":2},"f":{"0":2},"b":{},"_coverageSchema":"1a1c01bbd47fc00a2c39e90264f33305004495a9","hash":"ffadf1893af487ea10d20d9ee9942578fd9dc94e"}
,"C:\\Users\\ACER\\OneDrive\\Documents\\Project2an\\PROJECT_PRIBADI\\MANAJEMEN ORGANISASI\\orgcontrol-dev\\src\\Interfaces\\http\\api\\users\\handler.js": {"path":"C:\\Users\\ACER\\OneDrive\\Documents\\Project2an\\PROJECT_PRIBADI\\MANAJEMEN ORGANISASI\\orgcontrol-dev\\src\\Interfaces\\http\\api\\users\\handler.js","statementMap":{"0":{"start":{"line":1,"column":23},"end":{"line":1,"column":81}},"1":{"start":{"line":2,"column":28},"end":{"line":2,"column":97}},"2":{"start":{"line":3,"column":15},"end":{"line":3,"column":74}},"3":{"start":{"line":4,"column":15},"end":{"line":4,"column":32}},"4":{"start":{"line":5,"column":27},"end":{"line":5,"column":93}},"5":{"start":{"line":6,"column":32},"end":{"line":6,"column":105}},"6":{"start":{"line":7,"column":36},"end":{"line":7,"column":113}},"7":{"start":{"line":8,"column":28},"end":{"line":8,"column":97}},"8":{"start":{"line":13,"column":4},"end":{"line":13,"column":58}},"9":{"start":{"line":18,"column":4},"end":{"line":40,"column":5}},"10":{"start":{"line":19,"column":29},"end":{"line":19,"column":60}},"11":{"start":{"line":20,"column":27},"end":{"line":20,"column":61}},"12":{"start":{"line":21,"column":33},"end":{"line":21,"column":68}},"13":{"start":{"line":22,"column":37},"end":{"line":22,"column":76}},"14":{"start":{"line":23,"column":29},"end":{"line":23,"column":60}},"15":{"start":{"line":24,"column":29},"end":{"line":30,"column":8}},"16":{"start":{"line":31,"column":24},"end":{"line":31,"column":62}},"17":{"start":{"line":32,"column":6},"end":{"line":37,"column":9}},"18":{"start":{"line":39,"column":6},"end":{"line":39,"column":18}},"19":{"start":{"line":44,"column":0},"end":{"line":44,"column":30}}},"fnMap":{"0":{"name":"(anonymous_0)","decl":{"start":{"line":11,"column":2},"end":{"line":11,"column":3}},"loc":{"start":{"line":11,"column":15},"end":{"line":14,"column":3}},"line":11},"1":{"name":"(anonymous_1)","decl":{"start":{"line":16,"column":2},"end":{"line":16,"column":3}},"loc":{"start":{"line":16,"column":40},"end":{"line":41,"column":3}},"line":16}},"branchMap":{},"s":{"0":2,"1":2,"2":2,"3":2,"4":2,"5":2,"6":2,"7":2,"8":2,"9":10,"10":10,"11":10,"12":10,"13":10,"14":10,"15":10,"16":10,"17":4,"18":6,"19":2},"f":{"0":2,"1":10},"b":{},"_coverageSchema":"1a1c01bbd47fc00a2c39e90264f33305004495a9","hash":"cf867cd03c6a283b0fe1a4d56720ce3225f3d2fd"}
,"C:\\Users\\ACER\\OneDrive\\Documents\\Project2an\\PROJECT_PRIBADI\\MANAJEMEN ORGANISASI\\orgcontrol-dev\\src\\Interfaces\\http\\api\\users\\index.js": {"path":"C:\\Users\\ACER\\OneDrive\\Documents\\Project2an\\PROJECT_PRIBADI\\MANAJEMEN ORGANISASI\\orgcontrol-dev\\src\\Interfaces\\http\\api\\users\\index.js","statementMap":{"0":{"start":{"line":1,"column":19},"end":{"line":1,"column":37}},"1":{"start":{"line":2,"column":21},"end":{"line":2,"column":41}},"2":{"start":{"line":3,"column":15},"end":{"line":3,"column":34}},"3":{"start":{"line":7,"column":15},"end":{"line":7,"column":23}},"4":{"start":{"line":9,"column":21},"end":{"line":9,"column":39}},"5":{"start":{"line":11,"column":0},"end":{"line":11,"column":29}},"6":{"start":{"line":13,"column":0},"end":{"line":13,"column":24}}},"fnMap":{},"branchMap":{},"s":{"0":2,"1":2,"2":2,"3":2,"4":2,"5":2,"6":2},"f":{},"b":{},"_coverageSchema":"1a1c01bbd47fc00a2c39e90264f33305004495a9","hash":"ee9fe24116860c3a8603a8d43f4f538b1542331a"}
,"C:\\Users\\ACER\\OneDrive\\Documents\\Project2an\\PROJECT_PRIBADI\\MANAJEMEN ORGANISASI\\orgcontrol-dev\\src\\Interfaces\\http\\api\\users\\routes.js": {"path":"C:\\Users\\ACER\\OneDrive\\Documents\\Project2an\\PROJECT_PRIBADI\\MANAJEMEN ORGANISASI\\orgcontrol-dev\\src\\Interfaces\\http\\api\\users\\routes.js","statementMap":{"0":{"start":{"line":1,"column":15},"end":{"line":3,"column":3}},"1":{"start":{"line":2,"column":4},"end":{"line":2,"column":49}},"2":{"start":{"line":5,"column":0},"end":{"line":5,"column":24}}},"fnMap":{"0":{"name":"(anonymous_0)","decl":{"start":{"line":1,"column":15},"end":{"line":1,"column":16}},"loc":{"start":{"line":1,"column":36},"end":{"line":3,"column":3}},"line":1}},"branchMap":{},"s":{"0":2,"1":2,"2":2},"f":{"0":2},"b":{},"_coverageSchema":"1a1c01bbd47fc00a2c39e90264f33305004495a9","hash":"bc0ab5f7718693ca8f604346fa6556716f8138b6"}
,"C:\\Users\\ACER\\OneDrive\\Documents\\Project2an\\PROJECT_PRIBADI\\MANAJEMEN ORGANISASI\\orgcontrol-dev\\src\\lib\\AuthenticationTableHelper.js": {"path":"C:\\Users\\ACER\\OneDrive\\Documents\\Project2an\\PROJECT_PRIBADI\\MANAJEMEN ORGANISASI\\orgcontrol-dev\\src\\lib\\AuthenticationTableHelper.js","statementMap":{"0":{"start":{"line":3,"column":15},"end":{"line":3,"column":33}},"1":{"start":{"line":5,"column":34},"end":{"line":29,"column":1}},"2":{"start":{"line":7,"column":8},"end":{"line":7,"column":49}},"3":{"start":{"line":10,"column":8},"end":{"line":12,"column":11}},"4":{"start":{"line":15,"column":30},"end":{"line":19,"column":10}},"5":{"start":{"line":20,"column":8},"end":{"line":20,"column":29}},"6":{"start":{"line":23,"column":8},"end":{"line":27,"column":11}},"7":{"start":{"line":30,"column":0},"end":{"line":30,"column":43}}},"fnMap":{"0":{"name":"(anonymous_0)","decl":{"start":{"line":6,"column":4},"end":{"line":6,"column":5}},"loc":{"start":{"line":6,"column":23},"end":{"line":8,"column":5}},"line":6},"1":{"name":"(anonymous_1)","decl":{"start":{"line":9,"column":4},"end":{"line":9,"column":5}},"loc":{"start":{"line":9,"column":26},"end":{"line":13,"column":5}},"line":9},"2":{"name":"(anonymous_2)","decl":{"start":{"line":14,"column":4},"end":{"line":14,"column":5}},"loc":{"start":{"line":14,"column":40},"end":{"line":21,"column":5}},"line":14},"3":{"name":"(anonymous_3)","decl":{"start":{"line":22,"column":4},"end":{"line":22,"column":5}},"loc":{"start":{"line":22,"column":29},"end":{"line":28,"column":5}},"line":22}},"branchMap":{},"s":{"0":2,"1":2,"2":11,"3":2,"4":2,"5":2,"6":0,"7":2},"f":{"0":11,"1":2,"2":2,"3":0},"b":{},"_coverageSchema":"1a1c01bbd47fc00a2c39e90264f33305004495a9","hash":"b45d21cb72091e5a5e56f811042828a4ce2af664"}
,"C:\\Users\\ACER\\OneDrive\\Documents\\Project2an\\PROJECT_PRIBADI\\MANAJEMEN ORGANISASI\\orgcontrol-dev\\src\\lib\\CategoryTableHelper.js": {"path":"C:\\Users\\ACER\\OneDrive\\Documents\\Project2an\\PROJECT_PRIBADI\\MANAJEMEN ORGANISASI\\orgcontrol-dev\\src\\lib\\CategoryTableHelper.js","statementMap":{"0":{"start":{"line":2,"column":15},"end":{"line":2,"column":33}},"1":{"start":{"line":4,"column":28},"end":{"line":16,"column":1}},"2":{"start":{"line":6,"column":8},"end":{"line":6,"column":43}},"3":{"start":{"line":9,"column":8},"end":{"line":14,"column":11}},"4":{"start":{"line":17,"column":0},"end":{"line":17,"column":37}}},"fnMap":{"0":{"name":"(anonymous_0)","decl":{"start":{"line":5,"column":4},"end":{"line":5,"column":5}},"loc":{"start":{"line":5,"column":23},"end":{"line":7,"column":5}},"line":5},"1":{"name":"(anonymous_1)","decl":{"start":{"line":8,"column":4},"end":{"line":8,"column":5}},"loc":{"start":{"line":8,"column":35},"end":{"line":15,"column":5}},"line":8}},"branchMap":{},"s":{"0":4,"1":4,"2":22,"3":3,"4":4},"f":{"0":22,"1":3},"b":{},"_coverageSchema":"1a1c01bbd47fc00a2c39e90264f33305004495a9","hash":"f536f6179fb2ac48ea321bc31a1d58a062326289"}
,"C:\\Users\\ACER\\OneDrive\\Documents\\Project2an\\PROJECT_PRIBADI\\MANAJEMEN ORGANISASI\\orgcontrol-dev\\src\\lib\\OrganizationTableHelper.js": {"path":"C:\\Users\\ACER\\OneDrive\\Documents\\Project2an\\PROJECT_PRIBADI\\MANAJEMEN ORGANISASI\\orgcontrol-dev\\src\\lib\\OrganizationTableHelper.js","statementMap":{"0":{"start":{"line":2,"column":15},"end":{"line":2,"column":33}},"1":{"start":{"line":4,"column":32},"end":{"line":16,"column":1}},"2":{"start":{"line":6,"column":8},"end":{"line":6,"column":47}},"3":{"start":{"line":17,"column":0},"end":{"line":17,"column":41}}},"fnMap":{"0":{"name":"(anonymous_0)","decl":{"start":{"line":5,"column":4},"end":{"line":5,"column":5}},"loc":{"start":{"line":5,"column":23},"end":{"line":7,"column":5}},"line":5}},"branchMap":{},"s":{"0":3,"1":3,"2":12,"3":3},"f":{"0":12},"b":{},"_coverageSchema":"1a1c01bbd47fc00a2c39e90264f33305004495a9","hash":"da0d65222b1469fa76cd9a3ef21aabe22db70b8d"}
,"C:\\Users\\ACER\\OneDrive\\Documents\\Project2an\\PROJECT_PRIBADI\\MANAJEMEN ORGANISASI\\orgcontrol-dev\\src\\lib\\RoleTableHelper.js": {"path":"C:\\Users\\ACER\\OneDrive\\Documents\\Project2an\\PROJECT_PRIBADI\\MANAJEMEN ORGANISASI\\orgcontrol-dev\\src\\lib\\RoleTableHelper.js","statementMap":{"0":{"start":{"line":2,"column":15},"end":{"line":2,"column":33}},"1":{"start":{"line":4,"column":24},"end":{"line":30,"column":1}},"2":{"start":{"line":6,"column":8},"end":{"line":6,"column":39}},"3":{"start":{"line":9,"column":8},"end":{"line":20,"column":11}},"4":{"start":{"line":23,"column":8},"end":{"line":28,"column":11}},"5":{"start":{"line":31,"column":0},"end":{"line":31,"column":33}}},"fnMap":{"0":{"name":"(anonymous_0)","decl":{"start":{"line":5,"column":4},"end":{"line":5,"column":5}},"loc":{"start":{"line":5,"column":23},"end":{"line":7,"column":5}},"line":5},"1":{"name":"(anonymous_1)","decl":{"start":{"line":8,"column":4},"end":{"line":8,"column":5}},"loc":{"start":{"line":8,"column":25},"end":{"line":21,"column":5}},"line":8},"2":{"name":"(anonymous_2)","decl":{"start":{"line":22,"column":4},"end":{"line":22,"column":5}},"loc":{"start":{"line":22,"column":30},"end":{"line":29,"column":5}},"line":22}},"branchMap":{},"s":{"0":4,"1":4,"2":24,"3":3,"4":1,"5":4},"f":{"0":24,"1":3,"2":1},"b":{},"_coverageSchema":"1a1c01bbd47fc00a2c39e90264f33305004495a9","hash":"27e4b3438c8e17e271fed273f91f2f71c7cc084e"}
,"C:\\Users\\ACER\\OneDrive\\Documents\\Project2an\\PROJECT_PRIBADI\\MANAJEMEN ORGANISASI\\orgcontrol-dev\\src\\lib\\UserTableHelper.js": {"path":"C:\\Users\\ACER\\OneDrive\\Documents\\Project2an\\PROJECT_PRIBADI\\MANAJEMEN ORGANISASI\\orgcontrol-dev\\src\\lib\\UserTableHelper.js","statementMap":{"0":{"start":{"line":1,"column":25},"end":{"line":1,"column":50}},"1":{"start":{"line":2,"column":15},"end":{"line":2,"column":33}},"2":{"start":{"line":4,"column":24},"end":{"line":35,"column":1}},"3":{"start":{"line":6,"column":8},"end":{"line":6,"column":39}},"4":{"start":{"line":7,"column":8},"end":{"line":7,"column":39}},"5":{"start":{"line":10,"column":8},"end":{"line":14,"column":11}},"6":{"start":{"line":17,"column":12},"end":{"line":22,"column":15}},"7":{"start":{"line":25,"column":8},"end":{"line":33,"column":11}},"8":{"start":{"line":36,"column":0},"end":{"line":36,"column":33}}},"fnMap":{"0":{"name":"(anonymous_0)","decl":{"start":{"line":5,"column":4},"end":{"line":5,"column":5}},"loc":{"start":{"line":5,"column":23},"end":{"line":8,"column":5}},"line":5},"1":{"name":"(anonymous_1)","decl":{"start":{"line":9,"column":4},"end":{"line":9,"column":5}},"loc":{"start":{"line":9,"column":34},"end":{"line":15,"column":5}},"line":9},"2":{"name":"(anonymous_2)","decl":{"start":{"line":16,"column":4},"end":{"line":16,"column":5}},"loc":{"start":{"line":16,"column":25},"end":{"line":23,"column":5}},"line":16},"3":{"name":"(anonymous_3)","decl":{"start":{"line":24,"column":4},"end":{"line":24,"column":5}},"loc":{"start":{"line":24,"column":115},"end":{"line":34,"column":5}},"line":24}},"branchMap":{"0":{"loc":{"start":{"line":24,"column":19},"end":{"line":24,"column":25}},"type":"default-arg","locations":[{"start":{"line":24,"column":24},"end":{"line":24,"column":25}}],"line":24},"1":{"loc":{"start":{"line":24,"column":27},"end":{"line":24,"column":55}},"type":"default-arg","locations":[{"start":{"line":24,"column":35},"end":{"line":24,"column":55}}],"line":24},"2":{"loc":{"start":{"line":24,"column":57},"end":{"line":24,"column":74}},"type":"default-arg","locations":[{"start":{"line":24,"column":66},"end":{"line":24,"column":74}}],"line":24},"3":{"loc":{"start":{"line":24,"column":76},"end":{"line":24,"column":101}},"type":"default-arg","locations":[{"start":{"line":24,"column":81},"end":{"line":24,"column":101}}],"line":24},"4":{"loc":{"start":{"line":24,"column":103},"end":{"line":24,"column":112}},"type":"default-arg","locations":[{"start":{"line":24,"column":111},"end":{"line":24,"column":112}}],"line":24}},"s":{"0":4,"1":4,"2":4,"3":20,"4":20,"5":1,"6":8,"7":4,"8":4},"f":{"0":20,"1":1,"2":8,"3":4},"b":{"0":[2],"1":[1],"2":[2],"3":[4],"4":[3]},"_coverageSchema":"1a1c01bbd47fc00a2c39e90264f33305004495a9","hash":"dd8ee12ad8dae9b17514d38a29e7057e5b0bdd73"}
}
