{"C:\\Users\\ACER\\OneDrive\\Documents\\Project2an\\PROJECT_PRIBADI\\MANAJEMEN ORGANISASI\\orgcontrol-dev\\src\\Applications\\security\\AuthenticationTokenManager.js": {"path":"C:\\Users\\ACER\\OneDrive\\Documents\\Project2an\\PROJECT_PRIBADI\\MANAJEMEN ORGANISASI\\orgcontrol-dev\\src\\Applications\\security\\AuthenticationTokenManager.js","statementMap":{"0":{"start":{"line":3,"column":6},"end":{"line":3,"column":76}},"1":{"start":{"line":7,"column":6},"end":{"line":7,"column":76}},"2":{"start":{"line":11,"column":6},"end":{"line":11,"column":76}},"3":{"start":{"line":15,"column":6},"end":{"line":15,"column":76}},"4":{"start":{"line":19,"column":2},"end":{"line":19,"column":45}}},"fnMap":{"0":{"name":"(anonymous_0)","decl":{"start":{"line":2,"column":4},"end":{"line":2,"column":5}},"loc":{"start":{"line":2,"column":39},"end":{"line":4,"column":5}},"line":2},"1":{"name":"(anonymous_1)","decl":{"start":{"line":6,"column":4},"end":{"line":6,"column":5}},"loc":{"start":{"line":6,"column":38},"end":{"line":8,"column":5}},"line":6},"2":{"name":"(anonymous_2)","decl":{"start":{"line":10,"column":4},"end":{"line":10,"column":5}},"loc":{"start":{"line":10,"column":37},"end":{"line":12,"column":5}},"line":10},"3":{"name":"(anonymous_3)","decl":{"start":{"line":14,"column":4},"end":{"line":14,"column":5}},"loc":{"start":{"line":14,"column":27},"end":{"line":16,"column":5}},"line":14}},"branchMap":{},"s":{"0":1,"1":1,"2":1,"3":1,"4":2},"f":{"0":1,"1":1,"2":1,"3":1},"b":{},"_coverageSchema":"1a1c01bbd47fc00a2c39e90264f33305004495a9","hash":"dea5e6b4a050344220dedf9ccd64c2d2447afb42"}
,"C:\\Users\\ACER\\OneDrive\\Documents\\Project2an\\PROJECT_PRIBADI\\MANAJEMEN ORGANISASI\\orgcontrol-dev\\src\\Applications\\security\\PasswordHash.js": {"path":"C:\\Users\\ACER\\OneDrive\\Documents\\Project2an\\PROJECT_PRIBADI\\MANAJEMEN ORGANISASI\\orgcontrol-dev\\src\\Applications\\security\\PasswordHash.js","statementMap":{"0":{"start":{"line":3,"column":6},"end":{"line":3,"column":61}},"1":{"start":{"line":7,"column":6},"end":{"line":7,"column":61}},"2":{"start":{"line":11,"column":2},"end":{"line":11,"column":31}}},"fnMap":{"0":{"name":"(anonymous_0)","decl":{"start":{"line":2,"column":4},"end":{"line":2,"column":5}},"loc":{"start":{"line":2,"column":26},"end":{"line":4,"column":5}},"line":2},"1":{"name":"(anonymous_1)","decl":{"start":{"line":6,"column":4},"end":{"line":6,"column":5}},"loc":{"start":{"line":6,"column":45},"end":{"line":8,"column":5}},"line":6}},"branchMap":{},"s":{"0":1,"1":1,"2":6},"f":{"0":1,"1":1},"b":{},"_coverageSchema":"1a1c01bbd47fc00a2c39e90264f33305004495a9","hash":"3151d63c93bb4f862e9fd3fce802db055572f359"}
,"C:\\Users\\ACER\\OneDrive\\Documents\\Project2an\\PROJECT_PRIBADI\\MANAJEMEN ORGANISASI\\orgcontrol-dev\\src\\Applications\\usecase\\AddCategoryUseCase.js": {"path":"C:\\Users\\ACER\\OneDrive\\Documents\\Project2an\\PROJECT_PRIBADI\\MANAJEMEN ORGANISASI\\orgcontrol-dev\\src\\Applications\\usecase\\AddCategoryUseCase.js","statementMap":{"0":{"start":{"line":5,"column":8},"end":{"line":5,"column":54}},"1":{"start":{"line":9,"column":30},"end":{"line":9,"column":61}},"2":{"start":{"line":10,"column":8},"end":{"line":10,"column":78}},"3":{"start":{"line":11,"column":8},"end":{"line":11,"column":67}}},"fnMap":{"0":{"name":"(anonymous_0)","decl":{"start":{"line":4,"column":4},"end":{"line":4,"column":5}},"loc":{"start":{"line":4,"column":40},"end":{"line":6,"column":5}},"line":4},"1":{"name":"(anonymous_1)","decl":{"start":{"line":8,"column":4},"end":{"line":8,"column":5}},"loc":{"start":{"line":8,"column":34},"end":{"line":12,"column":5}},"line":8}},"branchMap":{},"s":{"0":9,"1":9,"2":9,"3":9},"f":{"0":9,"1":9},"b":{},"_coverageSchema":"1a1c01bbd47fc00a2c39e90264f33305004495a9","hash":"2be09f7d6362a0e8ef7c3effc216330d0daa4276"}
,"C:\\Users\\ACER\\OneDrive\\Documents\\Project2an\\PROJECT_PRIBADI\\MANAJEMEN ORGANISASI\\orgcontrol-dev\\src\\Applications\\usecase\\AddRoleUseCase.js": {"path":"C:\\Users\\ACER\\OneDrive\\Documents\\Project2an\\PROJECT_PRIBADI\\MANAJEMEN ORGANISASI\\orgcontrol-dev\\src\\Applications\\usecase\\AddRoleUseCase.js","statementMap":{"0":{"start":{"line":6,"column":8},"end":{"line":6,"column":46}},"1":{"start":{"line":9,"column":24},"end":{"line":9,"column":51}},"2":{"start":{"line":10,"column":8},"end":{"line":10,"column":69}},"3":{"start":{"line":11,"column":8},"end":{"line":11,"column":53}}},"fnMap":{"0":{"name":"(anonymous_0)","decl":{"start":{"line":5,"column":4},"end":{"line":5,"column":5}},"loc":{"start":{"line":5,"column":34},"end":{"line":7,"column":5}},"line":5},"1":{"name":"(anonymous_1)","decl":{"start":{"line":8,"column":4},"end":{"line":8,"column":5}},"loc":{"start":{"line":8,"column":34},"end":{"line":12,"column":5}},"line":8}},"branchMap":{},"s":{"0":9,"1":9,"2":9,"3":9},"f":{"0":9,"1":9},"b":{},"_coverageSchema":"1a1c01bbd47fc00a2c39e90264f33305004495a9","hash":"85e97c2c5aca725cba3e6f76617270d4ff311aab"}
,"C:\\Users\\ACER\\OneDrive\\Documents\\Project2an\\PROJECT_PRIBADI\\MANAJEMEN ORGANISASI\\orgcontrol-dev\\src\\Applications\\usecase\\AddUserUseCase.js": {"path":"C:\\Users\\ACER\\OneDrive\\Documents\\Project2an\\PROJECT_PRIBADI\\MANAJEMEN ORGANISASI\\orgcontrol-dev\\src\\Applications\\usecase\\AddUserUseCase.js","statementMap":{"0":{"start":{"line":7,"column":4},"end":{"line":7,"column":41}},"1":{"start":{"line":8,"column":4},"end":{"line":8,"column":37}},"2":{"start":{"line":9,"column":4},"end":{"line":9,"column":49}},"3":{"start":{"line":10,"column":4},"end":{"line":10,"column":57}},"4":{"start":{"line":11,"column":4},"end":{"line":11,"column":41}},"5":{"start":{"line":16,"column":25},"end":{"line":16,"column":57}},"6":{"start":{"line":17,"column":4},"end":{"line":17,"column":71}},"7":{"start":{"line":19,"column":4},"end":{"line":19,"column":74}},"8":{"start":{"line":20,"column":4},"end":{"line":20,"column":65}},"9":{"start":{"line":22,"column":4},"end":{"line":22,"column":80}},"10":{"start":{"line":23,"column":23},"end":{"line":23,"column":71}},"11":{"start":{"line":24,"column":4},"end":{"line":30,"column":5}}},"fnMap":{"0":{"name":"(anonymous_0)","decl":{"start":{"line":5,"column":2},"end":{"line":5,"column":3}},"loc":{"start":{"line":5,"column":108},"end":{"line":12,"column":3}},"line":5},"1":{"name":"(anonymous_1)","decl":{"start":{"line":14,"column":2},"end":{"line":14,"column":3}},"loc":{"start":{"line":14,"column":33},"end":{"line":31,"column":3}},"line":14}},"branchMap":{},"s":{"0":11,"1":11,"2":11,"3":11,"4":11,"5":11,"6":8,"7":7,"8":6,"9":5,"10":5,"11":5},"f":{"0":11,"1":11},"b":{},"_coverageSchema":"1a1c01bbd47fc00a2c39e90264f33305004495a9","hash":"ba22e944f0bc6afa93f3c62dfff10e8a7a2d1b49"}
,"C:\\Users\\ACER\\OneDrive\\Documents\\Project2an\\PROJECT_PRIBADI\\MANAJEMEN ORGANISASI\\orgcontrol-dev\\src\\Applications\\usecase\\LoginUserUseCase.js": {"path":"C:\\Users\\ACER\\OneDrive\\Documents\\Project2an\\PROJECT_PRIBADI\\MANAJEMEN ORGANISASI\\orgcontrol-dev\\src\\Applications\\usecase\\LoginUserUseCase.js","statementMap":{"0":{"start":{"line":12,"column":4},"end":{"line":12,"column":41}},"1":{"start":{"line":13,"column":4},"end":{"line":13,"column":61}},"2":{"start":{"line":14,"column":4},"end":{"line":14,"column":65}},"3":{"start":{"line":15,"column":4},"end":{"line":15,"column":37}},"4":{"start":{"line":19,"column":32},"end":{"line":19,"column":61}},"5":{"start":{"line":20,"column":4},"end":{"line":20,"column":32}},"6":{"start":{"line":21,"column":30},"end":{"line":21,"column":82}},"7":{"start":{"line":23,"column":4},"end":{"line":23,"column":73}},"8":{"start":{"line":25,"column":15},"end":{"line":25,"column":61}},"9":{"start":{"line":27,"column":24},"end":{"line":28,"column":39}},"10":{"start":{"line":29,"column":25},"end":{"line":30,"column":40}},"11":{"start":{"line":32,"column":30},"end":{"line":35,"column":6}},"12":{"start":{"line":37,"column":4},"end":{"line":37,"column":81}},"13":{"start":{"line":39,"column":4},"end":{"line":39,"column":28}},"14":{"start":{"line":44,"column":0},"end":{"line":44,"column":33}}},"fnMap":{"0":{"name":"(anonymous_0)","decl":{"start":{"line":6,"column":2},"end":{"line":6,"column":3}},"loc":{"start":{"line":11,"column":5},"end":{"line":16,"column":3}},"line":11},"1":{"name":"(anonymous_1)","decl":{"start":{"line":18,"column":2},"end":{"line":18,"column":3}},"loc":{"start":{"line":18,"column":33},"end":{"line":40,"column":3}},"line":18}},"branchMap":{},"s":{"0":4,"1":4,"2":4,"3":4,"4":4,"5":4,"6":4,"7":3,"8":2,"9":2,"10":2,"11":2,"12":2,"13":2,"14":3},"f":{"0":4,"1":4},"b":{},"_coverageSchema":"1a1c01bbd47fc00a2c39e90264f33305004495a9","hash":"aa5371cd3652e19d1d29e6562055bd97402c046d"}
,"C:\\Users\\ACER\\OneDrive\\Documents\\Project2an\\PROJECT_PRIBADI\\MANAJEMEN ORGANISASI\\orgcontrol-dev\\src\\Applications\\usecase\\LogoutUserUseCase.js": {"path":"C:\\Users\\ACER\\OneDrive\\Documents\\Project2an\\PROJECT_PRIBADI\\MANAJEMEN ORGANISASI\\orgcontrol-dev\\src\\Applications\\usecase\\LogoutUserUseCase.js","statementMap":{"0":{"start":{"line":5,"column":6},"end":{"line":5,"column":63}},"1":{"start":{"line":9,"column":6},"end":{"line":9,"column":43}},"2":{"start":{"line":10,"column":31},"end":{"line":10,"column":45}},"3":{"start":{"line":11,"column":6},"end":{"line":11,"column":79}},"4":{"start":{"line":12,"column":6},"end":{"line":12,"column":68}},"5":{"start":{"line":16,"column":31},"end":{"line":16,"column":38}},"6":{"start":{"line":17,"column":6},"end":{"line":19,"column":7}},"7":{"start":{"line":18,"column":8},"end":{"line":18,"column":83}},"8":{"start":{"line":21,"column":6},"end":{"line":23,"column":7}},"9":{"start":{"line":22,"column":8},"end":{"line":22,"column":98}}},"fnMap":{"0":{"name":"(anonymous_0)","decl":{"start":{"line":2,"column":4},"end":{"line":2,"column":5}},"loc":{"start":{"line":4,"column":7},"end":{"line":6,"column":5}},"line":4},"1":{"name":"(anonymous_1)","decl":{"start":{"line":8,"column":4},"end":{"line":8,"column":5}},"loc":{"start":{"line":8,"column":35},"end":{"line":13,"column":5}},"line":8},"2":{"name":"(anonymous_2)","decl":{"start":{"line":15,"column":4},"end":{"line":15,"column":5}},"loc":{"start":{"line":15,"column":31},"end":{"line":24,"column":5}},"line":15}},"branchMap":{"0":{"loc":{"start":{"line":17,"column":6},"end":{"line":19,"column":7}},"type":"if","locations":[{"start":{"line":17,"column":6},"end":{"line":19,"column":7}},{"start":{},"end":{}}],"line":17},"1":{"loc":{"start":{"line":21,"column":6},"end":{"line":23,"column":7}},"type":"if","locations":[{"start":{"line":21,"column":6},"end":{"line":23,"column":7}},{"start":{},"end":{}}],"line":21}},"s":{"0":1,"1":1,"2":1,"3":1,"4":1,"5":1,"6":1,"7":0,"8":1,"9":0},"f":{"0":1,"1":1,"2":1},"b":{"0":[0,1],"1":[0,1]},"_coverageSchema":"1a1c01bbd47fc00a2c39e90264f33305004495a9","hash":"dcf89342b236d1cca5036ad0643b8a47ca057218"}
,"C:\\Users\\ACER\\OneDrive\\Documents\\Project2an\\PROJECT_PRIBADI\\MANAJEMEN ORGANISASI\\orgcontrol-dev\\src\\Commons\\AuthenticationError.js": {"path":"C:\\Users\\ACER\\OneDrive\\Documents\\Project2an\\PROJECT_PRIBADI\\MANAJEMEN ORGANISASI\\orgcontrol-dev\\src\\Commons\\AuthenticationError.js","statementMap":{"0":{"start":{"line":1,"column":20},"end":{"line":1,"column":44}},"1":{"start":{"line":5,"column":4},"end":{"line":5,"column":23}},"2":{"start":{"line":6,"column":4},"end":{"line":6,"column":37}},"3":{"start":{"line":10,"column":0},"end":{"line":10,"column":36}}},"fnMap":{"0":{"name":"(anonymous_0)","decl":{"start":{"line":4,"column":2},"end":{"line":4,"column":3}},"loc":{"start":{"line":4,"column":24},"end":{"line":7,"column":3}},"line":4}},"branchMap":{},"s":{"0":4,"1":3,"2":3,"3":4},"f":{"0":3},"b":{},"_coverageSchema":"1a1c01bbd47fc00a2c39e90264f33305004495a9","hash":"58f80fff3694c7f964205fde437491014e1d1c72"}
,"C:\\Users\\ACER\\OneDrive\\Documents\\Project2an\\PROJECT_PRIBADI\\MANAJEMEN ORGANISASI\\orgcontrol-dev\\src\\Commons\\AuthorizationError.js": {"path":"C:\\Users\\ACER\\OneDrive\\Documents\\Project2an\\PROJECT_PRIBADI\\MANAJEMEN ORGANISASI\\orgcontrol-dev\\src\\Commons\\AuthorizationError.js","statementMap":{"0":{"start":{"line":1,"column":20},"end":{"line":1,"column":44}},"1":{"start":{"line":5,"column":4},"end":{"line":5,"column":23}},"2":{"start":{"line":6,"column":4},"end":{"line":6,"column":36}},"3":{"start":{"line":10,"column":0},"end":{"line":10,"column":35}}},"fnMap":{"0":{"name":"(anonymous_0)","decl":{"start":{"line":4,"column":2},"end":{"line":4,"column":3}},"loc":{"start":{"line":4,"column":24},"end":{"line":7,"column":3}},"line":4}},"branchMap":{},"s":{"0":1,"1":1,"2":1,"3":1},"f":{"0":1},"b":{},"_coverageSchema":"1a1c01bbd47fc00a2c39e90264f33305004495a9","hash":"116f7d4d8894119ab3d1d61c7da0acac5369baed"}
,"C:\\Users\\ACER\\OneDrive\\Documents\\Project2an\\PROJECT_PRIBADI\\MANAJEMEN ORGANISASI\\orgcontrol-dev\\src\\Commons\\ClientError.js": {"path":"C:\\Users\\ACER\\OneDrive\\Documents\\Project2an\\PROJECT_PRIBADI\\MANAJEMEN ORGANISASI\\orgcontrol-dev\\src\\Commons\\ClientError.js","statementMap":{"0":{"start":{"line":3,"column":6},"end":{"line":3,"column":20}},"1":{"start":{"line":5,"column":6},"end":{"line":7,"column":7}},"2":{"start":{"line":6,"column":8},"end":{"line":6,"column":60}},"3":{"start":{"line":9,"column":6},"end":{"line":9,"column":34}},"4":{"start":{"line":10,"column":6},"end":{"line":10,"column":31}},"5":{"start":{"line":14,"column":2},"end":{"line":14,"column":30}}},"fnMap":{"0":{"name":"(anonymous_0)","decl":{"start":{"line":2,"column":4},"end":{"line":2,"column":5}},"loc":{"start":{"line":2,"column":44},"end":{"line":11,"column":5}},"line":2}},"branchMap":{"0":{"loc":{"start":{"line":2,"column":26},"end":{"line":2,"column":42}},"type":"default-arg","locations":[{"start":{"line":2,"column":39},"end":{"line":2,"column":42}}],"line":2},"1":{"loc":{"start":{"line":5,"column":6},"end":{"line":7,"column":7}},"type":"if","locations":[{"start":{"line":5,"column":6},"end":{"line":7,"column":7}},{"start":{},"end":{}}],"line":5}},"s":{"0":41,"1":41,"2":1,"3":40,"4":40,"5":15},"f":{"0":41},"b":{"0":[36],"1":[1,40]},"_coverageSchema":"1a1c01bbd47fc00a2c39e90264f33305004495a9","hash":"bb397734d58e452e161f3e75a7399e7dfa351f3f"}
,"C:\\Users\\ACER\\OneDrive\\Documents\\Project2an\\PROJECT_PRIBADI\\MANAJEMEN ORGANISASI\\orgcontrol-dev\\src\\Commons\\DomainErrorTranslator.js": {"path":"C:\\Users\\ACER\\OneDrive\\Documents\\Project2an\\PROJECT_PRIBADI\\MANAJEMEN ORGANISASI\\orgcontrol-dev\\src\\Commons\\DomainErrorTranslator.js","statementMap":{"0":{"start":{"line":2,"column":30},"end":{"line":6,"column":1}},"1":{"start":{"line":4,"column":6},"end":{"line":4,"column":71}},"2":{"start":{"line":7,"column":0},"end":{"line":15,"column":1}}},"fnMap":{"0":{"name":"(anonymous_0)","decl":{"start":{"line":3,"column":4},"end":{"line":3,"column":5}},"loc":{"start":{"line":3,"column":22},"end":{"line":5,"column":5}},"line":3}},"branchMap":{"0":{"loc":{"start":{"line":4,"column":13},"end":{"line":4,"column":71}},"type":"binary-expr","locations":[{"start":{"line":4,"column":13},"end":{"line":4,"column":62}},{"start":{"line":4,"column":66},"end":{"line":4,"column":71}}],"line":4}},"s":{"0":3,"1":9,"2":3},"f":{"0":9},"b":{"0":[9,2]},"_coverageSchema":"1a1c01bbd47fc00a2c39e90264f33305004495a9","hash":"f30ffc7ed49b6611430f85009244d5add91e02d6"}
,"C:\\Users\\ACER\\OneDrive\\Documents\\Project2an\\PROJECT_PRIBADI\\MANAJEMEN ORGANISASI\\orgcontrol-dev\\src\\Commons\\InvariantError.js": {"path":"C:\\Users\\ACER\\OneDrive\\Documents\\Project2an\\PROJECT_PRIBADI\\MANAJEMEN ORGANISASI\\orgcontrol-dev\\src\\Commons\\InvariantError.js","statementMap":{"0":{"start":{"line":1,"column":20},"end":{"line":1,"column":44}},"1":{"start":{"line":5,"column":4},"end":{"line":5,"column":18}},"2":{"start":{"line":6,"column":4},"end":{"line":6,"column":32}},"3":{"start":{"line":10,"column":0},"end":{"line":10,"column":31}}},"fnMap":{"0":{"name":"(anonymous_0)","decl":{"start":{"line":4,"column":2},"end":{"line":4,"column":3}},"loc":{"start":{"line":4,"column":24},"end":{"line":7,"column":3}},"line":4}},"branchMap":{},"s":{"0":10,"1":35,"2":35,"3":10},"f":{"0":35},"b":{},"_coverageSchema":"1a1c01bbd47fc00a2c39e90264f33305004495a9","hash":"4628ec7b90e9728f56ae467c98d07bcbb95f1b9c"}
,"C:\\Users\\ACER\\OneDrive\\Documents\\Project2an\\PROJECT_PRIBADI\\MANAJEMEN ORGANISASI\\orgcontrol-dev\\src\\Commons\\NotFoundError.js": {"path":"C:\\Users\\ACER\\OneDrive\\Documents\\Project2an\\PROJECT_PRIBADI\\MANAJEMEN ORGANISASI\\orgcontrol-dev\\src\\Commons\\NotFoundError.js","statementMap":{"0":{"start":{"line":1,"column":20},"end":{"line":1,"column":44}},"1":{"start":{"line":5,"column":4},"end":{"line":5,"column":23}},"2":{"start":{"line":6,"column":4},"end":{"line":6,"column":31}},"3":{"start":{"line":10,"column":0},"end":{"line":10,"column":30}}},"fnMap":{"0":{"name":"(anonymous_0)","decl":{"start":{"line":4,"column":2},"end":{"line":4,"column":3}},"loc":{"start":{"line":4,"column":24},"end":{"line":7,"column":3}},"line":4}},"branchMap":{},"s":{"0":1,"1":1,"2":1,"3":1},"f":{"0":1},"b":{},"_coverageSchema":"1a1c01bbd47fc00a2c39e90264f33305004495a9","hash":"51177b0c74ef5726221c494d26f960aae57bb469"}
,"C:\\Users\\ACER\\OneDrive\\Documents\\Project2an\\PROJECT_PRIBADI\\MANAJEMEN ORGANISASI\\orgcontrol-dev\\src\\Domains\\authentication\\AuthenticationRepository.js": {"path":"C:\\Users\\ACER\\OneDrive\\Documents\\Project2an\\PROJECT_PRIBADI\\MANAJEMEN ORGANISASI\\orgcontrol-dev\\src\\Domains\\authentication\\AuthenticationRepository.js","statementMap":{"0":{"start":{"line":3,"column":6},"end":{"line":3,"column":73}},"1":{"start":{"line":7,"column":6},"end":{"line":7,"column":73}},"2":{"start":{"line":11,"column":6},"end":{"line":11,"column":73}}},"fnMap":{"0":{"name":"(anonymous_0)","decl":{"start":{"line":2,"column":4},"end":{"line":2,"column":5}},"loc":{"start":{"line":2,"column":27},"end":{"line":4,"column":5}},"line":2},"1":{"name":"(anonymous_1)","decl":{"start":{"line":6,"column":4},"end":{"line":6,"column":5}},"loc":{"start":{"line":6,"column":41},"end":{"line":8,"column":5}},"line":6},"2":{"name":"(anonymous_2)","decl":{"start":{"line":10,"column":4},"end":{"line":10,"column":5}},"loc":{"start":{"line":10,"column":30},"end":{"line":12,"column":5}},"line":10}},"branchMap":{},"s":{"0":1,"1":1,"2":1},"f":{"0":1,"1":1,"2":1},"b":{},"_coverageSchema":"1a1c01bbd47fc00a2c39e90264f33305004495a9","hash":"5597b60670eef5ac6460c42ef225ed205f3d3e27"}
,"C:\\Users\\ACER\\OneDrive\\Documents\\Project2an\\PROJECT_PRIBADI\\MANAJEMEN ORGANISASI\\orgcontrol-dev\\src\\Domains\\authentication\\entities\\NewAuthentication.js": {"path":"C:\\Users\\ACER\\OneDrive\\Documents\\Project2an\\PROJECT_PRIBADI\\MANAJEMEN ORGANISASI\\orgcontrol-dev\\src\\Domains\\authentication\\entities\\NewAuthentication.js","statementMap":{"0":{"start":{"line":3,"column":6},"end":{"line":3,"column":34}},"1":{"start":{"line":5,"column":6},"end":{"line":5,"column":44}},"2":{"start":{"line":6,"column":6},"end":{"line":6,"column":46}},"3":{"start":{"line":10,"column":44},"end":{"line":10,"column":51}},"4":{"start":{"line":12,"column":6},"end":{"line":14,"column":7}},"5":{"start":{"line":13,"column":8},"end":{"line":13,"column":63}},"6":{"start":{"line":16,"column":6},"end":{"line":18,"column":7}},"7":{"start":{"line":17,"column":8},"end":{"line":17,"column":68}}},"fnMap":{"0":{"name":"(anonymous_0)","decl":{"start":{"line":2,"column":4},"end":{"line":2,"column":5}},"loc":{"start":{"line":2,"column":26},"end":{"line":7,"column":5}},"line":2},"1":{"name":"(anonymous_1)","decl":{"start":{"line":9,"column":4},"end":{"line":9,"column":5}},"loc":{"start":{"line":9,"column":29},"end":{"line":19,"column":5}},"line":9}},"branchMap":{"0":{"loc":{"start":{"line":12,"column":6},"end":{"line":14,"column":7}},"type":"if","locations":[{"start":{"line":12,"column":6},"end":{"line":14,"column":7}},{"start":{},"end":{}}],"line":12},"1":{"loc":{"start":{"line":12,"column":10},"end":{"line":12,"column":39}},"type":"binary-expr","locations":[{"start":{"line":12,"column":10},"end":{"line":12,"column":22}},{"start":{"line":12,"column":26},"end":{"line":12,"column":39}}],"line":12},"2":{"loc":{"start":{"line":16,"column":6},"end":{"line":18,"column":7}},"type":"if","locations":[{"start":{"line":16,"column":6},"end":{"line":18,"column":7}},{"start":{},"end":{}}],"line":16},"3":{"loc":{"start":{"line":16,"column":10},"end":{"line":16,"column":77}},"type":"binary-expr","locations":[{"start":{"line":16,"column":10},"end":{"line":16,"column":41}},{"start":{"line":16,"column":45},"end":{"line":16,"column":77}}],"line":16}},"s":{"0":7,"1":5,"2":5,"3":7,"4":7,"5":1,"6":6,"7":1},"f":{"0":7,"1":7},"b":{"0":[1,6],"1":[7,7],"2":[1,5],"3":[6,6]},"_coverageSchema":"1a1c01bbd47fc00a2c39e90264f33305004495a9","hash":"77462496c999df3e11794c64d5dd5856103b0bad"}
,"C:\\Users\\ACER\\OneDrive\\Documents\\Project2an\\PROJECT_PRIBADI\\MANAJEMEN ORGANISASI\\orgcontrol-dev\\src\\Domains\\category\\CategoryRepository.js": {"path":"C:\\Users\\ACER\\OneDrive\\Documents\\Project2an\\PROJECT_PRIBADI\\MANAJEMEN ORGANISASI\\orgcontrol-dev\\src\\Domains\\category\\CategoryRepository.js","statementMap":{"0":{"start":{"line":3,"column":6},"end":{"line":3,"column":68}},"1":{"start":{"line":7,"column":6},"end":{"line":7,"column":68}},"2":{"start":{"line":11,"column":6},"end":{"line":11,"column":68}}},"fnMap":{"0":{"name":"(anonymous_0)","decl":{"start":{"line":2,"column":4},"end":{"line":2,"column":5}},"loc":{"start":{"line":2,"column":35},"end":{"line":4,"column":5}},"line":2},"1":{"name":"(anonymous_1)","decl":{"start":{"line":6,"column":4},"end":{"line":6,"column":5}},"loc":{"start":{"line":6,"column":35},"end":{"line":8,"column":5}},"line":6},"2":{"name":"(anonymous_2)","decl":{"start":{"line":10,"column":4},"end":{"line":10,"column":5}},"loc":{"start":{"line":10,"column":31},"end":{"line":12,"column":5}},"line":10}},"branchMap":{},"s":{"0":1,"1":1,"2":1},"f":{"0":1,"1":1,"2":1},"b":{},"_coverageSchema":"1a1c01bbd47fc00a2c39e90264f33305004495a9","hash":"097613cd56e82ee3badb7893f2fbda7dfe251208"}
,"C:\\Users\\ACER\\OneDrive\\Documents\\Project2an\\PROJECT_PRIBADI\\MANAJEMEN ORGANISASI\\orgcontrol-dev\\src\\Domains\\category\\entities\\AddedCategory.js": {"path":"C:\\Users\\ACER\\OneDrive\\Documents\\Project2an\\PROJECT_PRIBADI\\MANAJEMEN ORGANISASI\\orgcontrol-dev\\src\\Domains\\category\\entities\\AddedCategory.js","statementMap":{"0":{"start":{"line":3,"column":4},"end":{"line":3,"column":33}},"1":{"start":{"line":4,"column":25},"end":{"line":4,"column":32}},"2":{"start":{"line":5,"column":4},"end":{"line":5,"column":17}},"3":{"start":{"line":6,"column":4},"end":{"line":6,"column":21}},"4":{"start":{"line":9,"column":4},"end":{"line":11,"column":5}},"5":{"start":{"line":10,"column":6},"end":{"line":10,"column":68}},"6":{"start":{"line":12,"column":4},"end":{"line":14,"column":5}},"7":{"start":{"line":13,"column":6},"end":{"line":13,"column":73}}},"fnMap":{"0":{"name":"(anonymous_0)","decl":{"start":{"line":2,"column":2},"end":{"line":2,"column":3}},"loc":{"start":{"line":2,"column":23},"end":{"line":7,"column":3}},"line":2},"1":{"name":"(anonymous_1)","decl":{"start":{"line":8,"column":2},"end":{"line":8,"column":3}},"loc":{"start":{"line":8,"column":31},"end":{"line":15,"column":3}},"line":8}},"branchMap":{"0":{"loc":{"start":{"line":9,"column":4},"end":{"line":11,"column":5}},"type":"if","locations":[{"start":{"line":9,"column":4},"end":{"line":11,"column":5}},{"start":{},"end":{}}],"line":9},"1":{"loc":{"start":{"line":9,"column":8},"end":{"line":9,"column":20}},"type":"binary-expr","locations":[{"start":{"line":9,"column":8},"end":{"line":9,"column":11}},{"start":{"line":9,"column":15},"end":{"line":9,"column":20}}],"line":9},"2":{"loc":{"start":{"line":12,"column":4},"end":{"line":14,"column":5}},"type":"if","locations":[{"start":{"line":12,"column":4},"end":{"line":14,"column":5}},{"start":{},"end":{}}],"line":12},"3":{"loc":{"start":{"line":12,"column":8},"end":{"line":12,"column":58}},"type":"binary-expr","locations":[{"start":{"line":12,"column":8},"end":{"line":12,"column":30}},{"start":{"line":12,"column":34},"end":{"line":12,"column":58}}],"line":12}},"s":{"0":14,"1":12,"2":12,"3":12,"4":14,"5":1,"6":13,"7":1},"f":{"0":14,"1":14},"b":{"0":[1,13],"1":[14,14],"2":[1,12],"3":[13,12]},"_coverageSchema":"1a1c01bbd47fc00a2c39e90264f33305004495a9","hash":"b234db8261809ac528d198f01699469fbe88a235"}
,"C:\\Users\\ACER\\OneDrive\\Documents\\Project2an\\PROJECT_PRIBADI\\MANAJEMEN ORGANISASI\\orgcontrol-dev\\src\\Domains\\category\\entities\\NewCategory.js": {"path":"C:\\Users\\ACER\\OneDrive\\Documents\\Project2an\\PROJECT_PRIBADI\\MANAJEMEN ORGANISASI\\orgcontrol-dev\\src\\Domains\\category\\entities\\NewCategory.js","statementMap":{"0":{"start":{"line":3,"column":4},"end":{"line":3,"column":33}},"1":{"start":{"line":4,"column":21},"end":{"line":4,"column":28}},"2":{"start":{"line":5,"column":4},"end":{"line":5,"column":21}},"3":{"start":{"line":8,"column":8},"end":{"line":10,"column":9}},"4":{"start":{"line":9,"column":8},"end":{"line":9,"column":68}},"5":{"start":{"line":11,"column":8},"end":{"line":13,"column":9}},"6":{"start":{"line":12,"column":8},"end":{"line":12,"column":73}}},"fnMap":{"0":{"name":"(anonymous_0)","decl":{"start":{"line":2,"column":2},"end":{"line":2,"column":3}},"loc":{"start":{"line":2,"column":23},"end":{"line":6,"column":3}},"line":2},"1":{"name":"(anonymous_1)","decl":{"start":{"line":7,"column":4},"end":{"line":7,"column":5}},"loc":{"start":{"line":7,"column":29},"end":{"line":14,"column":5}},"line":7}},"branchMap":{"0":{"loc":{"start":{"line":8,"column":8},"end":{"line":10,"column":9}},"type":"if","locations":[{"start":{"line":8,"column":8},"end":{"line":10,"column":9}},{"start":{},"end":{}}],"line":8},"1":{"loc":{"start":{"line":11,"column":8},"end":{"line":13,"column":9}},"type":"if","locations":[{"start":{"line":11,"column":8},"end":{"line":13,"column":9}},{"start":{},"end":{}}],"line":11}},"s":{"0":13,"1":11,"2":11,"3":13,"4":1,"5":12,"6":1},"f":{"0":13,"1":13},"b":{"0":[1,12],"1":[1,11]},"_coverageSchema":"1a1c01bbd47fc00a2c39e90264f33305004495a9","hash":"f747e252b152c2ca136d4784d40f3578737eb654"}
,"C:\\Users\\ACER\\OneDrive\\Documents\\Project2an\\PROJECT_PRIBADI\\MANAJEMEN ORGANISASI\\orgcontrol-dev\\src\\Domains\\organization\\OrganizationRepository.js": {"path":"C:\\Users\\ACER\\OneDrive\\Documents\\Project2an\\PROJECT_PRIBADI\\MANAJEMEN ORGANISASI\\orgcontrol-dev\\src\\Domains\\organization\\OrganizationRepository.js","statementMap":{"0":{"start":{"line":3,"column":4},"end":{"line":3,"column":70}}},"fnMap":{"0":{"name":"(anonymous_0)","decl":{"start":{"line":2,"column":2},"end":{"line":2,"column":3}},"loc":{"start":{"line":2,"column":41},"end":{"line":4,"column":3}},"line":2}},"branchMap":{},"s":{"0":1},"f":{"0":1},"b":{},"_coverageSchema":"1a1c01bbd47fc00a2c39e90264f33305004495a9","hash":"e2385a0e581a2a10ac776e9800cbab8b7337407f"}
,"C:\\Users\\ACER\\OneDrive\\Documents\\Project2an\\PROJECT_PRIBADI\\MANAJEMEN ORGANISASI\\orgcontrol-dev\\src\\Domains\\organization\\entities\\AddOrganization.js": {"path":"C:\\Users\\ACER\\OneDrive\\Documents\\Project2an\\PROJECT_PRIBADI\\MANAJEMEN ORGANISASI\\orgcontrol-dev\\src\\Domains\\organization\\entities\\AddOrganization.js","statementMap":{"0":{"start":{"line":3,"column":6},"end":{"line":3,"column":34}},"1":{"start":{"line":5,"column":46},"end":{"line":5,"column":53}},"2":{"start":{"line":7,"column":6},"end":{"line":7,"column":22}},"3":{"start":{"line":8,"column":6},"end":{"line":8,"column":28}},"4":{"start":{"line":9,"column":6},"end":{"line":9,"column":36}},"5":{"start":{"line":14,"column":6},"end":{"line":16,"column":7}},"6":{"start":{"line":15,"column":8},"end":{"line":15,"column":71}},"7":{"start":{"line":18,"column":6},"end":{"line":20,"column":7}},"8":{"start":{"line":19,"column":8},"end":{"line":19,"column":76}}},"fnMap":{"0":{"name":"(anonymous_0)","decl":{"start":{"line":2,"column":4},"end":{"line":2,"column":5}},"loc":{"start":{"line":2,"column":26},"end":{"line":11,"column":5}},"line":2},"1":{"name":"(anonymous_1)","decl":{"start":{"line":13,"column":4},"end":{"line":13,"column":5}},"loc":{"start":{"line":13,"column":54},"end":{"line":22,"column":5}},"line":13}},"branchMap":{"0":{"loc":{"start":{"line":14,"column":6},"end":{"line":16,"column":7}},"type":"if","locations":[{"start":{"line":14,"column":6},"end":{"line":16,"column":7}},{"start":{},"end":{}}],"line":14},"1":{"loc":{"start":{"line":14,"column":10},"end":{"line":14,"column":44}},"type":"binary-expr","locations":[{"start":{"line":14,"column":10},"end":{"line":14,"column":15}},{"start":{"line":14,"column":19},"end":{"line":14,"column":27}},{"start":{"line":14,"column":32},"end":{"line":14,"column":44}}],"line":14},"2":{"loc":{"start":{"line":18,"column":6},"end":{"line":20,"column":7}},"type":"if","locations":[{"start":{"line":18,"column":6},"end":{"line":20,"column":7}},{"start":{},"end":{}}],"line":18},"3":{"loc":{"start":{"line":18,"column":10},"end":{"line":18,"column":102}},"type":"binary-expr","locations":[{"start":{"line":18,"column":10},"end":{"line":18,"column":34}},{"start":{"line":18,"column":38},"end":{"line":18,"column":65}},{"start":{"line":18,"column":71},"end":{"line":18,"column":102}}],"line":18}},"s":{"0":9,"1":7,"2":7,"3":7,"4":7,"5":9,"6":1,"7":8,"8":1},"f":{"0":9,"1":9},"b":{"0":[1,8],"1":[9,9,9],"2":[1,7],"3":[8,7,7]},"_coverageSchema":"1a1c01bbd47fc00a2c39e90264f33305004495a9","hash":"9af010fbe63e66fed62d3dc0f3d616a57d3767ce"}
,"C:\\Users\\ACER\\OneDrive\\Documents\\Project2an\\PROJECT_PRIBADI\\MANAJEMEN ORGANISASI\\orgcontrol-dev\\src\\Domains\\organization\\entities\\AddedOrganization.js": {"path":"C:\\Users\\ACER\\OneDrive\\Documents\\Project2an\\PROJECT_PRIBADI\\MANAJEMEN ORGANISASI\\orgcontrol-dev\\src\\Domains\\organization\\entities\\AddedOrganization.js","statementMap":{"0":{"start":{"line":3,"column":6},"end":{"line":3,"column":34}},"1":{"start":{"line":5,"column":29},"end":{"line":5,"column":36}},"2":{"start":{"line":7,"column":6},"end":{"line":7,"column":18}},"3":{"start":{"line":8,"column":6},"end":{"line":8,"column":22}},"4":{"start":{"line":13,"column":6},"end":{"line":15,"column":7}},"5":{"start":{"line":14,"column":8},"end":{"line":14,"column":73}},"6":{"start":{"line":17,"column":6},"end":{"line":19,"column":7}},"7":{"start":{"line":18,"column":8},"end":{"line":18,"column":78}}},"fnMap":{"0":{"name":"(anonymous_0)","decl":{"start":{"line":2,"column":4},"end":{"line":2,"column":5}},"loc":{"start":{"line":2,"column":26},"end":{"line":10,"column":5}},"line":2},"1":{"name":"(anonymous_1)","decl":{"start":{"line":12,"column":4},"end":{"line":12,"column":5}},"loc":{"start":{"line":12,"column":35},"end":{"line":21,"column":5}},"line":12}},"branchMap":{"0":{"loc":{"start":{"line":13,"column":6},"end":{"line":15,"column":7}},"type":"if","locations":[{"start":{"line":13,"column":6},"end":{"line":15,"column":7}},{"start":{},"end":{}}],"line":13},"1":{"loc":{"start":{"line":13,"column":10},"end":{"line":13,"column":22}},"type":"binary-expr","locations":[{"start":{"line":13,"column":10},"end":{"line":13,"column":15}},{"start":{"line":13,"column":19},"end":{"line":13,"column":22}}],"line":13},"2":{"loc":{"start":{"line":17,"column":6},"end":{"line":19,"column":7}},"type":"if","locations":[{"start":{"line":17,"column":6},"end":{"line":19,"column":7}},{"start":{},"end":{}}],"line":17},"3":{"loc":{"start":{"line":17,"column":10},"end":{"line":17,"column":60}},"type":"binary-expr","locations":[{"start":{"line":17,"column":10},"end":{"line":17,"column":34}},{"start":{"line":17,"column":38},"end":{"line":17,"column":60}}],"line":17}},"s":{"0":12,"1":10,"2":10,"3":10,"4":12,"5":1,"6":11,"7":1},"f":{"0":12,"1":12},"b":{"0":[1,11],"1":[12,12],"2":[1,10],"3":[11,10]},"_coverageSchema":"1a1c01bbd47fc00a2c39e90264f33305004495a9","hash":"0faf197c8f233d0f2f0e73abd6baa9a41aa559d3"}
,"C:\\Users\\ACER\\OneDrive\\Documents\\Project2an\\PROJECT_PRIBADI\\MANAJEMEN ORGANISASI\\orgcontrol-dev\\src\\Domains\\role\\RoleRepository.js": {"path":"C:\\Users\\ACER\\OneDrive\\Documents\\Project2an\\PROJECT_PRIBADI\\MANAJEMEN ORGANISASI\\orgcontrol-dev\\src\\Domains\\role\\RoleRepository.js","statementMap":{"0":{"start":{"line":3,"column":4},"end":{"line":3,"column":62}},"1":{"start":{"line":6,"column":4},"end":{"line":6,"column":62}},"2":{"start":{"line":9,"column":4},"end":{"line":9,"column":62}},"3":{"start":{"line":12,"column":4},"end":{"line":12,"column":62}}},"fnMap":{"0":{"name":"(anonymous_0)","decl":{"start":{"line":2,"column":2},"end":{"line":2,"column":3}},"loc":{"start":{"line":2,"column":22},"end":{"line":4,"column":3}},"line":2},"1":{"name":"(anonymous_1)","decl":{"start":{"line":5,"column":2},"end":{"line":5,"column":3}},"loc":{"start":{"line":5,"column":34},"end":{"line":7,"column":3}},"line":5},"2":{"name":"(anonymous_2)","decl":{"start":{"line":8,"column":2},"end":{"line":8,"column":3}},"loc":{"start":{"line":8,"column":29},"end":{"line":10,"column":3}},"line":8},"3":{"name":"(anonymous_3)","decl":{"start":{"line":11,"column":2},"end":{"line":11,"column":3}},"loc":{"start":{"line":11,"column":21},"end":{"line":13,"column":3}},"line":11}},"branchMap":{},"s":{"0":1,"1":1,"2":1,"3":1},"f":{"0":1,"1":1,"2":1,"3":1},"b":{},"_coverageSchema":"1a1c01bbd47fc00a2c39e90264f33305004495a9","hash":"1a150cad9cb4a15f5df1e123f1cc85556a8e0e3d"}
,"C:\\Users\\ACER\\OneDrive\\Documents\\Project2an\\PROJECT_PRIBADI\\MANAJEMEN ORGANISASI\\orgcontrol-dev\\src\\Domains\\role\\entities\\AddRole.js": {"path":"C:\\Users\\ACER\\OneDrive\\Documents\\Project2an\\PROJECT_PRIBADI\\MANAJEMEN ORGANISASI\\orgcontrol-dev\\src\\Domains\\role\\entities\\AddRole.js","statementMap":{"0":{"start":{"line":3,"column":8},"end":{"line":3,"column":37}},"1":{"start":{"line":4,"column":25},"end":{"line":4,"column":32}},"2":{"start":{"line":6,"column":8},"end":{"line":6,"column":25}},"3":{"start":{"line":10,"column":8},"end":{"line":12,"column":9}},"4":{"start":{"line":11,"column":12},"end":{"line":11,"column":68}},"5":{"start":{"line":14,"column":8},"end":{"line":16,"column":9}},"6":{"start":{"line":15,"column":12},"end":{"line":15,"column":73}}},"fnMap":{"0":{"name":"(anonymous_0)","decl":{"start":{"line":2,"column":4},"end":{"line":2,"column":5}},"loc":{"start":{"line":2,"column":25},"end":{"line":7,"column":5}},"line":2},"1":{"name":"(anonymous_1)","decl":{"start":{"line":9,"column":4},"end":{"line":9,"column":5}},"loc":{"start":{"line":9,"column":29},"end":{"line":17,"column":5}},"line":9}},"branchMap":{"0":{"loc":{"start":{"line":10,"column":8},"end":{"line":12,"column":9}},"type":"if","locations":[{"start":{"line":10,"column":8},"end":{"line":12,"column":9}},{"start":{},"end":{}}],"line":10},"1":{"loc":{"start":{"line":14,"column":8},"end":{"line":16,"column":9}},"type":"if","locations":[{"start":{"line":14,"column":8},"end":{"line":16,"column":9}},{"start":{},"end":{}}],"line":14}},"s":{"0":13,"1":11,"2":11,"3":13,"4":1,"5":12,"6":1},"f":{"0":13,"1":13},"b":{"0":[1,12],"1":[1,11]},"_coverageSchema":"1a1c01bbd47fc00a2c39e90264f33305004495a9","hash":"aad1c71ad38710ad2e00728967e33c993ae31bad"}
,"C:\\Users\\ACER\\OneDrive\\Documents\\Project2an\\PROJECT_PRIBADI\\MANAJEMEN ORGANISASI\\orgcontrol-dev\\src\\Domains\\role\\entities\\AddedRole.js": {"path":"C:\\Users\\ACER\\OneDrive\\Documents\\Project2an\\PROJECT_PRIBADI\\MANAJEMEN ORGANISASI\\orgcontrol-dev\\src\\Domains\\role\\entities\\AddedRole.js","statementMap":{"0":{"start":{"line":3,"column":4},"end":{"line":3,"column":33}},"1":{"start":{"line":4,"column":25},"end":{"line":4,"column":32}},"2":{"start":{"line":5,"column":4},"end":{"line":5,"column":17}},"3":{"start":{"line":6,"column":4},"end":{"line":6,"column":21}},"4":{"start":{"line":9,"column":8},"end":{"line":11,"column":9}},"5":{"start":{"line":10,"column":8},"end":{"line":10,"column":66}},"6":{"start":{"line":12,"column":8},"end":{"line":14,"column":9}},"7":{"start":{"line":13,"column":8},"end":{"line":13,"column":71}}},"fnMap":{"0":{"name":"(anonymous_0)","decl":{"start":{"line":2,"column":2},"end":{"line":2,"column":3}},"loc":{"start":{"line":2,"column":23},"end":{"line":7,"column":3}},"line":2},"1":{"name":"(anonymous_1)","decl":{"start":{"line":8,"column":4},"end":{"line":8,"column":5}},"loc":{"start":{"line":8,"column":33},"end":{"line":15,"column":5}},"line":8}},"branchMap":{"0":{"loc":{"start":{"line":9,"column":8},"end":{"line":11,"column":9}},"type":"if","locations":[{"start":{"line":9,"column":8},"end":{"line":11,"column":9}},{"start":{},"end":{}}],"line":9},"1":{"loc":{"start":{"line":9,"column":12},"end":{"line":9,"column":24}},"type":"binary-expr","locations":[{"start":{"line":9,"column":12},"end":{"line":9,"column":15}},{"start":{"line":9,"column":19},"end":{"line":9,"column":24}}],"line":9},"2":{"loc":{"start":{"line":12,"column":8},"end":{"line":14,"column":9}},"type":"if","locations":[{"start":{"line":12,"column":8},"end":{"line":14,"column":9}},{"start":{},"end":{}}],"line":12},"3":{"loc":{"start":{"line":12,"column":12},"end":{"line":12,"column":62}},"type":"binary-expr","locations":[{"start":{"line":12,"column":12},"end":{"line":12,"column":34}},{"start":{"line":12,"column":38},"end":{"line":12,"column":62}}],"line":12}},"s":{"0":14,"1":12,"2":12,"3":12,"4":14,"5":1,"6":13,"7":1},"f":{"0":14,"1":14},"b":{"0":[1,13],"1":[14,14],"2":[1,12],"3":[13,12]},"_coverageSchema":"1a1c01bbd47fc00a2c39e90264f33305004495a9","hash":"e2f1c25b949b15a5f72eed271e6c16e35f72a228"}
,"C:\\Users\\ACER\\OneDrive\\Documents\\Project2an\\PROJECT_PRIBADI\\MANAJEMEN ORGANISASI\\orgcontrol-dev\\src\\Domains\\role\\entities\\GetRole.js": {"path":"C:\\Users\\ACER\\OneDrive\\Documents\\Project2an\\PROJECT_PRIBADI\\MANAJEMEN ORGANISASI\\orgcontrol-dev\\src\\Domains\\role\\entities\\GetRole.js","statementMap":{"0":{"start":{"line":3,"column":8},"end":{"line":3,"column":37}},"1":{"start":{"line":4,"column":51},"end":{"line":4,"column":58}},"2":{"start":{"line":5,"column":8},"end":{"line":5,"column":21}},"3":{"start":{"line":6,"column":8},"end":{"line":6,"column":25}},"4":{"start":{"line":7,"column":8},"end":{"line":7,"column":35}},"5":{"start":{"line":8,"column":8},"end":{"line":8,"column":35}},"6":{"start":{"line":11,"column":8},"end":{"line":13,"column":9}},"7":{"start":{"line":12,"column":12},"end":{"line":12,"column":68}},"8":{"start":{"line":14,"column":8},"end":{"line":16,"column":9}},"9":{"start":{"line":15,"column":12},"end":{"line":15,"column":73}}},"fnMap":{"0":{"name":"(anonymous_0)","decl":{"start":{"line":2,"column":4},"end":{"line":2,"column":5}},"loc":{"start":{"line":2,"column":25},"end":{"line":9,"column":5}},"line":2},"1":{"name":"(anonymous_1)","decl":{"start":{"line":10,"column":4},"end":{"line":10,"column":5}},"loc":{"start":{"line":10,"column":55},"end":{"line":17,"column":5}},"line":10}},"branchMap":{"0":{"loc":{"start":{"line":11,"column":8},"end":{"line":13,"column":9}},"type":"if","locations":[{"start":{"line":11,"column":8},"end":{"line":13,"column":9}},{"start":{},"end":{}}],"line":11},"1":{"loc":{"start":{"line":11,"column":12},"end":{"line":11,"column":52}},"type":"binary-expr","locations":[{"start":{"line":11,"column":12},"end":{"line":11,"column":15}},{"start":{"line":11,"column":19},"end":{"line":11,"column":24}},{"start":{"line":11,"column":28},"end":{"line":11,"column":38}},{"start":{"line":11,"column":42},"end":{"line":11,"column":52}}],"line":11},"2":{"loc":{"start":{"line":14,"column":8},"end":{"line":16,"column":9}},"type":"if","locations":[{"start":{"line":14,"column":8},"end":{"line":16,"column":9}},{"start":{},"end":{}}],"line":14},"3":{"loc":{"start":{"line":14,"column":12},"end":{"line":14,"column":128}},"type":"binary-expr","locations":[{"start":{"line":14,"column":12},"end":{"line":14,"column":34}},{"start":{"line":14,"column":38},"end":{"line":14,"column":62}},{"start":{"line":14,"column":66},"end":{"line":14,"column":95}},{"start":{"line":14,"column":99},"end":{"line":14,"column":128}}],"line":14}},"s":{"0":7,"1":5,"2":5,"3":5,"4":5,"5":5,"6":7,"7":1,"8":6,"9":1},"f":{"0":7,"1":7},"b":{"0":[1,6],"1":[7,6,6,6],"2":[1,5],"3":[6,5,5,5]},"_coverageSchema":"1a1c01bbd47fc00a2c39e90264f33305004495a9","hash":"f624a21221445325587465f96c70d3b72ae2a799"}
,"C:\\Users\\ACER\\OneDrive\\Documents\\Project2an\\PROJECT_PRIBADI\\MANAJEMEN ORGANISASI\\orgcontrol-dev\\src\\Domains\\users\\UserRepository.js": {"path":"C:\\Users\\ACER\\OneDrive\\Documents\\Project2an\\PROJECT_PRIBADI\\MANAJEMEN ORGANISASI\\orgcontrol-dev\\src\\Domains\\users\\UserRepository.js","statementMap":{"0":{"start":{"line":3,"column":6},"end":{"line":3,"column":63}},"1":{"start":{"line":7,"column":6},"end":{"line":7,"column":63}},"2":{"start":{"line":11,"column":6},"end":{"line":11,"column":63}},"3":{"start":{"line":15,"column":6},"end":{"line":15,"column":63}},"4":{"start":{"line":19,"column":2},"end":{"line":19,"column":33}}},"fnMap":{"0":{"name":"(anonymous_0)","decl":{"start":{"line":2,"column":4},"end":{"line":2,"column":5}},"loc":{"start":{"line":2,"column":33},"end":{"line":4,"column":5}},"line":2},"1":{"name":"(anonymous_1)","decl":{"start":{"line":6,"column":4},"end":{"line":6,"column":5}},"loc":{"start":{"line":6,"column":39},"end":{"line":8,"column":5}},"line":6},"2":{"name":"(anonymous_2)","decl":{"start":{"line":10,"column":4},"end":{"line":10,"column":5}},"loc":{"start":{"line":10,"column":37},"end":{"line":12,"column":5}},"line":10},"3":{"name":"(anonymous_3)","decl":{"start":{"line":14,"column":4},"end":{"line":14,"column":5}},"loc":{"start":{"line":14,"column":31},"end":{"line":16,"column":5}},"line":14}},"branchMap":{},"s":{"0":1,"1":1,"2":1,"3":1,"4":6},"f":{"0":1,"1":1,"2":1,"3":1},"b":{},"_coverageSchema":"1a1c01bbd47fc00a2c39e90264f33305004495a9","hash":"b42b7765c082a09a8524e21917b80bd465051015"}
,"C:\\Users\\ACER\\OneDrive\\Documents\\Project2an\\PROJECT_PRIBADI\\MANAJEMEN ORGANISASI\\orgcontrol-dev\\src\\Domains\\users\\entities\\RegisterUser.js": {"path":"C:\\Users\\ACER\\OneDrive\\Documents\\Project2an\\PROJECT_PRIBADI\\MANAJEMEN ORGANISASI\\orgcontrol-dev\\src\\Domains\\users\\entities\\RegisterUser.js","statementMap":{"0":{"start":{"line":3,"column":6},"end":{"line":3,"column":34}},"1":{"start":{"line":5,"column":60},"end":{"line":5,"column":67}},"2":{"start":{"line":7,"column":6},"end":{"line":7,"column":22}},"3":{"start":{"line":8,"column":6},"end":{"line":8,"column":24}},"4":{"start":{"line":9,"column":6},"end":{"line":9,"column":30}},"5":{"start":{"line":10,"column":6},"end":{"line":10,"column":28}},"6":{"start":{"line":11,"column":6},"end":{"line":11,"column":30}},"7":{"start":{"line":16,"column":6},"end":{"line":18,"column":7}},"8":{"start":{"line":17,"column":8},"end":{"line":17,"column":68}},"9":{"start":{"line":20,"column":6},"end":{"line":22,"column":7}},"10":{"start":{"line":21,"column":8},"end":{"line":21,"column":73}},"11":{"start":{"line":24,"column":6},"end":{"line":26,"column":7}},"12":{"start":{"line":25,"column":8},"end":{"line":25,"column":60}},"13":{"start":{"line":28,"column":6},"end":{"line":30,"column":7}},"14":{"start":{"line":29,"column":8},"end":{"line":29,"column":78}},"15":{"start":{"line":34,"column":27},"end":{"line":34,"column":55}},"16":{"start":{"line":35,"column":8},"end":{"line":35,"column":38}}},"fnMap":{"0":{"name":"(anonymous_0)","decl":{"start":{"line":2,"column":4},"end":{"line":2,"column":5}},"loc":{"start":{"line":2,"column":26},"end":{"line":13,"column":5}},"line":2},"1":{"name":"(anonymous_1)","decl":{"start":{"line":15,"column":4},"end":{"line":15,"column":5}},"loc":{"start":{"line":15,"column":67},"end":{"line":31,"column":5}},"line":15},"2":{"name":"(anonymous_2)","decl":{"start":{"line":32,"column":4},"end":{"line":32,"column":5}},"loc":{"start":{"line":32,"column":25},"end":{"line":36,"column":7}},"line":32}},"branchMap":{"0":{"loc":{"start":{"line":16,"column":6},"end":{"line":18,"column":7}},"type":"if","locations":[{"start":{"line":16,"column":6},"end":{"line":18,"column":7}},{"start":{},"end":{}}],"line":16},"1":{"loc":{"start":{"line":16,"column":10},"end":{"line":16,"column":63}},"type":"binary-expr","locations":[{"start":{"line":16,"column":10},"end":{"line":16,"column":15}},{"start":{"line":16,"column":19},"end":{"line":16,"column":28}},{"start":{"line":16,"column":33},"end":{"line":16,"column":39}},{"start":{"line":16,"column":42},"end":{"line":16,"column":50}},{"start":{"line":16,"column":54},"end":{"line":16,"column":63}}],"line":16},"2":{"loc":{"start":{"line":20,"column":6},"end":{"line":22,"column":7}},"type":"if","locations":[{"start":{"line":20,"column":6},"end":{"line":22,"column":7}},{"start":{},"end":{}}],"line":20},"3":{"loc":{"start":{"line":20,"column":10},"end":{"line":20,"column":159}},"type":"binary-expr","locations":[{"start":{"line":20,"column":10},"end":{"line":20,"column":34}},{"start":{"line":20,"column":38},"end":{"line":20,"column":66}},{"start":{"line":20,"column":71},"end":{"line":20,"column":96}},{"start":{"line":20,"column":100},"end":{"line":20,"column":127}},{"start":{"line":20,"column":131},"end":{"line":20,"column":159}}],"line":20},"4":{"loc":{"start":{"line":24,"column":6},"end":{"line":26,"column":7}},"type":"if","locations":[{"start":{"line":24,"column":6},"end":{"line":26,"column":7}},{"start":{},"end":{}}],"line":24},"5":{"loc":{"start":{"line":28,"column":6},"end":{"line":30,"column":7}},"type":"if","locations":[{"start":{"line":28,"column":6},"end":{"line":30,"column":7}},{"start":{},"end":{}}],"line":28}},"s":{"0":17,"1":10,"2":10,"3":10,"4":10,"5":10,"6":10,"7":17,"8":2,"9":15,"10":2,"11":13,"12":1,"13":12,"14":2,"15":12,"16":12},"f":{"0":17,"1":17,"2":12},"b":{"0":[2,15],"1":[17,17,17,15,15],"2":[2,13],"3":[15,14,14,13,13],"4":[1,12],"5":[2,10]},"_coverageSchema":"1a1c01bbd47fc00a2c39e90264f33305004495a9","hash":"19bd5a3cafbf4ae4b909486574301741ed6492fd"}
,"C:\\Users\\ACER\\OneDrive\\Documents\\Project2an\\PROJECT_PRIBADI\\MANAJEMEN ORGANISASI\\orgcontrol-dev\\src\\Domains\\users\\entities\\RegisteredUser.js": {"path":"C:\\Users\\ACER\\OneDrive\\Documents\\Project2an\\PROJECT_PRIBADI\\MANAJEMEN ORGANISASI\\orgcontrol-dev\\src\\Domains\\users\\entities\\RegisteredUser.js","statementMap":{"0":{"start":{"line":3,"column":6},"end":{"line":3,"column":34}},"1":{"start":{"line":5,"column":34},"end":{"line":5,"column":41}},"2":{"start":{"line":7,"column":6},"end":{"line":7,"column":18}},"3":{"start":{"line":8,"column":6},"end":{"line":8,"column":24}},"4":{"start":{"line":9,"column":6},"end":{"line":9,"column":22}},"5":{"start":{"line":13,"column":6},"end":{"line":15,"column":7}},"6":{"start":{"line":14,"column":8},"end":{"line":14,"column":70}},"7":{"start":{"line":17,"column":6},"end":{"line":19,"column":7}},"8":{"start":{"line":18,"column":8},"end":{"line":18,"column":75}},"9":{"start":{"line":23,"column":2},"end":{"line":23,"column":33}}},"fnMap":{"0":{"name":"(anonymous_0)","decl":{"start":{"line":2,"column":4},"end":{"line":2,"column":5}},"loc":{"start":{"line":2,"column":26},"end":{"line":10,"column":5}},"line":2},"1":{"name":"(anonymous_1)","decl":{"start":{"line":12,"column":4},"end":{"line":12,"column":5}},"loc":{"start":{"line":12,"column":41},"end":{"line":20,"column":5}},"line":12}},"branchMap":{"0":{"loc":{"start":{"line":13,"column":6},"end":{"line":15,"column":7}},"type":"if","locations":[{"start":{"line":13,"column":6},"end":{"line":15,"column":7}},{"start":{},"end":{}}],"line":13},"1":{"loc":{"start":{"line":13,"column":10},"end":{"line":13,"column":32}},"type":"binary-expr","locations":[{"start":{"line":13,"column":10},"end":{"line":13,"column":13}},{"start":{"line":13,"column":17},"end":{"line":13,"column":23}},{"start":{"line":13,"column":27},"end":{"line":13,"column":32}}],"line":13},"2":{"loc":{"start":{"line":17,"column":6},"end":{"line":19,"column":7}},"type":"if","locations":[{"start":{"line":17,"column":6},"end":{"line":19,"column":7}},{"start":{},"end":{}}],"line":17},"3":{"loc":{"start":{"line":17,"column":10},"end":{"line":17,"column":89}},"type":"binary-expr","locations":[{"start":{"line":17,"column":10},"end":{"line":17,"column":32}},{"start":{"line":17,"column":36},"end":{"line":17,"column":61}},{"start":{"line":17,"column":65},"end":{"line":17,"column":89}}],"line":17}},"s":{"0":11,"1":9,"2":9,"3":9,"4":9,"5":11,"6":1,"7":10,"8":1,"9":5},"f":{"0":11,"1":11},"b":{"0":[1,10],"1":[11,10,10],"2":[1,9],"3":[10,9,9]},"_coverageSchema":"1a1c01bbd47fc00a2c39e90264f33305004495a9","hash":"4f207883cc33ad5792cd14b2a0b8635268ed4a8e"}
,"C:\\Users\\ACER\\OneDrive\\Documents\\Project2an\\PROJECT_PRIBADI\\MANAJEMEN ORGANISASI\\orgcontrol-dev\\src\\Domains\\users\\entities\\UserLogin.js": {"path":"C:\\Users\\ACER\\OneDrive\\Documents\\Project2an\\PROJECT_PRIBADI\\MANAJEMEN ORGANISASI\\orgcontrol-dev\\src\\Domains\\users\\entities\\UserLogin.js","statementMap":{"0":{"start":{"line":3,"column":8},"end":{"line":3,"column":36}},"1":{"start":{"line":4,"column":36},"end":{"line":4,"column":43}},"2":{"start":{"line":5,"column":8},"end":{"line":5,"column":26}},"3":{"start":{"line":6,"column":8},"end":{"line":6,"column":32}},"4":{"start":{"line":10,"column":8},"end":{"line":12,"column":9}},"5":{"start":{"line":11,"column":8},"end":{"line":11,"column":65}},"6":{"start":{"line":14,"column":8},"end":{"line":16,"column":9}},"7":{"start":{"line":15,"column":8},"end":{"line":15,"column":70}},"8":{"start":{"line":18,"column":8},"end":{"line":20,"column":9}},"9":{"start":{"line":19,"column":8},"end":{"line":19,"column":54}},"10":{"start":{"line":22,"column":8},"end":{"line":24,"column":9}},"11":{"start":{"line":23,"column":8},"end":{"line":23,"column":72}},"12":{"start":{"line":28,"column":27},"end":{"line":28,"column":55}},"13":{"start":{"line":29,"column":8},"end":{"line":29,"column":38}}},"fnMap":{"0":{"name":"(anonymous_0)","decl":{"start":{"line":2,"column":4},"end":{"line":2,"column":5}},"loc":{"start":{"line":2,"column":26},"end":{"line":7,"column":5}},"line":2},"1":{"name":"(anonymous_1)","decl":{"start":{"line":9,"column":4},"end":{"line":9,"column":5}},"loc":{"start":{"line":9,"column":41},"end":{"line":25,"column":5}},"line":9},"2":{"name":"(anonymous_2)","decl":{"start":{"line":26,"column":4},"end":{"line":26,"column":5}},"loc":{"start":{"line":26,"column":25},"end":{"line":30,"column":5}},"line":26}},"branchMap":{"0":{"loc":{"start":{"line":10,"column":8},"end":{"line":12,"column":9}},"type":"if","locations":[{"start":{"line":10,"column":8},"end":{"line":12,"column":9}},{"start":{},"end":{}}],"line":10},"1":{"loc":{"start":{"line":10,"column":12},"end":{"line":10,"column":31}},"type":"binary-expr","locations":[{"start":{"line":10,"column":12},"end":{"line":10,"column":18}},{"start":{"line":10,"column":22},"end":{"line":10,"column":31}}],"line":10},"2":{"loc":{"start":{"line":14,"column":8},"end":{"line":16,"column":9}},"type":"if","locations":[{"start":{"line":14,"column":8},"end":{"line":16,"column":9}},{"start":{},"end":{}}],"line":14},"3":{"loc":{"start":{"line":14,"column":12},"end":{"line":14,"column":69}},"type":"binary-expr","locations":[{"start":{"line":14,"column":12},"end":{"line":14,"column":37}},{"start":{"line":14,"column":41},"end":{"line":14,"column":69}}],"line":14},"4":{"loc":{"start":{"line":18,"column":8},"end":{"line":20,"column":9}},"type":"if","locations":[{"start":{"line":18,"column":8},"end":{"line":20,"column":9}},{"start":{},"end":{}}],"line":18},"5":{"loc":{"start":{"line":22,"column":8},"end":{"line":24,"column":9}},"type":"if","locations":[{"start":{"line":22,"column":8},"end":{"line":24,"column":9}},{"start":{},"end":{}}],"line":22}},"s":{"0":9,"1":5,"2":5,"3":5,"4":9,"5":1,"6":8,"7":1,"8":7,"9":1,"10":6,"11":1,"12":6,"13":6},"f":{"0":9,"1":9,"2":6},"b":{"0":[1,8],"1":[9,9],"2":[1,7],"3":[8,7],"4":[1,6],"5":[1,5]},"_coverageSchema":"1a1c01bbd47fc00a2c39e90264f33305004495a9","hash":"2216294e79b0bf883ff18402e7a8f5118ff00104"}
,"C:\\Users\\ACER\\OneDrive\\Documents\\Project2an\\PROJECT_PRIBADI\\MANAJEMEN ORGANISASI\\orgcontrol-dev\\src\\Infrastructures\\database\\mysql\\mysql.js": {"path":"C:\\Users\\ACER\\OneDrive\\Documents\\Project2an\\PROJECT_PRIBADI\\MANAJEMEN ORGANISASI\\orgcontrol-dev\\src\\Infrastructures\\database\\mysql\\mysql.js","statementMap":{"0":{"start":{"line":2,"column":15},"end":{"line":2,"column":40}},"1":{"start":{"line":4,"column":14},"end":{"line":4,"column":39}},"2":{"start":{"line":6,"column":0},"end":{"line":6,"column":23}}},"fnMap":{},"branchMap":{},"s":{"0":7,"1":7,"2":7},"f":{},"b":{},"_coverageSchema":"1a1c01bbd47fc00a2c39e90264f33305004495a9","hash":"bc1697c371498ddda4788df6312134e731c532d3"}
,"C:\\Users\\ACER\\OneDrive\\Documents\\Project2an\\PROJECT_PRIBADI\\MANAJEMEN ORGANISASI\\orgcontrol-dev\\src\\Infrastructures\\http\\CreateServer.js": {"path":"C:\\Users\\ACER\\OneDrive\\Documents\\Project2an\\PROJECT_PRIBADI\\MANAJEMEN ORGANISASI\\orgcontrol-dev\\src\\Infrastructures\\http\\CreateServer.js","statementMap":{"0":{"start":{"line":12,"column":21},"end":{"line":62,"column":1}},"1":{"start":{"line":13,"column":16},"end":{"line":13,"column":25}},"2":{"start":{"line":16,"column":4},"end":{"line":16,"column":20}},"3":{"start":{"line":17,"column":4},"end":{"line":17,"column":44}},"4":{"start":{"line":18,"column":25},"end":{"line":33,"column":5}},"5":{"start":{"line":19,"column":8},"end":{"line":32,"column":7}},"6":{"start":{"line":20,"column":35},"end":{"line":20,"column":71}},"7":{"start":{"line":21,"column":10},"end":{"line":31,"column":11}},"8":{"start":{"line":22,"column":12},"end":{"line":25,"column":15}},"9":{"start":{"line":27,"column":12},"end":{"line":30,"column":15}},"10":{"start":{"line":34,"column":28},"end":{"line":51,"column":7}},"11":{"start":{"line":35,"column":22},"end":{"line":35,"column":64}},"12":{"start":{"line":37,"column":8},"end":{"line":42,"column":9}},"13":{"start":{"line":38,"column":10},"end":{"line":41,"column":13}},"14":{"start":{"line":44,"column":8},"end":{"line":50,"column":11}},"15":{"start":{"line":45,"column":29},"end":{"line":45,"column":76}},"16":{"start":{"line":46,"column":12},"end":{"line":46,"column":32}},"17":{"start":{"line":47,"column":12},"end":{"line":47,"column":19}},"18":{"start":{"line":49,"column":12},"end":{"line":49,"column":63}},"19":{"start":{"line":53,"column":4},"end":{"line":53,"column":29}},"20":{"start":{"line":54,"column":4},"end":{"line":54,"column":35}},"21":{"start":{"line":55,"column":4},"end":{"line":55,"column":29}},"22":{"start":{"line":56,"column":4},"end":{"line":56,"column":31}},"23":{"start":{"line":57,"column":4},"end":{"line":57,"column":29}},"24":{"start":{"line":60,"column":4},"end":{"line":60,"column":26}},"25":{"start":{"line":61,"column":4},"end":{"line":61,"column":15}}},"fnMap":{"0":{"name":"(anonymous_0)","decl":{"start":{"line":12,"column":21},"end":{"line":12,"column":22}},"loc":{"start":{"line":12,"column":27},"end":{"line":62,"column":1}},"line":12},"1":{"name":"(anonymous_1)","decl":{"start":{"line":18,"column":25},"end":{"line":18,"column":26}},"loc":{"start":{"line":18,"column":50},"end":{"line":33,"column":5}},"line":18},"2":{"name":"(anonymous_2)","decl":{"start":{"line":34,"column":28},"end":{"line":34,"column":29}},"loc":{"start":{"line":34,"column":48},"end":{"line":51,"column":7}},"line":34}},"branchMap":{"0":{"loc":{"start":{"line":19,"column":8},"end":{"line":32,"column":7}},"type":"if","locations":[{"start":{"line":19,"column":8},"end":{"line":32,"column":7}},{"start":{},"end":{}}],"line":19},"1":{"loc":{"start":{"line":21,"column":10},"end":{"line":31,"column":11}},"type":"if","locations":[{"start":{"line":21,"column":10},"end":{"line":31,"column":11}},{"start":{"line":26,"column":15},"end":{"line":31,"column":11}}],"line":21},"2":{"loc":{"start":{"line":37,"column":8},"end":{"line":42,"column":9}},"type":"if","locations":[{"start":{"line":37,"column":8},"end":{"line":42,"column":9}},{"start":{},"end":{}}],"line":37}},"s":{"0":2,"1":10,"2":10,"3":10,"4":10,"5":8,"6":8,"7":8,"8":8,"9":0,"10":10,"11":0,"12":0,"13":0,"14":0,"15":0,"16":0,"17":0,"18":0,"19":10,"20":10,"21":10,"22":10,"23":10,"24":10,"25":10},"f":{"0":10,"1":8,"2":0},"b":{"0":[8,0],"1":[8,0],"2":[0,0]},"_coverageSchema":"1a1c01bbd47fc00a2c39e90264f33305004495a9","hash":"b8e346389f7377b2f0509c8ef344b3c5f3567717"}
,"C:\\Users\\ACER\\OneDrive\\Documents\\Project2an\\PROJECT_PRIBADI\\MANAJEMEN ORGANISASI\\orgcontrol-dev\\src\\Infrastructures\\repository\\AuthenticationRepositoryMysql.js": {"path":"C:\\Users\\ACER\\OneDrive\\Documents\\Project2an\\PROJECT_PRIBADI\\MANAJEMEN ORGANISASI\\orgcontrol-dev\\src\\Infrastructures\\repository\\AuthenticationRepositoryMysql.js","statementMap":{"0":{"start":{"line":6,"column":4},"end":{"line":6,"column":12}},"1":{"start":{"line":7,"column":4},"end":{"line":7,"column":26}},"2":{"start":{"line":11,"column":4},"end":{"line":13,"column":7}},"3":{"start":{"line":17,"column":26},"end":{"line":21,"column":6}},"4":{"start":{"line":22,"column":4},"end":{"line":24,"column":5}},"5":{"start":{"line":23,"column":6},"end":{"line":23,"column":50}},"6":{"start":{"line":28,"column":4},"end":{"line":32,"column":7}}},"fnMap":{"0":{"name":"(anonymous_0)","decl":{"start":{"line":5,"column":2},"end":{"line":5,"column":3}},"loc":{"start":{"line":5,"column":22},"end":{"line":8,"column":3}},"line":5},"1":{"name":"(anonymous_1)","decl":{"start":{"line":10,"column":2},"end":{"line":10,"column":3}},"loc":{"start":{"line":10,"column":24},"end":{"line":14,"column":3}},"line":10},"2":{"name":"(anonymous_2)","decl":{"start":{"line":16,"column":2},"end":{"line":16,"column":3}},"loc":{"start":{"line":16,"column":38},"end":{"line":25,"column":3}},"line":16},"3":{"name":"(anonymous_3)","decl":{"start":{"line":27,"column":2},"end":{"line":27,"column":3}},"loc":{"start":{"line":27,"column":27},"end":{"line":33,"column":3}},"line":27}},"branchMap":{"0":{"loc":{"start":{"line":22,"column":4},"end":{"line":24,"column":5}},"type":"if","locations":[{"start":{"line":22,"column":4},"end":{"line":24,"column":5}},{"start":{},"end":{}}],"line":22}},"s":{"0":7,"1":7,"2":2,"3":2,"4":2,"5":1,"6":1},"f":{"0":7,"1":2,"2":2,"3":1},"b":{"0":[1,1]},"_coverageSchema":"1a1c01bbd47fc00a2c39e90264f33305004495a9","hash":"da16a6b1f31e9a791a085e1a83a34529cbb5b58f"}
,"C:\\Users\\ACER\\OneDrive\\Documents\\Project2an\\PROJECT_PRIBADI\\MANAJEMEN ORGANISASI\\orgcontrol-dev\\src\\Infrastructures\\repository\\CategoryRepositoryMysql.js": {"path":"C:\\Users\\ACER\\OneDrive\\Documents\\Project2an\\PROJECT_PRIBADI\\MANAJEMEN ORGANISASI\\orgcontrol-dev\\src\\Infrastructures\\repository\\CategoryRepositoryMysql.js","statementMap":{"0":{"start":{"line":7,"column":4},"end":{"line":7,"column":12}},"1":{"start":{"line":8,"column":4},"end":{"line":8,"column":26}},"2":{"start":{"line":12,"column":21},"end":{"line":12,"column":29}},"3":{"start":{"line":13,"column":24},"end":{"line":15,"column":6}},"4":{"start":{"line":16,"column":4},"end":{"line":16,"column":42}},"5":{"start":{"line":20,"column":21},"end":{"line":22,"column":6}},"6":{"start":{"line":23,"column":4},"end":{"line":25,"column":5}},"7":{"start":{"line":24,"column":6},"end":{"line":24,"column":63}},"8":{"start":{"line":29,"column":21},"end":{"line":31,"column":6}},"9":{"start":{"line":33,"column":4},"end":{"line":35,"column":5}},"10":{"start":{"line":34,"column":6},"end":{"line":34,"column":56}}},"fnMap":{"0":{"name":"(anonymous_0)","decl":{"start":{"line":6,"column":2},"end":{"line":6,"column":3}},"loc":{"start":{"line":6,"column":22},"end":{"line":9,"column":3}},"line":6},"1":{"name":"(anonymous_1)","decl":{"start":{"line":11,"column":2},"end":{"line":11,"column":3}},"loc":{"start":{"line":11,"column":30},"end":{"line":17,"column":3}},"line":11},"2":{"name":"(anonymous_2)","decl":{"start":{"line":19,"column":2},"end":{"line":19,"column":3}},"loc":{"start":{"line":19,"column":33},"end":{"line":26,"column":3}},"line":19},"3":{"name":"(anonymous_3)","decl":{"start":{"line":28,"column":2},"end":{"line":28,"column":3}},"loc":{"start":{"line":28,"column":29},"end":{"line":36,"column":3}},"line":28}},"branchMap":{"0":{"loc":{"start":{"line":23,"column":4},"end":{"line":25,"column":5}},"type":"if","locations":[{"start":{"line":23,"column":4},"end":{"line":25,"column":5}},{"start":{},"end":{}}],"line":23},"1":{"loc":{"start":{"line":33,"column":4},"end":{"line":35,"column":5}},"type":"if","locations":[{"start":{"line":33,"column":4},"end":{"line":35,"column":5}},{"start":{},"end":{}}],"line":33}},"s":{"0":23,"1":23,"2":9,"3":9,"4":9,"5":10,"6":10,"7":1,"8":8,"9":8,"10":2},"f":{"0":23,"1":9,"2":10,"3":8},"b":{"0":[1,9],"1":[2,6]},"_coverageSchema":"1a1c01bbd47fc00a2c39e90264f33305004495a9","hash":"66f06898c5ad75cc3e8724e3252833d46fc88119"}
,"C:\\Users\\ACER\\OneDrive\\Documents\\Project2an\\PROJECT_PRIBADI\\MANAJEMEN ORGANISASI\\orgcontrol-dev\\src\\Infrastructures\\repository\\OrganizationRepositoryMysql.js": {"path":"C:\\Users\\ACER\\OneDrive\\Documents\\Project2an\\PROJECT_PRIBADI\\MANAJEMEN ORGANISASI\\orgcontrol-dev\\src\\Infrastructures\\repository\\OrganizationRepositoryMysql.js","statementMap":{"0":{"start":{"line":8,"column":4},"end":{"line":8,"column":12}},"1":{"start":{"line":9,"column":4},"end":{"line":9,"column":25}},"2":{"start":{"line":13,"column":43},"end":{"line":13,"column":55}},"3":{"start":{"line":14,"column":28},"end":{"line":16,"column":6}},"4":{"start":{"line":17,"column":4},"end":{"line":17,"column":49}}},"fnMap":{"0":{"name":"(anonymous_0)","decl":{"start":{"line":7,"column":2},"end":{"line":7,"column":3}},"loc":{"start":{"line":7,"column":21},"end":{"line":10,"column":3}},"line":7},"1":{"name":"(anonymous_1)","decl":{"start":{"line":12,"column":2},"end":{"line":12,"column":3}},"loc":{"start":{"line":12,"column":41},"end":{"line":18,"column":3}},"line":12}},"branchMap":{},"s":{"0":11,"1":11,"2":5,"3":5,"4":5},"f":{"0":11,"1":5},"b":{},"_coverageSchema":"1a1c01bbd47fc00a2c39e90264f33305004495a9","hash":"bdcbd0e44b281f1bedf2ed2f225b86c245c17267"}
,"C:\\Users\\ACER\\OneDrive\\Documents\\Project2an\\PROJECT_PRIBADI\\MANAJEMEN ORGANISASI\\orgcontrol-dev\\src\\Infrastructures\\repository\\RoleRepositoryMysql.js": {"path":"C:\\Users\\ACER\\OneDrive\\Documents\\Project2an\\PROJECT_PRIBADI\\MANAJEMEN ORGANISASI\\orgcontrol-dev\\src\\Infrastructures\\repository\\RoleRepositoryMysql.js","statementMap":{"0":{"start":{"line":8,"column":8},"end":{"line":8,"column":16}},"1":{"start":{"line":9,"column":8},"end":{"line":9,"column":30}},"2":{"start":{"line":12,"column":25},"end":{"line":12,"column":29}},"3":{"start":{"line":13,"column":24},"end":{"line":15,"column":10}},"4":{"start":{"line":16,"column":8},"end":{"line":16,"column":38}},"5":{"start":{"line":19,"column":21},"end":{"line":21,"column":10}},"6":{"start":{"line":22,"column":8},"end":{"line":24,"column":9}},"7":{"start":{"line":23,"column":12},"end":{"line":23,"column":65}},"8":{"start":{"line":27,"column":21},"end":{"line":29,"column":10}},"9":{"start":{"line":30,"column":8},"end":{"line":32,"column":9}},"10":{"start":{"line":31,"column":12},"end":{"line":31,"column":55}},"11":{"start":{"line":35,"column":22},"end":{"line":35,"column":56}},"12":{"start":{"line":36,"column":8},"end":{"line":43,"column":11}},"13":{"start":{"line":36,"column":35},"end":{"line":43,"column":9}}},"fnMap":{"0":{"name":"(anonymous_0)","decl":{"start":{"line":7,"column":4},"end":{"line":7,"column":5}},"loc":{"start":{"line":7,"column":23},"end":{"line":10,"column":5}},"line":7},"1":{"name":"(anonymous_1)","decl":{"start":{"line":11,"column":4},"end":{"line":11,"column":5}},"loc":{"start":{"line":11,"column":23},"end":{"line":17,"column":5}},"line":11},"2":{"name":"(anonymous_2)","decl":{"start":{"line":18,"column":4},"end":{"line":18,"column":5}},"loc":{"start":{"line":18,"column":35},"end":{"line":25,"column":5}},"line":18},"3":{"name":"(anonymous_3)","decl":{"start":{"line":26,"column":4},"end":{"line":26,"column":5}},"loc":{"start":{"line":26,"column":30},"end":{"line":33,"column":5}},"line":26},"4":{"name":"(anonymous_4)","decl":{"start":{"line":34,"column":4},"end":{"line":34,"column":5}},"loc":{"start":{"line":34,"column":22},"end":{"line":44,"column":5}},"line":34},"5":{"name":"(anonymous_5)","decl":{"start":{"line":36,"column":25},"end":{"line":36,"column":26}},"loc":{"start":{"line":36,"column":35},"end":{"line":43,"column":9}},"line":36}},"branchMap":{"0":{"loc":{"start":{"line":22,"column":8},"end":{"line":24,"column":9}},"type":"if","locations":[{"start":{"line":22,"column":8},"end":{"line":24,"column":9}},{"start":{},"end":{}}],"line":22},"1":{"loc":{"start":{"line":30,"column":8},"end":{"line":32,"column":9}},"type":"if","locations":[{"start":{"line":30,"column":8},"end":{"line":32,"column":9}},{"start":{},"end":{}}],"line":30}},"s":{"0":24,"1":24,"2":9,"3":9,"4":9,"5":10,"6":10,"7":1,"8":7,"9":7,"10":2,"11":1,"12":1,"13":2},"f":{"0":24,"1":9,"2":10,"3":7,"4":1,"5":2},"b":{"0":[1,9],"1":[2,5]},"_coverageSchema":"1a1c01bbd47fc00a2c39e90264f33305004495a9","hash":"ec10125f1f69b679406d7aba220ae327df456f56"}
,"C:\\Users\\ACER\\OneDrive\\Documents\\Project2an\\PROJECT_PRIBADI\\MANAJEMEN ORGANISASI\\orgcontrol-dev\\src\\Infrastructures\\repository\\UserRepositoryMysql.js": {"path":"C:\\Users\\ACER\\OneDrive\\Documents\\Project2an\\PROJECT_PRIBADI\\MANAJEMEN ORGANISASI\\orgcontrol-dev\\src\\Infrastructures\\repository\\UserRepositoryMysql.js","statementMap":{"0":{"start":{"line":8,"column":4},"end":{"line":8,"column":12}},"1":{"start":{"line":9,"column":4},"end":{"line":9,"column":26}},"2":{"start":{"line":13,"column":47},"end":{"line":13,"column":59}},"3":{"start":{"line":14,"column":20},"end":{"line":21,"column":6}},"4":{"start":{"line":22,"column":4},"end":{"line":22,"column":39}},"5":{"start":{"line":26,"column":17},"end":{"line":30,"column":6}},"6":{"start":{"line":31,"column":4},"end":{"line":33,"column":5}},"7":{"start":{"line":32,"column":6},"end":{"line":32,"column":59}},"8":{"start":{"line":37,"column":17},"end":{"line":41,"column":6}},"9":{"start":{"line":42,"column":4},"end":{"line":44,"column":5}},"10":{"start":{"line":43,"column":6},"end":{"line":43,"column":55}},"11":{"start":{"line":45,"column":4},"end":{"line":45,"column":25}},"12":{"start":{"line":49,"column":17},"end":{"line":53,"column":6}},"13":{"start":{"line":54,"column":4},"end":{"line":56,"column":5}},"14":{"start":{"line":55,"column":6},"end":{"line":55,"column":55}},"15":{"start":{"line":57,"column":4},"end":{"line":57,"column":19}}},"fnMap":{"0":{"name":"(anonymous_0)","decl":{"start":{"line":7,"column":2},"end":{"line":7,"column":3}},"loc":{"start":{"line":7,"column":22},"end":{"line":10,"column":3}},"line":7},"1":{"name":"(anonymous_1)","decl":{"start":{"line":12,"column":2},"end":{"line":12,"column":3}},"loc":{"start":{"line":12,"column":30},"end":{"line":23,"column":3}},"line":12},"2":{"name":"(anonymous_2)","decl":{"start":{"line":25,"column":2},"end":{"line":25,"column":3}},"loc":{"start":{"line":25,"column":36},"end":{"line":34,"column":3}},"line":25},"3":{"name":"(anonymous_3)","decl":{"start":{"line":36,"column":2},"end":{"line":36,"column":3}},"loc":{"start":{"line":36,"column":34},"end":{"line":46,"column":3}},"line":36},"4":{"name":"(anonymous_4)","decl":{"start":{"line":48,"column":2},"end":{"line":48,"column":3}},"loc":{"start":{"line":48,"column":28},"end":{"line":58,"column":3}},"line":48}},"branchMap":{"0":{"loc":{"start":{"line":31,"column":4},"end":{"line":33,"column":5}},"type":"if","locations":[{"start":{"line":31,"column":4},"end":{"line":33,"column":5}},{"start":{},"end":{}}],"line":31},"1":{"loc":{"start":{"line":42,"column":4},"end":{"line":44,"column":5}},"type":"if","locations":[{"start":{"line":42,"column":4},"end":{"line":44,"column":5}},{"start":{},"end":{}}],"line":42},"2":{"loc":{"start":{"line":54,"column":4},"end":{"line":56,"column":5}},"type":"if","locations":[{"start":{"line":54,"column":4},"end":{"line":56,"column":5}},{"start":{},"end":{}}],"line":54}},"s":{"0":21,"1":21,"2":6,"3":6,"4":6,"5":9,"6":9,"7":2,"8":5,"9":5,"10":2,"11":3,"12":3,"13":3,"14":1,"15":2},"f":{"0":21,"1":6,"2":9,"3":5,"4":3},"b":{"0":[2,7],"1":[2,3],"2":[1,2]},"_coverageSchema":"1a1c01bbd47fc00a2c39e90264f33305004495a9","hash":"fe3fac2021d0a3bd6ea1962a6fc1931e1a270dd8"}
,"C:\\Users\\ACER\\OneDrive\\Documents\\Project2an\\PROJECT_PRIBADI\\MANAJEMEN ORGANISASI\\orgcontrol-dev\\src\\Infrastructures\\security\\BcryptPasswordHash.js": {"path":"C:\\Users\\ACER\\OneDrive\\Documents\\Project2an\\PROJECT_PRIBADI\\MANAJEMEN ORGANISASI\\orgcontrol-dev\\src\\Infrastructures\\security\\BcryptPasswordHash.js","statementMap":{"0":{"start":{"line":6,"column":4},"end":{"line":6,"column":12}},"1":{"start":{"line":7,"column":4},"end":{"line":7,"column":26}},"2":{"start":{"line":8,"column":4},"end":{"line":8,"column":32}},"3":{"start":{"line":12,"column":4},"end":{"line":12,"column":56}},"4":{"start":{"line":16,"column":19},"end":{"line":16,"column":71}},"5":{"start":{"line":18,"column":4},"end":{"line":20,"column":5}},"6":{"start":{"line":19,"column":6},"end":{"line":19,"column":75}}},"fnMap":{"0":{"name":"(anonymous_0)","decl":{"start":{"line":5,"column":2},"end":{"line":5,"column":3}},"loc":{"start":{"line":5,"column":38},"end":{"line":9,"column":3}},"line":5},"1":{"name":"(anonymous_1)","decl":{"start":{"line":11,"column":2},"end":{"line":11,"column":3}},"loc":{"start":{"line":11,"column":23},"end":{"line":13,"column":3}},"line":11},"2":{"name":"(anonymous_2)","decl":{"start":{"line":15,"column":2},"end":{"line":15,"column":3}},"loc":{"start":{"line":15,"column":50},"end":{"line":21,"column":3}},"line":15}},"branchMap":{"0":{"loc":{"start":{"line":5,"column":22},"end":{"line":5,"column":36}},"type":"default-arg","locations":[{"start":{"line":5,"column":34},"end":{"line":5,"column":36}}],"line":5},"1":{"loc":{"start":{"line":18,"column":4},"end":{"line":20,"column":5}},"type":"if","locations":[{"start":{"line":18,"column":4},"end":{"line":20,"column":5}},{"start":{},"end":{}}],"line":18}},"s":{"0":16,"1":16,"2":16,"3":6,"4":4,"5":4,"6":2},"f":{"0":16,"1":6,"2":4},"b":{"0":[3],"1":[2,2]},"_coverageSchema":"1a1c01bbd47fc00a2c39e90264f33305004495a9","hash":"0fa145035075e6c90324395369054e1aab76021d"}
,"C:\\Users\\ACER\\OneDrive\\Documents\\Project2an\\PROJECT_PRIBADI\\MANAJEMEN ORGANISASI\\orgcontrol-dev\\src\\Infrastructures\\security\\JwtTokenManager.js": {"path":"C:\\Users\\ACER\\OneDrive\\Documents\\Project2an\\PROJECT_PRIBADI\\MANAJEMEN ORGANISASI\\orgcontrol-dev\\src\\Infrastructures\\security\\JwtTokenManager.js","statementMap":{"0":{"start":{"line":6,"column":4},"end":{"line":6,"column":23}},"1":{"start":{"line":10,"column":4},"end":{"line":10,"column":65}},"2":{"start":{"line":14,"column":4},"end":{"line":14,"column":66}},"3":{"start":{"line":18,"column":4},"end":{"line":23,"column":5}},"4":{"start":{"line":19,"column":22},"end":{"line":19,"column":76}},"5":{"start":{"line":20,"column":6},"end":{"line":20,"column":21}},"6":{"start":{"line":22,"column":6},"end":{"line":22,"column":56}},"7":{"start":{"line":27,"column":20},"end":{"line":27,"column":43}},"8":{"start":{"line":28,"column":4},"end":{"line":28,"column":19}}},"fnMap":{"0":{"name":"(anonymous_0)","decl":{"start":{"line":5,"column":2},"end":{"line":5,"column":3}},"loc":{"start":{"line":5,"column":22},"end":{"line":7,"column":3}},"line":5},"1":{"name":"(anonymous_1)","decl":{"start":{"line":9,"column":2},"end":{"line":9,"column":3}},"loc":{"start":{"line":9,"column":35},"end":{"line":11,"column":3}},"line":9},"2":{"name":"(anonymous_2)","decl":{"start":{"line":13,"column":2},"end":{"line":13,"column":3}},"loc":{"start":{"line":13,"column":36},"end":{"line":15,"column":3}},"line":13},"3":{"name":"(anonymous_3)","decl":{"start":{"line":17,"column":2},"end":{"line":17,"column":3}},"loc":{"start":{"line":17,"column":34},"end":{"line":24,"column":3}},"line":17},"4":{"name":"(anonymous_4)","decl":{"start":{"line":26,"column":2},"end":{"line":26,"column":3}},"loc":{"start":{"line":26,"column":29},"end":{"line":29,"column":3}},"line":26}},"branchMap":{},"s":{"0":8,"1":2,"2":2,"3":2,"4":2,"5":1,"6":1,"7":1,"8":1},"f":{"0":8,"1":2,"2":2,"3":2,"4":1},"b":{},"_coverageSchema":"1a1c01bbd47fc00a2c39e90264f33305004495a9","hash":"ab1b2fd1dfc9151a837b14484813a6efee97f75e"}
,"C:\\Users\\ACER\\OneDrive\\Documents\\Project2an\\PROJECT_PRIBADI\\MANAJEMEN ORGANISASI\\orgcontrol-dev\\src\\Interfaces\\http\\api\\category\\handler.js": {"path":"C:\\Users\\ACER\\OneDrive\\Documents\\Project2an\\PROJECT_PRIBADI\\MANAJEMEN ORGANISASI\\orgcontrol-dev\\src\\Interfaces\\http\\api\\category\\handler.js","statementMap":{"0":{"start":{"line":7,"column":8},"end":{"line":7,"column":70}},"1":{"start":{"line":10,"column":8},"end":{"line":22,"column":9}},"2":{"start":{"line":11,"column":39},"end":{"line":11,"column":74}},"3":{"start":{"line":12,"column":39},"end":{"line":14,"column":14}},"4":{"start":{"line":15,"column":32},"end":{"line":15,"column":74}},"5":{"start":{"line":16,"column":12},"end":{"line":19,"column":14}},"6":{"start":{"line":21,"column":12},"end":{"line":21,"column":24}}},"fnMap":{"0":{"name":"(anonymous_0)","decl":{"start":{"line":6,"column":4},"end":{"line":6,"column":5}},"loc":{"start":{"line":6,"column":17},"end":{"line":8,"column":5}},"line":6},"1":{"name":"(anonymous_1)","decl":{"start":{"line":9,"column":4},"end":{"line":9,"column":5}},"loc":{"start":{"line":9,"column":46},"end":{"line":24,"column":5}},"line":9}},"branchMap":{},"s":{"0":2,"1":8,"2":8,"3":8,"4":8,"5":8,"6":0},"f":{"0":2,"1":8},"b":{},"_coverageSchema":"1a1c01bbd47fc00a2c39e90264f33305004495a9","hash":"22e26d84388ab4442ee826ba1536edb50297c4a7"}
,"C:\\Users\\ACER\\OneDrive\\Documents\\Project2an\\PROJECT_PRIBADI\\MANAJEMEN ORGANISASI\\orgcontrol-dev\\src\\Interfaces\\http\\api\\category\\index.js": {"path":"C:\\Users\\ACER\\OneDrive\\Documents\\Project2an\\PROJECT_PRIBADI\\MANAJEMEN ORGANISASI\\orgcontrol-dev\\src\\Interfaces\\http\\api\\category\\index.js","statementMap":{"0":{"start":{"line":6,"column":15},"end":{"line":6,"column":23}},"1":{"start":{"line":8,"column":24},"end":{"line":8,"column":45}},"2":{"start":{"line":10,"column":0},"end":{"line":10,"column":32}}},"fnMap":{},"branchMap":{},"s":{"0":2,"1":2,"2":2},"f":{},"b":{},"_coverageSchema":"1a1c01bbd47fc00a2c39e90264f33305004495a9","hash":"bde8c4ead47d85c7d156d73911351f24d6fd467e"}
,"C:\\Users\\ACER\\OneDrive\\Documents\\Project2an\\PROJECT_PRIBADI\\MANAJEMEN ORGANISASI\\orgcontrol-dev\\src\\Interfaces\\http\\api\\category\\routes.js": {"path":"C:\\Users\\ACER\\OneDrive\\Documents\\Project2an\\PROJECT_PRIBADI\\MANAJEMEN ORGANISASI\\orgcontrol-dev\\src\\Interfaces\\http\\api\\category\\routes.js","statementMap":{"0":{"start":{"line":1,"column":15},"end":{"line":3,"column":3}},"1":{"start":{"line":2,"column":4},"end":{"line":2,"column":53}}},"fnMap":{"0":{"name":"(anonymous_0)","decl":{"start":{"line":1,"column":15},"end":{"line":1,"column":16}},"loc":{"start":{"line":1,"column":36},"end":{"line":3,"column":3}},"line":1}},"branchMap":{},"s":{"0":2,"1":2},"f":{"0":2},"b":{},"_coverageSchema":"1a1c01bbd47fc00a2c39e90264f33305004495a9","hash":"94211434ba267db0ac1d75ddd0f6da9faaa2d5cf"}
,"C:\\Users\\ACER\\OneDrive\\Documents\\Project2an\\PROJECT_PRIBADI\\MANAJEMEN ORGANISASI\\orgcontrol-dev\\src\\Interfaces\\http\\api\\login\\handler.js": {"path":"C:\\Users\\ACER\\OneDrive\\Documents\\Project2an\\PROJECT_PRIBADI\\MANAJEMEN ORGANISASI\\orgcontrol-dev\\src\\Interfaces\\http\\api\\login\\handler.js","statementMap":{"0":{"start":{"line":12,"column":8},"end":{"line":12,"column":65}},"1":{"start":{"line":15,"column":8},"end":{"line":15,"column":30}},"2":{"start":{"line":16,"column":8},"end":{"line":34,"column":9}},"3":{"start":{"line":17,"column":35},"end":{"line":17,"column":66}},"4":{"start":{"line":18,"column":45},"end":{"line":18,"column":86}},"5":{"start":{"line":19,"column":47},"end":{"line":19,"column":71}},"6":{"start":{"line":20,"column":33},"end":{"line":20,"column":67}},"7":{"start":{"line":21,"column":37},"end":{"line":26,"column":14}},"8":{"start":{"line":27,"column":26},"end":{"line":27,"column":66}},"9":{"start":{"line":28,"column":12},"end":{"line":31,"column":15}},"10":{"start":{"line":33,"column":12},"end":{"line":33,"column":24}}},"fnMap":{"0":{"name":"(anonymous_0)","decl":{"start":{"line":11,"column":4},"end":{"line":11,"column":5}},"loc":{"start":{"line":11,"column":17},"end":{"line":13,"column":5}},"line":11},"1":{"name":"(anonymous_1)","decl":{"start":{"line":14,"column":4},"end":{"line":14,"column":5}},"loc":{"start":{"line":14,"column":43},"end":{"line":35,"column":5}},"line":14}},"branchMap":{},"s":{"0":2,"1":3,"2":3,"3":3,"4":3,"5":3,"6":3,"7":3,"8":3,"9":1,"10":2},"f":{"0":2,"1":3},"b":{},"_coverageSchema":"1a1c01bbd47fc00a2c39e90264f33305004495a9","hash":"c057f95e4324199b30f6f6f51423ac75d1e9f9a2"}
,"C:\\Users\\ACER\\OneDrive\\Documents\\Project2an\\PROJECT_PRIBADI\\MANAJEMEN ORGANISASI\\orgcontrol-dev\\src\\Interfaces\\http\\api\\login\\index.js": {"path":"C:\\Users\\ACER\\OneDrive\\Documents\\Project2an\\PROJECT_PRIBADI\\MANAJEMEN ORGANISASI\\orgcontrol-dev\\src\\Interfaces\\http\\api\\login\\index.js","statementMap":{"0":{"start":{"line":6,"column":15},"end":{"line":6,"column":23}},"1":{"start":{"line":8,"column":21},"end":{"line":8,"column":39}},"2":{"start":{"line":10,"column":0},"end":{"line":10,"column":29}}},"fnMap":{},"branchMap":{},"s":{"0":2,"1":2,"2":2},"f":{},"b":{},"_coverageSchema":"1a1c01bbd47fc00a2c39e90264f33305004495a9","hash":"83dc14b148bec468156f7e22c3f3830c51d493fe"}
,"C:\\Users\\ACER\\OneDrive\\Documents\\Project2an\\PROJECT_PRIBADI\\MANAJEMEN ORGANISASI\\orgcontrol-dev\\src\\Interfaces\\http\\api\\login\\routes.js": {"path":"C:\\Users\\ACER\\OneDrive\\Documents\\Project2an\\PROJECT_PRIBADI\\MANAJEMEN ORGANISASI\\orgcontrol-dev\\src\\Interfaces\\http\\api\\login\\routes.js","statementMap":{"0":{"start":{"line":1,"column":15},"end":{"line":3,"column":3}},"1":{"start":{"line":2,"column":4},"end":{"line":2,"column":47}}},"fnMap":{"0":{"name":"(anonymous_0)","decl":{"start":{"line":1,"column":15},"end":{"line":1,"column":16}},"loc":{"start":{"line":1,"column":36},"end":{"line":3,"column":3}},"line":1}},"branchMap":{},"s":{"0":2,"1":2},"f":{"0":2},"b":{},"_coverageSchema":"1a1c01bbd47fc00a2c39e90264f33305004495a9","hash":"7dbe790f79a09119b222606df46c7fba45321cc5"}
,"C:\\Users\\ACER\\OneDrive\\Documents\\Project2an\\PROJECT_PRIBADI\\MANAJEMEN ORGANISASI\\orgcontrol-dev\\src\\Interfaces\\http\\api\\role\\handler.js": {"path":"C:\\Users\\ACER\\OneDrive\\Documents\\Project2an\\PROJECT_PRIBADI\\MANAJEMEN ORGANISASI\\orgcontrol-dev\\src\\Interfaces\\http\\api\\role\\handler.js","statementMap":{"0":{"start":{"line":7,"column":8},"end":{"line":7,"column":63}},"1":{"start":{"line":10,"column":8},"end":{"line":22,"column":9}},"2":{"start":{"line":11,"column":35},"end":{"line":11,"column":66}},"3":{"start":{"line":12,"column":35},"end":{"line":14,"column":14}},"4":{"start":{"line":15,"column":30},"end":{"line":15,"column":68}},"5":{"start":{"line":16,"column":12},"end":{"line":19,"column":17}},"6":{"start":{"line":21,"column":12},"end":{"line":21,"column":24}}},"fnMap":{"0":{"name":"(anonymous_0)","decl":{"start":{"line":6,"column":4},"end":{"line":6,"column":5}},"loc":{"start":{"line":6,"column":17},"end":{"line":8,"column":5}},"line":6},"1":{"name":"(anonymous_1)","decl":{"start":{"line":9,"column":4},"end":{"line":9,"column":5}},"loc":{"start":{"line":9,"column":41},"end":{"line":23,"column":5}},"line":9}},"branchMap":{},"s":{"0":2,"1":8,"2":8,"3":8,"4":8,"5":8,"6":0},"f":{"0":2,"1":8},"b":{},"_coverageSchema":"1a1c01bbd47fc00a2c39e90264f33305004495a9","hash":"5bdb3bce24d7e31c6ec2b8659b0b907af6701765"}
,"C:\\Users\\ACER\\OneDrive\\Documents\\Project2an\\PROJECT_PRIBADI\\MANAJEMEN ORGANISASI\\orgcontrol-dev\\src\\Interfaces\\http\\api\\role\\index.js": {"path":"C:\\Users\\ACER\\OneDrive\\Documents\\Project2an\\PROJECT_PRIBADI\\MANAJEMEN ORGANISASI\\orgcontrol-dev\\src\\Interfaces\\http\\api\\role\\index.js","statementMap":{"0":{"start":{"line":6,"column":15},"end":{"line":6,"column":23}},"1":{"start":{"line":8,"column":20},"end":{"line":8,"column":37}},"2":{"start":{"line":10,"column":0},"end":{"line":10,"column":28}}},"fnMap":{},"branchMap":{},"s":{"0":2,"1":2,"2":2},"f":{},"b":{},"_coverageSchema":"1a1c01bbd47fc00a2c39e90264f33305004495a9","hash":"2c17b15ca3ee953b994e50df9d6d3771f1f6cb16"}
,"C:\\Users\\ACER\\OneDrive\\Documents\\Project2an\\PROJECT_PRIBADI\\MANAJEMEN ORGANISASI\\orgcontrol-dev\\src\\Interfaces\\http\\api\\role\\routes.js": {"path":"C:\\Users\\ACER\\OneDrive\\Documents\\Project2an\\PROJECT_PRIBADI\\MANAJEMEN ORGANISASI\\orgcontrol-dev\\src\\Interfaces\\http\\api\\role\\routes.js","statementMap":{"0":{"start":{"line":1,"column":15},"end":{"line":3,"column":3}},"1":{"start":{"line":2,"column":4},"end":{"line":2,"column":49}}},"fnMap":{"0":{"name":"(anonymous_0)","decl":{"start":{"line":1,"column":15},"end":{"line":1,"column":16}},"loc":{"start":{"line":1,"column":36},"end":{"line":3,"column":3}},"line":1}},"branchMap":{},"s":{"0":2,"1":2},"f":{"0":2},"b":{},"_coverageSchema":"1a1c01bbd47fc00a2c39e90264f33305004495a9","hash":"14af7599cb2d9419e1547a1b033c6ad93e34c74f"}
,"C:\\Users\\ACER\\OneDrive\\Documents\\Project2an\\PROJECT_PRIBADI\\MANAJEMEN ORGANISASI\\orgcontrol-dev\\src\\Interfaces\\http\\api\\users\\handler.js": {"path":"C:\\Users\\ACER\\OneDrive\\Documents\\Project2an\\PROJECT_PRIBADI\\MANAJEMEN ORGANISASI\\orgcontrol-dev\\src\\Interfaces\\http\\api\\users\\handler.js","statementMap":{"0":{"start":{"line":12,"column":4},"end":{"line":12,"column":58}},"1":{"start":{"line":17,"column":4},"end":{"line":39,"column":5}},"2":{"start":{"line":18,"column":29},"end":{"line":18,"column":60}},"3":{"start":{"line":19,"column":27},"end":{"line":19,"column":61}},"4":{"start":{"line":20,"column":33},"end":{"line":20,"column":68}},"5":{"start":{"line":21,"column":37},"end":{"line":21,"column":76}},"6":{"start":{"line":22,"column":29},"end":{"line":22,"column":60}},"7":{"start":{"line":23,"column":29},"end":{"line":29,"column":8}},"8":{"start":{"line":30,"column":24},"end":{"line":30,"column":62}},"9":{"start":{"line":31,"column":6},"end":{"line":36,"column":9}},"10":{"start":{"line":38,"column":6},"end":{"line":38,"column":18}},"11":{"start":{"line":43,"column":0},"end":{"line":43,"column":30}}},"fnMap":{"0":{"name":"(anonymous_0)","decl":{"start":{"line":10,"column":2},"end":{"line":10,"column":3}},"loc":{"start":{"line":10,"column":15},"end":{"line":13,"column":3}},"line":10},"1":{"name":"(anonymous_1)","decl":{"start":{"line":15,"column":2},"end":{"line":15,"column":3}},"loc":{"start":{"line":15,"column":40},"end":{"line":40,"column":3}},"line":15}},"branchMap":{},"s":{"0":2,"1":10,"2":10,"3":10,"4":10,"5":10,"6":10,"7":10,"8":10,"9":4,"10":6,"11":2},"f":{"0":2,"1":10},"b":{},"_coverageSchema":"1a1c01bbd47fc00a2c39e90264f33305004495a9","hash":"5576cd32ba15eeebf085ca7c943b3b77b5da249e"}
,"C:\\Users\\ACER\\OneDrive\\Documents\\Project2an\\PROJECT_PRIBADI\\MANAJEMEN ORGANISASI\\orgcontrol-dev\\src\\Interfaces\\http\\api\\users\\index.js": {"path":"C:\\Users\\ACER\\OneDrive\\Documents\\Project2an\\PROJECT_PRIBADI\\MANAJEMEN ORGANISASI\\orgcontrol-dev\\src\\Interfaces\\http\\api\\users\\index.js","statementMap":{"0":{"start":{"line":6,"column":15},"end":{"line":6,"column":23}},"1":{"start":{"line":8,"column":21},"end":{"line":8,"column":39}},"2":{"start":{"line":10,"column":0},"end":{"line":10,"column":29}}},"fnMap":{},"branchMap":{},"s":{"0":2,"1":2,"2":2},"f":{},"b":{},"_coverageSchema":"1a1c01bbd47fc00a2c39e90264f33305004495a9","hash":"798c565e0fc8c0ac360c68deb5846192354ec236"}
,"C:\\Users\\ACER\\OneDrive\\Documents\\Project2an\\PROJECT_PRIBADI\\MANAJEMEN ORGANISASI\\orgcontrol-dev\\src\\Interfaces\\http\\api\\users\\routes.js": {"path":"C:\\Users\\ACER\\OneDrive\\Documents\\Project2an\\PROJECT_PRIBADI\\MANAJEMEN ORGANISASI\\orgcontrol-dev\\src\\Interfaces\\http\\api\\users\\routes.js","statementMap":{"0":{"start":{"line":1,"column":15},"end":{"line":3,"column":3}},"1":{"start":{"line":2,"column":4},"end":{"line":2,"column":49}}},"fnMap":{"0":{"name":"(anonymous_0)","decl":{"start":{"line":1,"column":15},"end":{"line":1,"column":16}},"loc":{"start":{"line":1,"column":36},"end":{"line":3,"column":3}},"line":1}},"branchMap":{},"s":{"0":2,"1":2},"f":{"0":2},"b":{},"_coverageSchema":"1a1c01bbd47fc00a2c39e90264f33305004495a9","hash":"a19f68d76bda5ad1c48d15b6c48c2cbd91b271ea"}
,"C:\\Users\\ACER\\OneDrive\\Documents\\Project2an\\PROJECT_PRIBADI\\MANAJEMEN ORGANISASI\\orgcontrol-dev\\src\\lib\\AuthenticationTableHelper.js": {"path":"C:\\Users\\ACER\\OneDrive\\Documents\\Project2an\\PROJECT_PRIBADI\\MANAJEMEN ORGANISASI\\orgcontrol-dev\\src\\lib\\AuthenticationTableHelper.js","statementMap":{"0":{"start":{"line":3,"column":15},"end":{"line":3,"column":33}},"1":{"start":{"line":5,"column":34},"end":{"line":29,"column":1}},"2":{"start":{"line":7,"column":8},"end":{"line":7,"column":49}},"3":{"start":{"line":10,"column":8},"end":{"line":12,"column":11}},"4":{"start":{"line":15,"column":30},"end":{"line":19,"column":10}},"5":{"start":{"line":20,"column":8},"end":{"line":20,"column":29}},"6":{"start":{"line":23,"column":8},"end":{"line":27,"column":11}}},"fnMap":{"0":{"name":"(anonymous_0)","decl":{"start":{"line":6,"column":4},"end":{"line":6,"column":5}},"loc":{"start":{"line":6,"column":23},"end":{"line":8,"column":5}},"line":6},"1":{"name":"(anonymous_1)","decl":{"start":{"line":9,"column":4},"end":{"line":9,"column":5}},"loc":{"start":{"line":9,"column":26},"end":{"line":13,"column":5}},"line":9},"2":{"name":"(anonymous_2)","decl":{"start":{"line":14,"column":4},"end":{"line":14,"column":5}},"loc":{"start":{"line":14,"column":40},"end":{"line":21,"column":5}},"line":14},"3":{"name":"(anonymous_3)","decl":{"start":{"line":22,"column":4},"end":{"line":22,"column":5}},"loc":{"start":{"line":22,"column":29},"end":{"line":28,"column":5}},"line":22}},"branchMap":{},"s":{"0":2,"1":2,"2":11,"3":2,"4":2,"5":2,"6":0},"f":{"0":11,"1":2,"2":2,"3":0},"b":{},"_coverageSchema":"1a1c01bbd47fc00a2c39e90264f33305004495a9","hash":"4a717f79a94f76b9a11b79a6322ee379e91c53dc"}
,"C:\\Users\\ACER\\OneDrive\\Documents\\Project2an\\PROJECT_PRIBADI\\MANAJEMEN ORGANISASI\\orgcontrol-dev\\src\\lib\\CategoryTableHelper.js": {"path":"C:\\Users\\ACER\\OneDrive\\Documents\\Project2an\\PROJECT_PRIBADI\\MANAJEMEN ORGANISASI\\orgcontrol-dev\\src\\lib\\CategoryTableHelper.js","statementMap":{"0":{"start":{"line":2,"column":15},"end":{"line":2,"column":33}},"1":{"start":{"line":4,"column":28},"end":{"line":16,"column":1}},"2":{"start":{"line":6,"column":8},"end":{"line":6,"column":43}},"3":{"start":{"line":9,"column":8},"end":{"line":14,"column":11}}},"fnMap":{"0":{"name":"(anonymous_0)","decl":{"start":{"line":5,"column":4},"end":{"line":5,"column":5}},"loc":{"start":{"line":5,"column":23},"end":{"line":7,"column":5}},"line":5},"1":{"name":"(anonymous_1)","decl":{"start":{"line":8,"column":4},"end":{"line":8,"column":5}},"loc":{"start":{"line":8,"column":35},"end":{"line":15,"column":5}},"line":8}},"branchMap":{},"s":{"0":4,"1":4,"2":22,"3":3},"f":{"0":22,"1":3},"b":{},"_coverageSchema":"1a1c01bbd47fc00a2c39e90264f33305004495a9","hash":"5fc163bedc382c88e3c19fb332279092fc554e7e"}
,"C:\\Users\\ACER\\OneDrive\\Documents\\Project2an\\PROJECT_PRIBADI\\MANAJEMEN ORGANISASI\\orgcontrol-dev\\src\\lib\\OrganizationTableHelper.js": {"path":"C:\\Users\\ACER\\OneDrive\\Documents\\Project2an\\PROJECT_PRIBADI\\MANAJEMEN ORGANISASI\\orgcontrol-dev\\src\\lib\\OrganizationTableHelper.js","statementMap":{"0":{"start":{"line":2,"column":15},"end":{"line":2,"column":33}},"1":{"start":{"line":4,"column":32},"end":{"line":16,"column":1}},"2":{"start":{"line":6,"column":8},"end":{"line":6,"column":47}}},"fnMap":{"0":{"name":"(anonymous_0)","decl":{"start":{"line":5,"column":4},"end":{"line":5,"column":5}},"loc":{"start":{"line":5,"column":23},"end":{"line":7,"column":5}},"line":5}},"branchMap":{},"s":{"0":3,"1":3,"2":12},"f":{"0":12},"b":{},"_coverageSchema":"1a1c01bbd47fc00a2c39e90264f33305004495a9","hash":"9f4d901094b31dd2d13383e01ccf85d45a3d675e"}
,"C:\\Users\\ACER\\OneDrive\\Documents\\Project2an\\PROJECT_PRIBADI\\MANAJEMEN ORGANISASI\\orgcontrol-dev\\src\\lib\\RoleTableHelper.js": {"path":"C:\\Users\\ACER\\OneDrive\\Documents\\Project2an\\PROJECT_PRIBADI\\MANAJEMEN ORGANISASI\\orgcontrol-dev\\src\\lib\\RoleTableHelper.js","statementMap":{"0":{"start":{"line":2,"column":15},"end":{"line":2,"column":33}},"1":{"start":{"line":4,"column":24},"end":{"line":30,"column":1}},"2":{"start":{"line":6,"column":8},"end":{"line":6,"column":39}},"3":{"start":{"line":9,"column":8},"end":{"line":20,"column":11}},"4":{"start":{"line":23,"column":8},"end":{"line":28,"column":11}}},"fnMap":{"0":{"name":"(anonymous_0)","decl":{"start":{"line":5,"column":4},"end":{"line":5,"column":5}},"loc":{"start":{"line":5,"column":23},"end":{"line":7,"column":5}},"line":5},"1":{"name":"(anonymous_1)","decl":{"start":{"line":8,"column":4},"end":{"line":8,"column":5}},"loc":{"start":{"line":8,"column":25},"end":{"line":21,"column":5}},"line":8},"2":{"name":"(anonymous_2)","decl":{"start":{"line":22,"column":4},"end":{"line":22,"column":5}},"loc":{"start":{"line":22,"column":30},"end":{"line":29,"column":5}},"line":22}},"branchMap":{},"s":{"0":4,"1":4,"2":24,"3":3,"4":1},"f":{"0":24,"1":3,"2":1},"b":{},"_coverageSchema":"1a1c01bbd47fc00a2c39e90264f33305004495a9","hash":"bce01d50aaca764e62971da026520ec08e43c684"}
,"C:\\Users\\ACER\\OneDrive\\Documents\\Project2an\\PROJECT_PRIBADI\\MANAJEMEN ORGANISASI\\orgcontrol-dev\\src\\lib\\UserTableHelper.js": {"path":"C:\\Users\\ACER\\OneDrive\\Documents\\Project2an\\PROJECT_PRIBADI\\MANAJEMEN ORGANISASI\\orgcontrol-dev\\src\\lib\\UserTableHelper.js","statementMap":{"0":{"start":{"line":1,"column":25},"end":{"line":1,"column":50}},"1":{"start":{"line":2,"column":15},"end":{"line":2,"column":33}},"2":{"start":{"line":4,"column":24},"end":{"line":35,"column":1}},"3":{"start":{"line":6,"column":8},"end":{"line":6,"column":39}},"4":{"start":{"line":7,"column":8},"end":{"line":7,"column":39}},"5":{"start":{"line":10,"column":8},"end":{"line":14,"column":11}},"6":{"start":{"line":17,"column":12},"end":{"line":22,"column":15}},"7":{"start":{"line":25,"column":8},"end":{"line":33,"column":11}},"8":{"start":{"line":36,"column":0},"end":{"line":36,"column":33}}},"fnMap":{"0":{"name":"(anonymous_0)","decl":{"start":{"line":5,"column":4},"end":{"line":5,"column":5}},"loc":{"start":{"line":5,"column":23},"end":{"line":8,"column":5}},"line":5},"1":{"name":"(anonymous_1)","decl":{"start":{"line":9,"column":4},"end":{"line":9,"column":5}},"loc":{"start":{"line":9,"column":34},"end":{"line":15,"column":5}},"line":9},"2":{"name":"(anonymous_2)","decl":{"start":{"line":16,"column":4},"end":{"line":16,"column":5}},"loc":{"start":{"line":16,"column":25},"end":{"line":23,"column":5}},"line":16},"3":{"name":"(anonymous_3)","decl":{"start":{"line":24,"column":4},"end":{"line":24,"column":5}},"loc":{"start":{"line":24,"column":115},"end":{"line":34,"column":5}},"line":24}},"branchMap":{"0":{"loc":{"start":{"line":24,"column":19},"end":{"line":24,"column":25}},"type":"default-arg","locations":[{"start":{"line":24,"column":24},"end":{"line":24,"column":25}}],"line":24},"1":{"loc":{"start":{"line":24,"column":27},"end":{"line":24,"column":55}},"type":"default-arg","locations":[{"start":{"line":24,"column":35},"end":{"line":24,"column":55}}],"line":24},"2":{"loc":{"start":{"line":24,"column":57},"end":{"line":24,"column":74}},"type":"default-arg","locations":[{"start":{"line":24,"column":66},"end":{"line":24,"column":74}}],"line":24},"3":{"loc":{"start":{"line":24,"column":76},"end":{"line":24,"column":101}},"type":"default-arg","locations":[{"start":{"line":24,"column":81},"end":{"line":24,"column":101}}],"line":24},"4":{"loc":{"start":{"line":24,"column":103},"end":{"line":24,"column":112}},"type":"default-arg","locations":[{"start":{"line":24,"column":111},"end":{"line":24,"column":112}}],"line":24}},"s":{"0":4,"1":4,"2":4,"3":20,"4":20,"5":1,"6":8,"7":4,"8":4},"f":{"0":20,"1":1,"2":8,"3":4},"b":{"0":[2],"1":[1],"2":[2],"3":[4],"4":[3]},"_coverageSchema":"1a1c01bbd47fc00a2c39e90264f33305004495a9","hash":"dd8ee12ad8dae9b17514d38a29e7057e5b0bdd73"}
}
