TN:
SF:src\Applications\security\AuthenticationTokenManager.js
FN:2,(anonymous_0)
FN:6,(anonymous_1)
FN:10,(anonymous_2)
FN:14,(anonymous_3)
FNF:4
FNH:4
FNDA:1,(anonymous_0)
FNDA:1,(anonymous_1)
FNDA:1,(anonymous_2)
FNDA:1,(anonymous_3)
DA:3,1
DA:7,1
DA:11,1
DA:15,1
DA:19,2
LF:5
LH:5
BRF:0
BRH:0
end_of_record
TN:
SF:src\Applications\security\PasswordHash.js
FN:2,(anonymous_0)
FN:6,(anonymous_1)
FNF:2
FNH:2
FNDA:1,(anonymous_0)
FNDA:1,(anonymous_1)
DA:3,1
DA:7,1
DA:11,6
LF:3
LH:3
BRF:0
BRH:0
end_of_record
TN:
SF:src\Applications\usecase\AddCategoryUseCase.js
FN:4,(anonymous_0)
FN:8,(anonymous_1)
FNF:2
FNH:2
FNDA:9,(anonymous_0)
FNDA:9,(anonymous_1)
DA:1,3
DA:5,9
DA:9,9
DA:10,9
DA:11,9
DA:14,3
LF:6
LH:6
BRF:0
BRH:0
end_of_record
TN:
SF:src\Applications\usecase\AddRoleUseCase.js
FN:6,(anonymous_0)
FN:9,(anonymous_1)
FNF:2
FNH:2
FNDA:9,(anonymous_0)
FNDA:9,(anonymous_1)
DA:1,3
DA:7,9
DA:10,9
DA:11,9
DA:12,9
DA:13,9
DA:14,9
DA:17,3
LF:8
LH:8
BRF:0
BRH:0
end_of_record
TN:
SF:src\Applications\usecase\AddUserUseCase.js
FN:6,(anonymous_0)
FN:15,(anonymous_1)
FNF:2
FNH:2
FNDA:11,(anonymous_0)
FNDA:11,(anonymous_1)
DA:1,3
DA:2,3
DA:8,11
DA:9,11
DA:10,11
DA:11,11
DA:12,11
DA:17,11
DA:18,8
DA:20,7
DA:21,6
DA:23,5
DA:24,5
DA:25,5
DA:35,3
LF:15
LH:15
BRF:0
BRH:0
end_of_record
TN:
SF:src\Applications\usecase\LoginUserUseCase.js
FN:6,(anonymous_0)
FN:18,(anonymous_1)
FNF:2
FNH:2
FNDA:4,(anonymous_0)
FNDA:4,(anonymous_1)
DA:2,3
DA:3,3
DA:12,4
DA:13,4
DA:14,4
DA:15,4
DA:19,4
DA:20,4
DA:21,4
DA:23,3
DA:25,2
DA:27,2
DA:29,2
DA:32,2
DA:37,2
DA:39,2
DA:42,3
LF:17
LH:17
BRF:0
BRH:0
end_of_record
TN:
SF:src\Applications\usecase\LogoutUserUseCase.js
FN:2,(anonymous_0)
FN:8,(anonymous_1)
FN:15,(anonymous_2)
FNF:3
FNH:3
FNDA:1,(anonymous_0)
FNDA:1,(anonymous_1)
FNDA:1,(anonymous_2)
DA:5,1
DA:9,1
DA:10,1
DA:11,1
DA:12,1
DA:16,1
DA:17,1
DA:18,0
DA:21,1
DA:22,0
DA:27,1
LF:11
LH:9
BRDA:17,0,0,0
BRDA:17,0,1,1
BRDA:21,1,0,0
BRDA:21,1,1,1
BRF:4
BRH:2
end_of_record
TN:
SF:src\Commons\AuthenticationError.js
FN:4,(anonymous_0)
FNF:1
FNH:1
FNDA:3,(anonymous_0)
DA:1,4
DA:5,3
DA:6,3
DA:10,4
LF:4
LH:4
BRF:0
BRH:0
end_of_record
TN:
SF:src\Commons\AuthorizationError.js
FN:4,(anonymous_0)
FNF:1
FNH:1
FNDA:1,(anonymous_0)
DA:1,1
DA:5,1
DA:6,1
DA:10,1
LF:4
LH:4
BRF:0
BRH:0
end_of_record
TN:
SF:src\Commons\ClientError.js
FN:2,(anonymous_0)
FNF:1
FNH:1
FNDA:41,(anonymous_0)
DA:3,41
DA:5,41
DA:6,1
DA:9,40
DA:10,40
DA:14,15
LF:6
LH:6
BRDA:2,0,0,36
BRDA:5,1,0,1
BRDA:5,1,1,40
BRF:3
BRH:3
end_of_record
TN:
SF:src\Commons\DomainErrorTranslator.js
FN:3,(anonymous_0)
FNF:1
FNH:1
FNDA:9,(anonymous_0)
DA:1,3
DA:2,3
DA:4,9
DA:7,3
DA:16,3
LF:5
LH:5
BRDA:4,0,0,9
BRDA:4,0,1,2
BRF:2
BRH:2
end_of_record
TN:
SF:src\Commons\InvariantError.js
FN:4,(anonymous_0)
FNF:1
FNH:1
FNDA:35,(anonymous_0)
DA:1,10
DA:5,35
DA:6,35
DA:10,10
LF:4
LH:4
BRF:0
BRH:0
end_of_record
TN:
SF:src\Commons\NotFoundError.js
FN:4,(anonymous_0)
FNF:1
FNH:1
FNDA:1,(anonymous_0)
DA:1,1
DA:5,1
DA:6,1
DA:10,1
LF:4
LH:4
BRF:0
BRH:0
end_of_record
TN:
SF:src\Domains\authentication\AuthenticationRepository.js
FN:2,(anonymous_0)
FN:6,(anonymous_1)
FN:10,(anonymous_2)
FNF:3
FNH:3
FNDA:1,(anonymous_0)
FNDA:1,(anonymous_1)
FNDA:1,(anonymous_2)
DA:3,1
DA:7,1
DA:11,1
DA:15,6
LF:4
LH:4
BRF:0
BRH:0
end_of_record
TN:
SF:src\Domains\authentication\entities\NewAuthentication.js
FN:2,(anonymous_0)
FN:9,(anonymous_1)
FNF:2
FNH:2
FNDA:7,(anonymous_0)
FNDA:7,(anonymous_1)
DA:3,7
DA:5,5
DA:6,5
DA:10,7
DA:12,7
DA:13,1
DA:16,6
DA:17,1
DA:22,4
LF:9
LH:9
BRDA:12,0,0,1
BRDA:12,0,1,6
BRDA:12,1,0,7
BRDA:12,1,1,7
BRDA:16,2,0,1
BRDA:16,2,1,5
BRDA:16,3,0,6
BRDA:16,3,1,6
BRF:8
BRH:8
end_of_record
TN:
SF:src\Domains\category\CategoryRepository.js
FN:2,(anonymous_0)
FN:6,(anonymous_1)
FN:10,(anonymous_2)
FNF:3
FNH:3
FNDA:1,(anonymous_0)
FNDA:1,(anonymous_1)
FNDA:1,(anonymous_2)
DA:3,1
DA:7,1
DA:11,1
DA:15,6
LF:4
LH:4
BRF:0
BRH:0
end_of_record
TN:
SF:src\Domains\category\entities\AddedCategory.js
FN:2,(anonymous_0)
FN:8,(anonymous_1)
FNF:2
FNH:2
FNDA:14,(anonymous_0)
FNDA:14,(anonymous_1)
DA:3,14
DA:4,12
DA:5,12
DA:6,12
DA:9,14
DA:10,1
DA:12,13
DA:13,1
DA:17,5
LF:9
LH:9
BRDA:9,0,0,1
BRDA:9,0,1,13
BRDA:9,1,0,14
BRDA:9,1,1,14
BRDA:12,2,0,1
BRDA:12,2,1,12
BRDA:12,3,0,13
BRDA:12,3,1,12
BRF:8
BRH:8
end_of_record
TN:
SF:src\Domains\category\entities\NewCategory.js
FN:2,(anonymous_0)
FN:7,(anonymous_1)
FNF:2
FNH:2
FNDA:13,(anonymous_0)
FNDA:13,(anonymous_1)
DA:3,13
DA:4,11
DA:5,11
DA:8,13
DA:9,1
DA:11,12
DA:12,1
DA:16,4
LF:8
LH:8
BRDA:8,0,0,1
BRDA:8,0,1,12
BRDA:11,1,0,1
BRDA:11,1,1,11
BRF:4
BRH:4
end_of_record
TN:
SF:src\Domains\organization\OrganizationRepository.js
FN:2,(anonymous_0)
FNF:1
FNH:1
FNDA:1,(anonymous_0)
DA:3,1
DA:6,5
LF:2
LH:2
BRF:0
BRH:0
end_of_record
TN:
SF:src\Domains\organization\entities\AddOrganization.js
FN:2,(anonymous_0)
FN:13,(anonymous_1)
FNF:2
FNH:2
FNDA:9,(anonymous_0)
FNDA:9,(anonymous_1)
DA:3,9
DA:5,7
DA:7,7
DA:8,7
DA:9,7
DA:14,9
DA:15,1
DA:18,8
DA:19,1
DA:26,4
LF:10
LH:10
BRDA:14,0,0,1
BRDA:14,0,1,8
BRDA:14,1,0,9
BRDA:14,1,1,9
BRDA:14,1,2,9
BRDA:18,2,0,1
BRDA:18,2,1,7
BRDA:18,3,0,8
BRDA:18,3,1,7
BRDA:18,3,2,7
BRF:10
BRH:10
end_of_record
TN:
SF:src\Domains\organization\entities\AddedOrganization.js
FN:2,(anonymous_0)
FN:12,(anonymous_1)
FNF:2
FNH:2
FNDA:12,(anonymous_0)
FNDA:12,(anonymous_1)
DA:3,12
DA:5,10
DA:7,10
DA:8,10
DA:13,12
DA:14,1
DA:17,11
DA:18,1
DA:25,5
LF:9
LH:9
BRDA:13,0,0,1
BRDA:13,0,1,11
BRDA:13,1,0,12
BRDA:13,1,1,12
BRDA:17,2,0,1
BRDA:17,2,1,10
BRDA:17,3,0,11
BRDA:17,3,1,10
BRF:8
BRH:8
end_of_record
TN:
SF:src\Domains\role\RoleRepository.js
FN:2,(anonymous_0)
FN:5,(anonymous_1)
FN:8,(anonymous_2)
FN:11,(anonymous_3)
FNF:4
FNH:4
FNDA:1,(anonymous_0)
FNDA:1,(anonymous_1)
FNDA:1,(anonymous_2)
FNDA:1,(anonymous_3)
DA:3,1
DA:6,1
DA:9,1
DA:12,1
DA:15,6
LF:5
LH:5
BRF:0
BRH:0
end_of_record
TN:
SF:src\Domains\role\entities\AddRole.js
FN:2,(anonymous_0)
FN:9,(anonymous_1)
FNF:2
FNH:2
FNDA:13,(anonymous_0)
FNDA:13,(anonymous_1)
DA:3,13
DA:4,11
DA:6,11
DA:10,13
DA:11,1
DA:14,12
DA:15,1
DA:19,4
LF:8
LH:8
BRDA:10,0,0,1
BRDA:10,0,1,12
BRDA:14,1,0,1
BRDA:14,1,1,11
BRF:4
BRH:4
end_of_record
TN:
SF:src\Domains\role\entities\AddedRole.js
FN:2,(anonymous_0)
FN:8,(anonymous_1)
FNF:2
FNH:2
FNDA:14,(anonymous_0)
FNDA:14,(anonymous_1)
DA:3,14
DA:4,12
DA:5,12
DA:6,12
DA:9,14
DA:10,1
DA:12,13
DA:13,1
DA:17,5
LF:9
LH:9
BRDA:9,0,0,1
BRDA:9,0,1,13
BRDA:9,1,0,14
BRDA:9,1,1,14
BRDA:12,2,0,1
BRDA:12,2,1,12
BRDA:12,3,0,13
BRDA:12,3,1,12
BRF:8
BRH:8
end_of_record
TN:
SF:src\Domains\role\entities\GetRole.js
FN:2,(anonymous_0)
FN:10,(anonymous_1)
FNF:2
FNH:2
FNDA:7,(anonymous_0)
FNDA:7,(anonymous_1)
DA:3,7
DA:4,5
DA:5,5
DA:6,5
DA:7,5
DA:8,5
DA:11,7
DA:12,1
DA:14,6
DA:15,1
DA:19,4
LF:11
LH:11
BRDA:11,0,0,1
BRDA:11,0,1,6
BRDA:11,1,0,7
BRDA:11,1,1,6
BRDA:11,1,2,6
BRDA:11,1,3,6
BRDA:14,2,0,1
BRDA:14,2,1,5
BRDA:14,3,0,6
BRDA:14,3,1,5
BRDA:14,3,2,5
BRDA:14,3,3,5
BRF:12
BRH:12
end_of_record
TN:
SF:src\Domains\users\UserRepository.js
FN:2,(anonymous_0)
FN:6,(anonymous_1)
FN:10,(anonymous_2)
FN:14,(anonymous_3)
FNF:4
FNH:4
FNDA:1,(anonymous_0)
FNDA:1,(anonymous_1)
FNDA:1,(anonymous_2)
FNDA:1,(anonymous_3)
DA:3,1
DA:7,1
DA:11,1
DA:15,1
DA:19,6
LF:5
LH:5
BRF:0
BRH:0
end_of_record
TN:
SF:src\Domains\users\entities\RegisterUser.js
FN:2,(anonymous_0)
FN:15,(anonymous_1)
FN:32,(anonymous_2)
FNF:3
FNH:3
FNDA:17,(anonymous_0)
FNDA:17,(anonymous_1)
FNDA:12,(anonymous_2)
DA:3,17
DA:5,10
DA:7,10
DA:8,10
DA:9,10
DA:10,10
DA:11,10
DA:16,17
DA:17,2
DA:20,15
DA:21,2
DA:24,13
DA:25,1
DA:28,12
DA:29,2
DA:34,12
DA:35,12
DA:39,4
LF:18
LH:18
BRDA:16,0,0,2
BRDA:16,0,1,15
BRDA:16,1,0,17
BRDA:16,1,1,17
BRDA:16,1,2,17
BRDA:16,1,3,15
BRDA:16,1,4,15
BRDA:20,2,0,2
BRDA:20,2,1,13
BRDA:20,3,0,15
BRDA:20,3,1,14
BRDA:20,3,2,14
BRDA:20,3,3,13
BRDA:20,3,4,13
BRDA:24,4,0,1
BRDA:24,4,1,12
BRDA:28,5,0,2
BRDA:28,5,1,10
BRF:18
BRH:18
end_of_record
TN:
SF:src\Domains\users\entities\RegisteredUser.js
FN:2,(anonymous_0)
FN:12,(anonymous_1)
FNF:2
FNH:2
FNDA:11,(anonymous_0)
FNDA:11,(anonymous_1)
DA:3,11
DA:5,9
DA:7,9
DA:8,9
DA:9,9
DA:13,11
DA:14,1
DA:17,10
DA:18,1
DA:23,5
LF:10
LH:10
BRDA:13,0,0,1
BRDA:13,0,1,10
BRDA:13,1,0,11
BRDA:13,1,1,10
BRDA:13,1,2,10
BRDA:17,2,0,1
BRDA:17,2,1,9
BRDA:17,3,0,10
BRDA:17,3,1,9
BRDA:17,3,2,9
BRF:10
BRH:10
end_of_record
TN:
SF:src\Domains\users\entities\UserLogin.js
FN:2,(anonymous_0)
FN:9,(anonymous_1)
FN:26,(anonymous_2)
FNF:3
FNH:3
FNDA:9,(anonymous_0)
FNDA:9,(anonymous_1)
FNDA:6,(anonymous_2)
DA:3,9
DA:4,5
DA:5,5
DA:6,5
DA:10,9
DA:11,1
DA:14,8
DA:15,1
DA:18,7
DA:19,1
DA:22,6
DA:23,1
DA:28,6
DA:29,6
DA:32,4
LF:15
LH:15
BRDA:10,0,0,1
BRDA:10,0,1,8
BRDA:10,1,0,9
BRDA:10,1,1,9
BRDA:14,2,0,1
BRDA:14,2,1,7
BRDA:14,3,0,8
BRDA:14,3,1,7
BRDA:18,4,0,1
BRDA:18,4,1,6
BRDA:22,5,0,1
BRDA:22,5,1,5
BRF:12
BRH:12
end_of_record
TN:
SF:src\Infrastructures\database\mysql\mysql.js
FNF:0
FNH:0
DA:2,7
DA:4,7
DA:6,7
LF:3
LH:3
BRF:0
BRH:0
end_of_record
TN:
SF:src\Infrastructures\http\CreateServer.js
FN:13,(anonymous_0)
FN:19,(anonymous_1)
FN:35,(anonymous_2)
FNF:3
FNH:2
FNDA:10,(anonymous_0)
FNDA:8,(anonymous_1)
FNDA:0,(anonymous_2)
DA:1,2
DA:2,2
DA:3,2
DA:5,2
DA:6,2
DA:7,2
DA:8,2
DA:10,2
DA:11,2
DA:13,2
DA:14,10
DA:17,10
DA:18,10
DA:19,10
DA:20,8
DA:21,8
DA:22,8
DA:23,8
DA:28,0
DA:35,10
DA:36,0
DA:38,0
DA:39,0
DA:45,0
DA:46,0
DA:47,0
DA:48,0
DA:50,0
DA:54,10
DA:55,10
DA:56,10
DA:57,10
DA:58,10
DA:61,10
DA:62,10
DA:64,2
LF:36
LH:27
BRDA:20,0,0,8
BRDA:20,0,1,0
BRDA:22,1,0,8
BRDA:22,1,1,0
BRDA:38,2,0,0
BRDA:38,2,1,0
BRF:6
BRH:2
end_of_record
TN:
SF:src\Infrastructures\repository\AuthenticationRepositoryMysql.js
FN:5,(anonymous_0)
FN:10,(anonymous_1)
FN:16,(anonymous_2)
FN:27,(anonymous_3)
FNF:4
FNH:4
FNDA:7,(anonymous_0)
FNDA:2,(anonymous_1)
FNDA:2,(anonymous_2)
FNDA:1,(anonymous_3)
DA:1,3
DA:2,3
DA:6,7
DA:7,7
DA:11,2
DA:17,2
DA:22,2
DA:23,1
DA:28,1
DA:35,3
LF:10
LH:10
BRDA:22,0,0,1
BRDA:22,0,1,1
BRF:2
BRH:2
end_of_record
TN:
SF:src\Infrastructures\repository\CategoryRepositoryMysql.js
FN:6,(anonymous_0)
FN:11,(anonymous_1)
FN:19,(anonymous_2)
FN:28,(anonymous_3)
FNF:4
FNH:4
FNDA:23,(anonymous_0)
FNDA:9,(anonymous_1)
FNDA:10,(anonymous_2)
FNDA:8,(anonymous_3)
DA:1,3
DA:2,3
DA:3,3
DA:7,23
DA:8,23
DA:12,9
DA:13,9
DA:16,9
DA:20,10
DA:23,10
DA:24,1
DA:29,8
DA:33,8
DA:34,2
DA:39,3
LF:15
LH:15
BRDA:23,0,0,1
BRDA:23,0,1,9
BRDA:33,1,0,2
BRDA:33,1,1,6
BRF:4
BRH:4
end_of_record
TN:
SF:src\Infrastructures\repository\OrganizationRepositoryMysql.js
FN:7,(anonymous_0)
FN:12,(anonymous_1)
FNF:2
FNH:2
FNDA:11,(anonymous_0)
FNDA:5,(anonymous_1)
DA:1,3
DA:2,3
DA:3,3
DA:8,11
DA:9,11
DA:13,5
DA:14,5
DA:17,5
DA:20,3
LF:9
LH:9
BRF:0
BRH:0
end_of_record
TN:
SF:src\Infrastructures\repository\RoleRepositoryMysql.js
FN:7,(anonymous_0)
FN:11,(anonymous_1)
FN:18,(anonymous_2)
FN:28,(anonymous_3)
FN:36,(anonymous_4)
FN:38,(anonymous_5)
FNF:6
FNH:6
FNDA:24,(anonymous_0)
FNDA:9,(anonymous_1)
FNDA:10,(anonymous_2)
FNDA:7,(anonymous_3)
FNDA:1,(anonymous_4)
FNDA:2,(anonymous_5)
DA:1,3
DA:2,3
DA:3,3
DA:4,3
DA:8,24
DA:9,24
DA:12,9
DA:13,9
DA:16,9
DA:19,10
DA:20,10
DA:23,10
DA:24,10
DA:25,1
DA:29,7
DA:32,7
DA:33,2
DA:37,1
DA:38,2
DA:48,3
LF:20
LH:20
BRDA:24,0,0,1
BRDA:24,0,1,9
BRDA:32,1,0,2
BRDA:32,1,1,5
BRF:4
BRH:4
end_of_record
TN:
SF:src\Infrastructures\repository\UserRepositoryMysql.js
FN:7,(anonymous_0)
FN:12,(anonymous_1)
FN:25,(anonymous_2)
FN:36,(anonymous_3)
FN:48,(anonymous_4)
FNF:5
FNH:5
FNDA:21,(anonymous_0)
FNDA:6,(anonymous_1)
FNDA:9,(anonymous_2)
FNDA:5,(anonymous_3)
FNDA:3,(anonymous_4)
DA:1,3
DA:2,3
DA:3,3
DA:4,3
DA:8,21
DA:9,21
DA:13,6
DA:14,6
DA:22,6
DA:26,9
DA:31,9
DA:32,2
DA:37,5
DA:42,5
DA:43,2
DA:45,3
DA:49,3
DA:54,3
DA:55,1
DA:57,2
DA:61,3
LF:21
LH:21
BRDA:31,0,0,2
BRDA:31,0,1,7
BRDA:42,1,0,2
BRDA:42,1,1,3
BRDA:54,2,0,1
BRDA:54,2,1,2
BRF:6
BRH:6
end_of_record
TN:
SF:src\Infrastructures\security\BcryptPasswordHash.js
FN:5,(anonymous_0)
FN:11,(anonymous_1)
FN:15,(anonymous_2)
FNF:3
FNH:3
FNDA:16,(anonymous_0)
FNDA:6,(anonymous_1)
FNDA:4,(anonymous_2)
DA:1,3
DA:2,3
DA:6,16
DA:7,16
DA:8,16
DA:12,6
DA:16,4
DA:18,4
DA:19,2
DA:23,3
LF:10
LH:10
BRDA:5,0,0,3
BRDA:18,1,0,2
BRDA:18,1,1,2
BRF:3
BRH:3
end_of_record
TN:
SF:src\Infrastructures\security\JwtTokenManager.js
FN:5,(anonymous_0)
FN:9,(anonymous_1)
FN:13,(anonymous_2)
FN:17,(anonymous_3)
FN:26,(anonymous_4)
FNF:5
FNH:5
FNDA:8,(anonymous_0)
FNDA:2,(anonymous_1)
FNDA:2,(anonymous_2)
FNDA:2,(anonymous_3)
FNDA:1,(anonymous_4)
DA:1,3
DA:2,3
DA:6,8
DA:10,2
DA:14,2
DA:18,2
DA:19,2
DA:20,1
DA:22,1
DA:27,1
DA:28,1
DA:32,3
LF:12
LH:12
BRF:0
BRH:0
end_of_record
TN:
SF:src\Interfaces\http\api\category\handler.js
FN:6,(anonymous_0)
FN:9,(anonymous_1)
FNF:2
FNH:2
FNDA:2,(anonymous_0)
FNDA:8,(anonymous_1)
DA:1,2
DA:2,2
DA:3,2
DA:7,2
DA:10,8
DA:11,8
DA:12,8
DA:15,8
DA:16,8
DA:21,0
DA:26,2
LF:11
LH:10
BRF:0
BRH:0
end_of_record
TN:
SF:src\Interfaces\http\api\category\index.js
FNF:0
FNH:0
DA:1,2
DA:2,2
DA:3,2
DA:6,2
DA:8,2
DA:10,2
DA:12,2
LF:7
LH:7
BRF:0
BRH:0
end_of_record
TN:
SF:src\Interfaces\http\api\category\routes.js
FN:1,(anonymous_0)
FNF:1
FNH:1
FNDA:2,(anonymous_0)
DA:1,2
DA:2,2
DA:5,2
LF:3
LH:3
BRF:0
BRH:0
end_of_record
TN:
SF:src\Interfaces\http\api\login\handler.js
FN:11,(anonymous_0)
FN:14,(anonymous_1)
FNF:2
FNH:2
FNDA:2,(anonymous_0)
FNDA:3,(anonymous_1)
DA:1,2
DA:2,2
DA:3,2
DA:4,2
DA:5,2
DA:6,2
DA:7,2
DA:8,2
DA:12,2
DA:15,3
DA:16,3
DA:17,3
DA:18,3
DA:19,3
DA:20,3
DA:21,3
DA:27,3
DA:28,1
DA:33,2
DA:37,2
LF:20
LH:20
BRF:0
BRH:0
end_of_record
TN:
SF:src\Interfaces\http\api\login\index.js
FNF:0
FNH:0
DA:1,2
DA:2,2
DA:3,2
DA:6,2
DA:8,2
DA:10,2
DA:12,2
LF:7
LH:7
BRF:0
BRH:0
end_of_record
TN:
SF:src\Interfaces\http\api\login\routes.js
FN:1,(anonymous_0)
FNF:1
FNH:1
FNDA:2,(anonymous_0)
DA:1,2
DA:2,2
DA:5,2
LF:3
LH:3
BRF:0
BRH:0
end_of_record
TN:
SF:src\Interfaces\http\api\role\handler.js
FN:7,(anonymous_0)
FN:10,(anonymous_1)
FNF:2
FNH:2
FNDA:2,(anonymous_0)
FNDA:8,(anonymous_1)
DA:1,2
DA:2,2
DA:3,2
DA:8,2
DA:11,8
DA:13,8
DA:14,8
DA:17,8
DA:18,8
DA:19,8
DA:24,0
DA:28,2
LF:12
LH:11
BRF:0
BRH:0
end_of_record
TN:
SF:src\Interfaces\http\api\role\index.js
FNF:0
FNH:0
DA:1,2
DA:2,2
DA:3,2
DA:6,2
DA:8,2
DA:10,2
DA:12,2
LF:7
LH:7
BRF:0
BRH:0
end_of_record
TN:
SF:src\Interfaces\http\api\role\routes.js
FN:1,(anonymous_0)
FNF:1
FNH:1
FNDA:2,(anonymous_0)
DA:1,2
DA:2,2
DA:5,2
LF:3
LH:3
BRF:0
BRH:0
end_of_record
TN:
SF:src\Interfaces\http\api\users\handler.js
FN:11,(anonymous_0)
FN:16,(anonymous_1)
FNF:2
FNH:2
FNDA:2,(anonymous_0)
FNDA:10,(anonymous_1)
DA:1,2
DA:2,2
DA:3,2
DA:4,2
DA:5,2
DA:6,2
DA:7,2
DA:8,2
DA:13,2
DA:18,10
DA:19,10
DA:20,10
DA:21,10
DA:22,10
DA:23,10
DA:24,10
DA:31,10
DA:32,4
DA:39,6
DA:44,2
LF:20
LH:20
BRF:0
BRH:0
end_of_record
TN:
SF:src\Interfaces\http\api\users\index.js
FNF:0
FNH:0
DA:1,2
DA:2,2
DA:3,2
DA:7,2
DA:9,2
DA:11,2
DA:13,2
LF:7
LH:7
BRF:0
BRH:0
end_of_record
TN:
SF:src\Interfaces\http\api\users\routes.js
FN:1,(anonymous_0)
FNF:1
FNH:1
FNDA:2,(anonymous_0)
DA:1,2
DA:2,2
DA:5,2
LF:3
LH:3
BRF:0
BRH:0
end_of_record
TN:
SF:src\lib\AuthenticationTableHelper.js
FN:6,(anonymous_0)
FN:9,(anonymous_1)
FN:14,(anonymous_2)
FN:22,(anonymous_3)
FNF:4
FNH:3
FNDA:11,(anonymous_0)
FNDA:2,(anonymous_1)
FNDA:2,(anonymous_2)
FNDA:0,(anonymous_3)
DA:3,2
DA:5,2
DA:7,11
DA:10,2
DA:15,2
DA:20,2
DA:23,0
DA:30,2
LF:8
LH:7
BRF:0
BRH:0
end_of_record
TN:
SF:src\lib\CategoryTableHelper.js
FN:5,(anonymous_0)
FN:8,(anonymous_1)
FNF:2
FNH:2
FNDA:22,(anonymous_0)
FNDA:3,(anonymous_1)
DA:2,4
DA:4,4
DA:6,22
DA:9,3
DA:17,4
LF:5
LH:5
BRF:0
BRH:0
end_of_record
TN:
SF:src\lib\OrganizationTableHelper.js
FN:5,(anonymous_0)
FNF:1
FNH:1
FNDA:12,(anonymous_0)
DA:2,3
DA:4,3
DA:6,12
DA:17,3
LF:4
LH:4
BRF:0
BRH:0
end_of_record
TN:
SF:src\lib\RoleTableHelper.js
FN:5,(anonymous_0)
FN:8,(anonymous_1)
FN:22,(anonymous_2)
FNF:3
FNH:3
FNDA:24,(anonymous_0)
FNDA:3,(anonymous_1)
FNDA:1,(anonymous_2)
DA:2,4
DA:4,4
DA:6,24
DA:9,3
DA:23,1
DA:31,4
LF:6
LH:6
BRF:0
BRH:0
end_of_record
TN:
SF:src\lib\UserTableHelper.js
FN:5,(anonymous_0)
FN:9,(anonymous_1)
FN:16,(anonymous_2)
FN:24,(anonymous_3)
FNF:4
FNH:4
FNDA:20,(anonymous_0)
FNDA:1,(anonymous_1)
FNDA:8,(anonymous_2)
FNDA:4,(anonymous_3)
DA:1,4
DA:2,4
DA:4,4
DA:6,20
DA:7,20
DA:10,1
DA:17,8
DA:25,4
DA:36,4
LF:9
LH:9
BRDA:24,0,0,2
BRDA:24,1,0,1
BRDA:24,2,0,2
BRDA:24,3,0,4
BRDA:24,4,0,3
BRF:5
BRH:5
end_of_record
